8.0094 	WARNING 	User requested fullscreen with size [1280  720], but screen is actually [1920, 1080]. Using actual size
9.6995 	EXP 	Created window1 = Window(allowGUI=True, allowStencil=False, autoLog=True, backendConf=UNKNOWN, backgroundFit=<method-wrapper '__getattribute__' of attributeSetter object at 0x000001EEB0C81D00>, backgroundImage=<method-wrapper '__getattribute__' of attributeSetter object at 0x000001EEB0C81CA0>, bitsMode=UNKNOWN, blendMode='avg', bpc=(8, 8, 8), color=array([0, 0, 0]), colorSpace='rgb', depthBits=8, fullscr=<method-wrapper '__getattribute__' of attributeSetter object at 0x000001EEB0C81AC0>, gamma=None, gammaErrorPolicy='raise', lms=UNKNOWN, monitor=<psychopy.monitors.calibTools.Monitor object at 0x000001EEB0F94AC0>, multiSample=False, name='window1', numSamples=2, pos=(0, 0), screen=0, size=array([1920, 1080]), stencilBits=0, stereo=False, title='PsychoPy', units='norm', useFBO=True, useRetina=False, viewOri=0.0, viewPos=None, viewScale=None, waitBlanking=True, winType='pyglet')
9.6996 	EXP 	window1: mouseVisible = True
9.6996 	EXP 	window1: backgroundImage = ''
9.6996 	EXP 	window1: backgroundFit = 'none'
9.7013 	EXP 	window1: Attempting to measure frame rate of screen (0) ...
9.7013 	EXP 	window1: recordFrameIntervals = False
9.8657 	EXP 	window1: recordFrameIntervals = True
10.0489 	EXP 	Screen (0) actual frame rate measured at 60.18Hz
10.0489 	EXP 	window1: recordFrameIntervals = False
10.0491 	EXP 	window1: mouseVisible = True
12.9147 	EXP 	bart: status = STARTED
12.9150 	EXP 	window1: mouseVisible = True
12.9185 	EXP 	Created balloon = ShapeStim(__class__=<class 'psychopy.visual.shape.ShapeStim'>, anchor=('center', 'bottom'), autoDraw=False, autoLog=True, closeShape=True, color=method-wrapper(...), colorSpace='rgb', contrast=None, depth=-1.0, draggable=False, fillColor=array([-1., -1.,  1.]), fillColorSpace='rgb', fillRGB=array([-1., -1.,  1.]), interpolate=True, lineColor=array([0., 0., 0.]), lineColorSpace='rgb', lineRGB=array([0., 0., 0.]), lineWidth=1.0, name='balloon', opacity=1.0, ori=0.0, pos=array([ 0. , -0.9]), size=array([1., 1.]), units='norm', vertices=ndarray(...), win=Window(...), windingRule=None)
12.9187 	EXP 	window1: mouseVisible = True
12.9935 	EXP 	Created pump = TextStim(__class__=<class 'psychopy.visual.text.TextStim'>, alignHoriz=method-wrapper(...), alignText='center', alignVert=method-wrapper(...), anchorHoriz='center', anchorVert='center', antialias=True, autoDraw=False, autoLog=True, bold=False, color=array([1., 1., 1.]), colorSpace='rgb', contrast=1.0, depth=-2.0, draggable=False, flipHoriz=False, flipVert=False, font='Open Sans', fontFiles=[], height=0.05, italic=False, languageStyle='LTR', name='pump', opacity=1.0, ori=0.0, pos=array([ 0.7, -0.9]), rgb=UNKNOWN, text='press "L" to PUMP', units='norm', win=Window(...), wrapWidth=1)
12.9936 	EXP 	window1: mouseVisible = True
13.0048 	EXP 	Created bank = TextStim(__class__=<class 'psychopy.visual.text.TextStim'>, alignHoriz=method-wrapper(...), alignText='center', alignVert=method-wrapper(...), anchorHoriz='center', anchorVert='center', antialias=True, autoDraw=False, autoLog=True, bold=False, color=array([1., 1., 1.]), colorSpace='rgb', contrast=1.0, depth=-3.0, draggable=False, flipHoriz=False, flipVert=False, font='Open Sans', fontFiles=[], height=0.05, italic=False, languageStyle='LTR', name='bank', opacity=1.0, ori=0.0, pos=array([-0.7, -0.9]), rgb=UNKNOWN, text='press "A" to BANK', units='norm', win=Window(...), wrapWidth=1)
13.0050 	EXP 	window1: mouseVisible = True
13.0077 	EXP 	Created debug = TextStim(__class__=<class 'psychopy.visual.text.TextStim'>, alignHoriz=method-wrapper(...), alignText='center', alignVert=method-wrapper(...), anchorHoriz='center', anchorVert='center', antialias=True, autoDraw=False, autoLog=True, bold=False, color=array([1., 1., 1.]), colorSpace='rgb', contrast=1.0, depth=-4.0, draggable=False, flipHoriz=False, flipVert=False, font='Open Sans', fontFiles=[], height=0.05, italic=False, languageStyle='LTR', name='debug', opacity=1.0, ori=0.0, pos=array([0., 0.]), rgb=UNKNOWN, text='', units='norm', win=Window(...), wrapWidth=1)
0.0034 	EXP 	Created sequence: sequential, trialTypes=1, nReps=10, seed=None
0.0037 	EXP 	New trial (rep=0, index=0): None
0.0167 	EXP 	balloon: autoDraw = True
0.0167 	EXP 	pump: autoDraw = True
0.0167 	EXP 	bank: autoDraw = True
0.0167 	EXP 	debug: autoDraw = True
1.8550 	DATA 	Keypress: l
2.8207 	DATA 	Keypress: l
4.0031 	DATA 	Keypress: l
4.1674 	EXP 	window1: mouseVisible = True
