8.2732 	WARNING 	User requested fullscreen with size [1280  720], but screen is actually [1920, 1080]. Using actual size
9.8544 	EXP 	Created window1 = Window(allowGUI=True, allowStencil=False, autoLog=True, backendConf=UNKNOWN, backgroundFit=<method-wrapper '__getattribute__' of attributeSetter object at 0x000001F35E4E1CA0>, backgroundImage=<method-wrapper '__getattribute__' of attributeSetter object at 0x000001F35E4E1C40>, bitsMode=UNKNOWN, blendMode='avg', bpc=(8, 8, 8), color=array([0, 0, 0]), colorSpace='rgb', depthBits=8, fullscr=<method-wrapper '__getattribute__' of attributeSetter object at 0x000001F35E4E1A90>, gamma=None, gammaErrorPolicy='raise', lms=UNKNOWN, monitor=<psychopy.monitors.calibTools.Monitor object at 0x000001F35E811610>, multiSample=False, name='window1', numSamples=2, pos=(0, 0), screen=0, size=array([1920, 1080]), stencilBits=0, stereo=False, title='PsychoPy', units='deg', useFBO=True, useRetina=False, viewOri=0.0, viewPos=None, viewScale=None, waitBlanking=True, winType='pyglet')
9.8545 	EXP 	window1: mouseVisible = True
9.8545 	EXP 	window1: backgroundImage = ''
9.8545 	EXP 	window1: backgroundFit = 'none'
9.8574 	EXP 	window1: Attempting to measure frame rate of screen (0) ...
9.8574 	EXP 	window1: recordFrameIntervals = False
10.0212 	EXP 	window1: recordFrameIntervals = True
10.2050 	EXP 	Screen (0) actual frame rate measured at 59.98Hz
10.2050 	EXP 	window1: recordFrameIntervals = False
10.2051 	EXP 	window1: mouseVisible = True
12.8703 	EXP 	bart: status = STARTED
12.8705 	EXP 	window1: mouseVisible = True
12.8738 	EXP 	Created balloon = ShapeStim(__class__=<class 'psychopy.visual.shape.ShapeStim'>, anchor=('center', 'center'), autoDraw=False, autoLog=True, closeShape=True, color=method-wrapper(...), colorSpace='rgb', contrast=None, depth=0.0, draggable=False, fillColor=array([-1., -1.,  1.]), fillColorSpace='rgb', fillRGB=array([-1., -1.,  1.]), interpolate=True, lineColor=array([0., 0., 0.]), lineColorSpace='rgb', lineRGB=array([0., 0., 0.]), lineWidth=1.0, name='balloon', opacity=1.0, ori=0.0, pos=array([0., 0.]), size=array([1., 1.]), units='deg', vertices=ndarray(...), win=Window(...), windingRule=None)
12.8741 	EXP 	window1: mouseVisible = True
13.8204 	EXP 	Created pump = TextStim(__class__=<class 'psychopy.visual.text.TextStim'>, alignHoriz=method-wrapper(...), alignText='center', alignVert=method-wrapper(...), anchorHoriz='center', anchorVert='center', antialias=True, autoDraw=False, autoLog=True, bold=False, color=array([1., 1., 1.]), colorSpace='rgb', contrast=1.0, depth=-1.0, draggable=False, flipHoriz=False, flipVert=False, font='Open Sans', fontFiles=[], height=2.0, italic=False, languageStyle='LTR', name='pump', opacity=1.0, ori=0.0, pos=array([ 0., -1.]), rgb=UNKNOWN, text='pump', units='norm', win=Window(...), wrapWidth=1)
13.8206 	EXP 	window1: mouseVisible = True
13.8476 	EXP 	Created bank = TextStim(__class__=<class 'psychopy.visual.text.TextStim'>, alignHoriz=method-wrapper(...), alignText='center', alignVert=method-wrapper(...), anchorHoriz='center', anchorVert='center', antialias=True, autoDraw=False, autoLog=True, bold=False, color=array([1., 1., 1.]), colorSpace='rgb', contrast=1.0, depth=-2.0, draggable=False, flipHoriz=False, flipVert=False, font='Open Sans', fontFiles=[], height=0.05, italic=False, languageStyle='LTR', name='bank', opacity=1.0, ori=0.0, pos=array([0., 0.]), rgb=UNKNOWN, text='bank', units='deg', win=Window(...), wrapWidth=15.0)
13.8477 	EXP 	window1: mouseVisible = True
0.0118 	EXP 	balloon: autoDraw = True
0.0118 	EXP 	pump: autoDraw = True
0.0118 	EXP 	bank: autoDraw = True
3.3230 	DATA 	Mouse: wheel shift=(0,1), pos=(960,541)
3.3397 	DATA 	Mouse: wheel shift=(0,1), pos=(960,541)
3.3898 	DATA 	Mouse: wheel shift=(0,1), pos=(960,539)
5.4277 	DATA 	Mouse: Left button down, pos=(1424,559)
5.4426 	EXP 	balloon: autoDraw = False
5.4426 	EXP 	pump: autoDraw = False
5.4426 	EXP 	bank: autoDraw = False
5.4427 	EXP 	bart: status = STOPPED
5.5297 	DATA 	Mouse:  Left button up, pos=(1424,559)
5.6934 	EXP 	window1: mouseVisible = True
