7.9327 	WARNING 	User requested fullscreen with size [1280  720], but screen is actually [1920, 1080]. Using actual size
9.5657 	EXP 	Created window1 = Window(allowGUI=True, allowStencil=False, autoLog=True, backendConf=UNKNOWN, backgroundFit=<method-wrapper '__getattribute__' of attributeSetter object at 0x000001F43BF11C70>, backgroundImage=<method-wrapper '__getattribute__' of attributeSetter object at 0x000001F43BF11C10>, bitsMode=UNKNOWN, blendMode='avg', bpc=(8, 8, 8), color=array([0, 0, 0]), colorSpace='rgb', depthBits=8, fullscr=<method-wrapper '__getattribute__' of attributeSetter object at 0x000001F43BF11A30>, gamma=None, gammaErrorPolicy='raise', lms=UNKNOWN, monitor=<psychopy.monitors.calibTools.Monitor object at 0x000001F43C207A90>, multiSample=False, name='window1', numSamples=2, pos=(0, 0), screen=0, size=array([1920, 1080]), stencilBits=0, stereo=False, title='PsychoPy', units='norm', useFBO=True, useRetina=False, viewOri=0.0, viewPos=None, viewScale=None, waitBlanking=True, winType='pyglet')
9.5659 	EXP 	window1: mouseVisible = True
9.5660 	EXP 	window1: backgroundImage = ''
9.5660 	EXP 	window1: backgroundFit = 'none'
9.5703 	EXP 	window1: Attempting to measure frame rate of screen (0) ...
9.5703 	EXP 	window1: recordFrameIntervals = False
9.7316 	EXP 	window1: recordFrameIntervals = True
9.9151 	EXP 	Screen (0) actual frame rate measured at 59.98Hz
9.9151 	EXP 	window1: recordFrameIntervals = False
9.9151 	EXP 	window1: mouseVisible = True
12.7758 	EXP 	bart: status = STARTED
12.7760 	EXP 	window1: mouseVisible = True
12.7811 	EXP 	Created balloon = ShapeStim(__class__=<class 'psychopy.visual.shape.ShapeStim'>, anchor=('center', 'bottom'), autoDraw=False, autoLog=True, closeShape=True, color=method-wrapper(...), colorSpace='rgb', contrast=None, depth=-1.0, draggable=False, fillColor=array([-1., -1.,  1.]), fillColorSpace='rgb', fillRGB=array([-1., -1.,  1.]), interpolate=True, lineColor=array([0., 0., 0.]), lineColorSpace='rgb', lineRGB=array([0., 0., 0.]), lineWidth=1.0, name='balloon', opacity=1.0, ori=0.0, pos=array([ 0. , -0.9]), size=array([1., 1.]), units='norm', vertices=ndarray(...), win=Window(...), windingRule=None)
12.7815 	EXP 	window1: mouseVisible = True
12.8574 	EXP 	Created pump = TextStim(__class__=<class 'psychopy.visual.text.TextStim'>, alignHoriz=method-wrapper(...), alignText='center', alignVert=method-wrapper(...), anchorHoriz='center', anchorVert='center', antialias=True, autoDraw=False, autoLog=True, bold=False, color=array([1., 1., 1.]), colorSpace='rgb', contrast=1.0, depth=-2.0, draggable=False, flipHoriz=False, flipVert=False, font='Open Sans', fontFiles=[], height=0.05, italic=False, languageStyle='LTR', name='pump', opacity=1.0, ori=0.0, pos=array([ 0.7, -0.9]), rgb=UNKNOWN, text='press "L" to PUMP', units='norm', win=Window(...), wrapWidth=1)
12.8575 	EXP 	window1: mouseVisible = True
12.8666 	EXP 	Created bank = TextStim(__class__=<class 'psychopy.visual.text.TextStim'>, alignHoriz=method-wrapper(...), alignText='center', alignVert=method-wrapper(...), anchorHoriz='center', anchorVert='center', antialias=True, autoDraw=False, autoLog=True, bold=False, color=array([1., 1., 1.]), colorSpace='rgb', contrast=1.0, depth=-3.0, draggable=False, flipHoriz=False, flipVert=False, font='Open Sans', fontFiles=[], height=0.05, italic=False, languageStyle='LTR', name='bank', opacity=1.0, ori=0.0, pos=array([-0.7, -0.9]), rgb=UNKNOWN, text='press "A" to BANK', units='norm', win=Window(...), wrapWidth=1)
12.8667 	EXP 	window1: mouseVisible = True
12.8680 	EXP 	Created debug = TextStim(__class__=<class 'psychopy.visual.text.TextStim'>, alignHoriz=method-wrapper(...), alignText='center', alignVert=method-wrapper(...), anchorHoriz='center', anchorVert='center', antialias=True, autoDraw=False, autoLog=True, bold=False, color=array([1., 1., 1.]), colorSpace='rgb', contrast=1.0, depth=-4.0, draggable=False, flipHoriz=False, flipVert=False, font='Open Sans', fontFiles=[], height=0.05, italic=False, languageStyle='LTR', name='debug', opacity=1.0, ori=0.0, pos=array([0., 0.]), rgb=UNKNOWN, text='', units='norm', win=Window(...), wrapWidth=1)
12.8682 	EXP 	window1: mouseVisible = True
12.8726 	EXP 	Created feedbackFinal = TextStim(__class__=<class 'psychopy.visual.text.TextStim'>, alignHoriz=method-wrapper(...), alignText='center', alignVert=method-wrapper(...), anchorHoriz='center', anchorVert='center', antialias=True, autoDraw=False, autoLog=True, bold=False, color=array([1., 1., 1.]), colorSpace='rgb', contrast=1.0, depth=0.0, draggable=False, flipHoriz=False, flipVert=False, font='Open Sans', fontFiles=[], height=0.05, italic=False, languageStyle='LTR', name='feedbackFinal', opacity=1.0, ori=0.0, pos=array([0., 0.]), rgb=UNKNOWN, text='0', units='norm', win=Window(...), wrapWidth=1)
0.0035 	EXP 	Created sequence: sequential, trialTypes=1, nReps=5, seed=None
0.0038 	EXP 	New trial (rep=0, index=0): None
0.0155 	EXP 	balloon: autoDraw = True
0.0155 	EXP 	pump: autoDraw = True
0.0155 	EXP 	bank: autoDraw = True
0.0155 	EXP 	debug: autoDraw = True
3.0561 	DATA 	Keypress: a
3.2918 	DATA 	Keypress: a
3.6212 	DATA 	Keypress: l
4.1877 	DATA 	Keypress: a
4.1894 	EXP 	New trial (rep=1, index=0): None
4.2027 	EXP 	balloon: autoDraw = False
4.2027 	EXP 	pump: autoDraw = False
4.2027 	EXP 	bank: autoDraw = False
4.2027 	EXP 	debug: autoDraw = False
4.2027 	EXP 	balloon: autoDraw = True
4.2027 	EXP 	pump: autoDraw = True
4.2027 	EXP 	bank: autoDraw = True
4.2027 	EXP 	debug: autoDraw = True
4.9564 	DATA 	Keypress: l
5.3030 	DATA 	Keypress: a
5.3043 	EXP 	New trial (rep=2, index=0): None
5.3185 	EXP 	balloon: autoDraw = False
5.3185 	EXP 	pump: autoDraw = False
5.3185 	EXP 	bank: autoDraw = False
5.3185 	EXP 	debug: autoDraw = False
5.3185 	EXP 	balloon: autoDraw = True
5.3185 	EXP 	pump: autoDraw = True
5.3185 	EXP 	bank: autoDraw = True
5.3185 	EXP 	debug: autoDraw = True
5.9026 	DATA 	Keypress: l
6.2524 	DATA 	Keypress: a
6.2537 	EXP 	New trial (rep=3, index=0): None
6.2680 	EXP 	balloon: autoDraw = False
6.2680 	EXP 	pump: autoDraw = False
6.2680 	EXP 	bank: autoDraw = False
6.2680 	EXP 	debug: autoDraw = False
6.2680 	EXP 	balloon: autoDraw = True
6.2680 	EXP 	pump: autoDraw = True
6.2680 	EXP 	bank: autoDraw = True
6.2680 	EXP 	debug: autoDraw = True
6.7881 	DATA 	Keypress: l
7.0848 	DATA 	Keypress: a
7.0861 	EXP 	New trial (rep=4, index=0): None
7.1007 	EXP 	balloon: autoDraw = False
7.1007 	EXP 	pump: autoDraw = False
7.1007 	EXP 	bank: autoDraw = False
7.1007 	EXP 	debug: autoDraw = False
7.1007 	EXP 	balloon: autoDraw = True
7.1007 	EXP 	pump: autoDraw = True
7.1007 	EXP 	bank: autoDraw = True
7.1007 	EXP 	debug: autoDraw = True
7.5846 	DATA 	Keypress: l
7.7843 	DATA 	Keypress: l
7.9849 	DATA 	Keypress: l
8.1557 	DATA 	Keypress: l
8.8537 	DATA 	Keypress: a
8.8821 	EXP 	balloon: autoDraw = False
8.8821 	EXP 	pump: autoDraw = False
8.8821 	EXP 	bank: autoDraw = False
8.8821 	EXP 	debug: autoDraw = False
8.8821 	EXP 	feedbackFinal: autoDraw = True
12.8972 	DATA 	Keypress: space
12.9123 	EXP 	feedbackFinal: autoDraw = False
12.9124 	EXP 	bart: status = STOPPED
13.3714 	EXP 	window1: mouseVisible = True
