7.8041 	WARNING 	User requested fullscreen with size [1280  720], but screen is actually [1920, 1080]. Using actual size
9.3470 	EXP 	Created window1 = Window(allowGUI=True, allowStencil=False, autoLog=True, backendConf=UNKNOWN, backgroundFit=<method-wrapper '__getattribute__' of attributeSetter object at 0x0000020AEABD0CA0>, backgroundImage=<method-wrapper '__getattribute__' of attributeSetter object at 0x0000020AEABD0C40>, bitsMode=UNKNOWN, blendMode='avg', bpc=(8, 8, 8), color=array([0, 0, 0]), colorSpace='rgb', depthBits=8, fullscr=<method-wrapper '__getattribute__' of attributeSetter object at 0x0000020AEABD0AC0>, gamma=None, gammaErrorPolicy='raise', lms=UNKNOWN, monitor=<psychopy.monitors.calibTools.Monitor object at 0x0000020AEAE22700>, multiSample=False, name='window1', numSamples=2, pos=(0, 0), screen=0, size=array([1920, 1080]), stencilBits=0, stereo=False, title='PsychoPy', units='norm', useFBO=True, useRetina=False, viewOri=0.0, viewPos=None, viewScale=None, waitBlanking=True, winType='pyglet')
9.3471 	EXP 	window1: mouseVisible = True
9.3471 	EXP 	window1: backgroundImage = ''
9.3471 	EXP 	window1: backgroundFit = 'none'
9.3495 	EXP 	window1: Attempting to measure frame rate of screen (0) ...
9.3495 	EXP 	window1: recordFrameIntervals = False
9.5139 	EXP 	window1: recordFrameIntervals = True
9.6977 	EXP 	Screen (0) actual frame rate measured at 59.90Hz
9.6978 	EXP 	window1: recordFrameIntervals = False
9.6979 	EXP 	window1: mouseVisible = True
12.3701 	EXP 	bart: status = STARTED
12.3703 	EXP 	window1: mouseVisible = True
12.3738 	EXP 	Created polygon = ShapeStim(__class__=<class 'psychopy.visual.shape.ShapeStim'>, anchor=('center', 'center'), autoDraw=False, autoLog=True, closeShape=True, color=method-wrapper(...), colorSpace='rgb', contrast=None, depth=0.0, draggable=False, fillColor=array([-1., -1.,  1.]), fillColorSpace='rgb', fillRGB=array([-1., -1.,  1.]), interpolate=True, lineColor=array([0., 0., 0.]), lineColorSpace='rgb', lineRGB=array([0., 0., 0.]), lineWidth=1.0, name='polygon', opacity=1.0, ori=0.0, pos=array([0., 0.]), size=array([1., 1.]), units='norm', vertices=ndarray(...), win=Window(...), windingRule=None)
0.0078 	EXP 	polygon: autoDraw = True
3.1056 	DATA 	Keypress: escape
3.2373 	EXP 	bart: status = STOPPED
3.2525 	EXP 	polygon: autoDraw = False
3.2526 	EXP 	bart: status = STOPPED
3.4771 	EXP 	window1: mouseVisible = True
