7.4369 	WARNING 	User requested fullscreen with size [1280  720], but screen is actually [1920, 1080]. Using actual size
9.0366 	EXP 	Created window1 = Window(allowGUI=True, allowStencil=False, autoLog=True, backendConf=UNKNOWN, backgroundFit=<method-wrapper '__getattribute__' of attributeSetter object at 0x0000024D423E1CD0>, backgroundImage=<method-wrapper '__getattribute__' of attributeSetter object at 0x0000024D423E1C70>, bitsMode=UNKNOWN, blendMode='avg', bpc=(8, 8, 8), color=array([0, 0, 0]), colorSpace='rgb', depthBits=8, fullscr=<method-wrapper '__getattribute__' of attributeSetter object at 0x0000024D423E1AF0>, gamma=None, gammaErrorPolicy='raise', lms=UNKNOWN, monitor=<psychopy.monitors.calibTools.Monitor object at 0x0000024D426C4790>, multiSample=False, name='window1', numSamples=2, pos=(0, 0), screen=0, size=array([1920, 1080]), stencilBits=0, stereo=False, title='PsychoPy', units='deg', useFBO=True, useRetina=False, viewOri=0.0, viewPos=None, viewScale=None, waitBlanking=True, winType='pyglet')
9.0368 	EXP 	window1: mouseVisible = True
9.0368 	EXP 	window1: backgroundImage = ''
9.0368 	EXP 	window1: backgroundFit = 'none'
9.0407 	EXP 	window1: Attempting to measure frame rate of screen (0) ...
9.0407 	EXP 	window1: recordFrameIntervals = False
9.2029 	EXP 	window1: recordFrameIntervals = True
9.3872 	EXP 	Screen (0) actual frame rate measured at 59.83Hz
9.3873 	EXP 	window1: recordFrameIntervals = False
9.3874 	EXP 	window1: mouseVisible = True
12.1643 	EXP 	bart: status = STARTED
12.1647 	EXP 	window1: mouseVisible = True
12.1680 	EXP 	Created balloon = ShapeStim(__class__=<class 'psychopy.visual.shape.ShapeStim'>, anchor=('center', 'center'), autoDraw=False, autoLog=True, closeShape=True, color=method-wrapper(...), colorSpace='rgb', contrast=None, depth=0.0, draggable=False, fillColor=array([-1., -1.,  1.]), fillColorSpace='rgb', fillRGB=array([-1., -1.,  1.]), interpolate=True, lineColor=array([0., 0., 0.]), lineColorSpace='rgb', lineRGB=array([0., 0., 0.]), lineWidth=1.0, name='balloon', opacity=1.0, ori=0.0, pos=array([0., 0.]), size=array([1., 1.]), units='deg', vertices=ndarray(...), win=Window(...), windingRule=None)
12.1683 	EXP 	window1: mouseVisible = True
12.2388 	EXP 	Created pump = TextStim(__class__=<class 'psychopy.visual.text.TextStim'>, alignHoriz=method-wrapper(...), alignText='center', alignVert=method-wrapper(...), anchorHoriz='center', anchorVert='center', antialias=True, autoDraw=False, autoLog=True, bold=False, color=array([1., 1., 1.]), colorSpace='rgb', contrast=1.0, depth=-1.0, draggable=False, flipHoriz=False, flipVert=False, font='Open Sans', fontFiles=[], height=0.1, italic=False, languageStyle='LTR', name='pump', opacity=1.0, ori=0.0, pos=array([ 0., -4.]), rgb=UNKNOWN, text='PUMP', units='deg', win=Window(...), wrapWidth=15.0)
12.2390 	EXP 	window1: mouseVisible = True
12.2500 	EXP 	Created bank = TextStim(__class__=<class 'psychopy.visual.text.TextStim'>, alignHoriz=method-wrapper(...), alignText='center', alignVert=method-wrapper(...), anchorHoriz='center', anchorVert='center', antialias=True, autoDraw=False, autoLog=True, bold=False, color=array([1., 1., 1.]), colorSpace='rgb', contrast=1.0, depth=-2.0, draggable=False, flipHoriz=False, flipVert=False, font='Open Sans', fontFiles=[], height=0.2, italic=False, languageStyle='LTR', name='bank', opacity=1.0, ori=0.0, pos=array([-0.5, -2. ]), rgb=UNKNOWN, text='BANK', units='deg', win=Window(...), wrapWidth=15.0)
12.2501 	EXP 	window1: mouseVisible = True
0.0093 	EXP 	balloon: autoDraw = True
0.0093 	EXP 	pump: autoDraw = True
0.0093 	EXP 	bank: autoDraw = True
2.3981 	DATA 	Mouse: Left button down, pos=(1405,693)
2.4984 	DATA 	Mouse:  Left button up, pos=(1405,693)
2.8323 	DATA 	Mouse: Left button down, pos=(457,733)
2.9324 	DATA 	Mouse:  Left button up, pos=(457,733)
3.2165 	DATA 	Mouse: Left button down, pos=(445,457)
3.3335 	DATA 	Mouse:  Left button up, pos=(445,457)
3.6173 	DATA 	Mouse: Left button down, pos=(893,773)
3.7177 	DATA 	Mouse:  Left button up, pos=(893,773)
4.4025 	DATA 	Mouse: Left button down, pos=(769,472)
4.5027 	DATA 	Mouse:  Left button up, pos=(769,472)
4.8869 	DATA 	Mouse: Left button down, pos=(820,392)
4.9894 	DATA 	Mouse:  Left button up, pos=(820,391)
5.3209 	DATA 	Mouse: Left button down, pos=(896,308)
5.4048 	DATA 	Mouse:  Left button up, pos=(896,308)
5.6548 	DATA 	Mouse: Left button down, pos=(1090,334)
5.7551 	DATA 	Mouse:  Left button up, pos=(1091,334)
5.9556 	DATA 	Mouse: Left button down, pos=(1065,423)
6.0393 	DATA 	Mouse:  Left button up, pos=(1063,425)
6.2563 	DATA 	Mouse: Left button down, pos=(981,442)
6.3401 	DATA 	Mouse:  Left button up, pos=(981,443)
6.5580 	DATA 	Mouse: Left button down, pos=(982,480)
6.6598 	DATA 	Mouse:  Left button up, pos=(982,480)
7.0415 	DATA 	Mouse: Left button down, pos=(865,478)
7.1421 	DATA 	Mouse:  Left button up, pos=(865,478)
7.4616 	DATA 	Mouse: Left button down, pos=(914,402)
7.5926 	DATA 	Mouse:  Left button up, pos=(916,402)
7.8765 	DATA 	Mouse: Left button down, pos=(968,379)
7.9767 	DATA 	Mouse:  Left button up, pos=(968,379)
8.1937 	DATA 	Mouse: Left button down, pos=(976,412)
8.2940 	DATA 	Mouse:  Left button up, pos=(977,413)
8.7285 	DATA 	Mouse: Left button down, pos=(944,474)
8.7445 	EXP 	balloon: autoDraw = False
8.7445 	EXP 	pump: autoDraw = False
8.7445 	EXP 	bank: autoDraw = False
8.7446 	EXP 	bart: status = STOPPED
8.8326 	DATA 	Mouse:  Left button up, pos=(944,474)
8.9632 	EXP 	window1: mouseVisible = True
