8.7211 	WARNING 	User requested fullscreen with size [1280  720], but screen is actually [1920, 1080]. Using actual size
10.3813 	EXP 	Created window1 = Window(allowGUI=True, allowStencil=False, autoLog=True, backendConf=UNKNOWN, backgroundFit=<method-wrapper '__getattribute__' of attributeSetter object at 0x000001DBFB146CD0>, backgroundImage=<method-wrapper '__getattribute__' of attributeSetter object at 0x000001DBFB146C70>, bitsMode=UNKNOWN, blendMode='avg', bpc=(8, 8, 8), color=array([0, 0, 0]), colorSpace='rgb', depthBits=8, fullscr=<method-wrapper '__getattribute__' of attributeSetter object at 0x000001DBFB146AF0>, gamma=None, gammaErrorPolicy='raise', lms=UNKNOWN, monitor=<psychopy.monitors.calibTools.Monitor object at 0x000001DBFB2DA700>, multiSample=False, name='window1', numSamples=2, pos=(0, 0), screen=0, size=array([1920, 1080]), stencilBits=0, stereo=False, title='PsychoPy', units='norm', useFBO=True, useRetina=False, viewOri=0.0, viewPos=None, viewScale=None, waitBlanking=True, winType='pyglet')
10.3814 	EXP 	window1: mouseVisible = True
10.3814 	EXP 	window1: backgroundImage = ''
10.3814 	EXP 	window1: backgroundFit = 'none'
10.3859 	EXP 	window1: Attempting to measure frame rate of screen (0) ...
10.3859 	EXP 	window1: recordFrameIntervals = False
10.5472 	EXP 	window1: recordFrameIntervals = True
10.7307 	EXP 	Screen (0) actual frame rate measured at 59.99Hz
10.7307 	EXP 	window1: recordFrameIntervals = False
10.7308 	EXP 	window1: mouseVisible = True
13.5909 	EXP 	bart: status = STARTED
13.5912 	EXP 	window1: mouseVisible = True
13.5959 	EXP 	Created balloon = ShapeStim(__class__=<class 'psychopy.visual.shape.ShapeStim'>, anchor=('center', 'bottom'), autoDraw=False, autoLog=True, closeShape=True, color=method-wrapper(...), colorSpace='rgb', contrast=None, depth=-1.0, draggable=False, fillColor=array([-1., -1.,  1.]), fillColorSpace='rgb', fillRGB=array([-1., -1.,  1.]), interpolate=True, lineColor=array([0., 0., 0.]), lineColorSpace='rgb', lineRGB=array([0., 0., 0.]), lineWidth=1.0, name='balloon', opacity=1.0, ori=0.0, pos=array([ 0. , -0.9]), size=array([1., 1.]), units='norm', vertices=ndarray(...), win=Window(...), windingRule=None)
13.5962 	EXP 	window1: mouseVisible = True
13.6703 	EXP 	Created pump = TextStim(__class__=<class 'psychopy.visual.text.TextStim'>, alignHoriz=method-wrapper(...), alignText='center', alignVert=method-wrapper(...), anchorHoriz='center', anchorVert='center', antialias=True, autoDraw=False, autoLog=True, bold=False, color=array([1., 1., 1.]), colorSpace='rgb', contrast=1.0, depth=-2.0, draggable=False, flipHoriz=False, flipVert=False, font='Open Sans', fontFiles=[], height=0.05, italic=False, languageStyle='LTR', name='pump', opacity=1.0, ori=0.0, pos=array([ 0.7, -0.9]), rgb=UNKNOWN, text='press "L" to PUMP', units='norm', win=Window(...), wrapWidth=1)
13.6705 	EXP 	window1: mouseVisible = True
13.6794 	EXP 	Created bank = TextStim(__class__=<class 'psychopy.visual.text.TextStim'>, alignHoriz=method-wrapper(...), alignText='center', alignVert=method-wrapper(...), anchorHoriz='center', anchorVert='center', antialias=True, autoDraw=False, autoLog=True, bold=False, color=array([1., 1., 1.]), colorSpace='rgb', contrast=1.0, depth=-3.0, draggable=False, flipHoriz=False, flipVert=False, font='Open Sans', fontFiles=[], height=0.05, italic=False, languageStyle='LTR', name='bank', opacity=1.0, ori=0.0, pos=array([-0.7, -0.9]), rgb=UNKNOWN, text='press "A" to BANK', units='norm', win=Window(...), wrapWidth=1)
13.6795 	EXP 	window1: mouseVisible = True
13.6807 	EXP 	Created debug = TextStim(__class__=<class 'psychopy.visual.text.TextStim'>, alignHoriz=method-wrapper(...), alignText='center', alignVert=method-wrapper(...), anchorHoriz='center', anchorVert='center', antialias=True, autoDraw=False, autoLog=True, bold=False, color=array([1., 1., 1.]), colorSpace='rgb', contrast=1.0, depth=-4.0, draggable=False, flipHoriz=False, flipVert=False, font='Open Sans', fontFiles=[], height=0.05, italic=False, languageStyle='LTR', name='debug', opacity=1.0, ori=0.0, pos=array([0., 0.]), rgb=UNKNOWN, text='', units='norm', win=Window(...), wrapWidth=1)
13.6809 	EXP 	window1: mouseVisible = True
13.6860 	EXP 	Created earnings = TextStim(__class__=<class 'psychopy.visual.text.TextStim'>, alignHoriz=method-wrapper(...), alignText='center', alignVert=method-wrapper(...), anchorHoriz='center', anchorVert='center', antialias=True, autoDraw=False, autoLog=True, bold=False, color=array([1., 1., 1.]), colorSpace='rgb', contrast=1.0, depth=0.0, draggable=False, flipHoriz=False, flipVert=False, font='Open Sans', fontFiles=[], height=0.05, italic=False, languageStyle='LTR', name='earnings', opacity=1.0, ori=0.0, pos=array([0., 0.]), rgb=UNKNOWN, text='0', units='norm', win=Window(...), wrapWidth=1)
0.0035 	EXP 	Created sequence: sequential, trialTypes=1, nReps=5, seed=None
0.0037 	EXP 	New trial (rep=0, index=0): None
0.0660 	EXP 	balloon: autoDraw = True
0.0660 	EXP 	pump: autoDraw = True
0.0660 	EXP 	bank: autoDraw = True
0.0660 	EXP 	debug: autoDraw = True
4.3089 	DATA 	Keypress: a
4.5405 	DATA 	Keypress: a
4.8572 	DATA 	Keypress: l
5.6404 	DATA 	Keypress: a
5.6423 	EXP 	New trial (rep=1, index=0): None
5.6540 	EXP 	balloon: autoDraw = False
5.6540 	EXP 	pump: autoDraw = False
5.6540 	EXP 	bank: autoDraw = False
5.6540 	EXP 	debug: autoDraw = False
5.6540 	EXP 	balloon: autoDraw = True
5.6540 	EXP 	pump: autoDraw = True
5.6540 	EXP 	bank: autoDraw = True
5.6540 	EXP 	debug: autoDraw = True
7.1703 	DATA 	Keypress: l
7.6033 	DATA 	Keypress: a
7.6046 	EXP 	New trial (rep=2, index=0): None
7.6190 	EXP 	balloon: autoDraw = False
7.6190 	EXP 	pump: autoDraw = False
7.6190 	EXP 	bank: autoDraw = False
7.6190 	EXP 	debug: autoDraw = False
7.6190 	EXP 	balloon: autoDraw = True
7.6190 	EXP 	pump: autoDraw = True
7.6190 	EXP 	bank: autoDraw = True
7.6190 	EXP 	debug: autoDraw = True
9.0357 	DATA 	Keypress: l
9.4186 	DATA 	Keypress: l
9.6850 	DATA 	Keypress: l
9.9514 	DATA 	Keypress: l
10.4344 	DATA 	Keypress: l
10.4357 	EXP 	New trial (rep=3, index=0): None
10.4500 	EXP 	balloon: autoDraw = False
10.4500 	EXP 	pump: autoDraw = False
10.4500 	EXP 	bank: autoDraw = False
10.4500 	EXP 	debug: autoDraw = False
10.4500 	EXP 	balloon: autoDraw = True
10.4500 	EXP 	pump: autoDraw = True
10.4500 	EXP 	bank: autoDraw = True
10.4500 	EXP 	debug: autoDraw = True
12.3857 	DATA 	Keypress: l
12.6355 	DATA 	Keypress: l
13.1689 	DATA 	Keypress: a
13.1831 	EXP 	New trial (rep=4, index=0): None
13.1976 	EXP 	balloon: autoDraw = False
13.1976 	EXP 	pump: autoDraw = False
13.1976 	EXP 	bank: autoDraw = False
13.1976 	EXP 	debug: autoDraw = False
13.1976 	EXP 	balloon: autoDraw = True
13.1976 	EXP 	pump: autoDraw = True
13.1976 	EXP 	bank: autoDraw = True
13.1976 	EXP 	debug: autoDraw = True
14.6840 	DATA 	Keypress: l
14.9138 	DATA 	Keypress: l
15.1305 	DATA 	Keypress: l
16.5960 	DATA 	Keypress: l
16.7536 	EXP 	window1: mouseVisible = True
