7.5964 	WARNING 	User requested fullscreen with size [1280  720], but screen is actually [1920, 1080]. Using actual size
9.2370 	EXP 	Created window1 = Window(allowGUI=True, allowStencil=False, autoLog=True, backendConf=UNKNOWN, backgroundFit=<method-wrapper '__getattribute__' of attributeSetter object at 0x0000027931814CA0>, backgroundImage=<method-wrapper '__getattribute__' of attributeSetter object at 0x0000027931814C40>, bitsMode=UNKNOWN, blendMode='avg', bpc=(8, 8, 8), color=array([0, 0, 0]), colorSpace='rgb', depthBits=8, fullscr=<method-wrapper '__getattribute__' of attributeSetter object at 0x0000027931814790>, gamma=None, gammaErrorPolicy='raise', lms=UNKNOWN, monitor=<psychopy.monitors.calibTools.Monitor object at 0x0000027931A24640>, multiSample=False, name='window1', numSamples=2, pos=(0, 0), screen=0, size=array([1920, 1080]), stencilBits=0, stereo=False, title='PsychoPy', units='norm', useFBO=True, useRetina=False, viewOri=0.0, viewPos=None, viewScale=None, waitBlanking=True, winType='pyglet')
9.2373 	EXP 	window1: mouseVisible = True
9.2374 	EXP 	window1: backgroundImage = ''
9.2374 	EXP 	window1: backgroundFit = 'none'
9.2426 	EXP 	window1: Attempting to measure frame rate of screen (0) ...
9.2426 	EXP 	window1: recordFrameIntervals = False
9.4039 	EXP 	window1: recordFrameIntervals = True
9.5877 	EXP 	Screen (0) actual frame rate measured at 59.95Hz
9.5877 	EXP 	window1: recordFrameIntervals = False
9.5878 	EXP 	window1: mouseVisible = True
12.2639 	EXP 	bart: status = STARTED
12.2641 	EXP 	window1: mouseVisible = True
12.2676 	EXP 	Created balloon = ShapeStim(__class__=<class 'psychopy.visual.shape.ShapeStim'>, anchor=('center', 'bottom'), autoDraw=False, autoLog=True, closeShape=True, color=method-wrapper(...), colorSpace='rgb', contrast=None, depth=-1.0, draggable=False, fillColor=array([-1., -1.,  1.]), fillColorSpace='rgb', fillRGB=array([-1., -1.,  1.]), interpolate=True, lineColor=array([0., 0., 0.]), lineColorSpace='rgb', lineRGB=array([0., 0., 0.]), lineWidth=1.0, name='balloon', opacity=1.0, ori=0.0, pos=array([ 0. , -0.9]), size=array([1., 1.]), units='norm', vertices=ndarray(...), win=Window(...), windingRule=None)
12.2678 	EXP 	window1: mouseVisible = True
12.3355 	EXP 	Created pump = TextStim(__class__=<class 'psychopy.visual.text.TextStim'>, alignHoriz=method-wrapper(...), alignText='center', alignVert=method-wrapper(...), anchorHoriz='center', anchorVert='center', antialias=True, autoDraw=False, autoLog=True, bold=False, color=array([1., 1., 1.]), colorSpace='rgb', contrast=1.0, depth=-2.0, draggable=False, flipHoriz=False, flipVert=False, font='Open Sans', fontFiles=[], height=0.1, italic=False, languageStyle='LTR', name='pump', opacity=1.0, ori=0.0, pos=array([ 0.9, -0.9]), rgb=UNKNOWN, text='PUMP', units='norm', win=Window(...), wrapWidth=1)
12.3356 	EXP 	window1: mouseVisible = True
12.3431 	EXP 	Created bank = TextStim(__class__=<class 'psychopy.visual.text.TextStim'>, alignHoriz=method-wrapper(...), alignText='center', alignVert=method-wrapper(...), anchorHoriz='center', anchorVert='center', antialias=True, autoDraw=False, autoLog=True, bold=False, color=array([1., 1., 1.]), colorSpace='rgb', contrast=1.0, depth=-3.0, draggable=False, flipHoriz=False, flipVert=False, font='Open Sans', fontFiles=[], height=0.1, italic=False, languageStyle='LTR', name='bank', opacity=1.0, ori=0.0, pos=array([-0.9, -0.9]), rgb=UNKNOWN, text='BANK', units='norm', win=Window(...), wrapWidth=1)
0.0036 	EXP 	Created sequence: sequential, trialTypes=1, nReps=5, seed=None
0.0038 	EXP 	New trial (rep=0, index=0): None
0.0115 	EXP 	balloon: autoDraw = True
0.0115 	EXP 	pump: autoDraw = True
0.0115 	EXP 	bank: autoDraw = True
1.7063 	DATA 	Keypress: l
2.1722 	DATA 	Keypress: l
2.4731 	DATA 	Keypress: l
2.7234 	DATA 	Keypress: l
2.9238 	DATA 	Keypress: l
3.1243 	DATA 	Keypress: l
3.3416 	DATA 	Keypress: l
3.5282 	DATA 	Keypress: l
3.7115 	DATA 	Keypress: l
3.8927 	DATA 	Keypress: l
5.6822 	DATA 	Keypress: l
5.8802 	DATA 	Keypress: l
6.0502 	DATA 	Keypress: l
7.0662 	DATA 	Keypress: escape
7.1337 	EXP 	bart: status = STOPPED
7.1485 	EXP 	balloon: autoDraw = False
7.1485 	EXP 	pump: autoDraw = False
7.1485 	EXP 	bank: autoDraw = False
7.1486 	EXP 	bart: status = STOPPED
7.3392 	EXP 	window1: mouseVisible = True
