7.4997 	WARNING 	User requested fullscreen with size [1280  720], but screen is actually [1920, 1080]. Using actual size
9.1635 	EXP 	Created window1 = Window(allowGUI=True, allowStencil=False, autoLog=True, backendConf=UNKNOWN, backgroundFit=<method-wrapper '__getattribute__' of attributeSetter object at 0x00000216CC6D5CA0>, backgroundImage=<method-wrapper '__getattribute__' of attributeSetter object at 0x00000216CC6D5C40>, bitsMode=UNKNOWN, blendMode='avg', bpc=(8, 8, 8), color=array([0, 0, 0]), colorSpace='rgb', depthBits=8, fullscr=<method-wrapper '__getattribute__' of attributeSetter object at 0x00000216CC6D5AC0>, gamma=None, gammaErrorPolicy='raise', lms=UNKNOWN, monitor=<psychopy.monitors.calibTools.Monitor object at 0x00000216CC9E7670>, multiSample=False, name='window1', numSamples=2, pos=(0, 0), screen=0, size=array([1920, 1080]), stencilBits=0, stereo=False, title='PsychoPy', units='norm', useFBO=True, useRetina=False, viewOri=0.0, viewPos=None, viewScale=None, waitBlanking=True, winType='pyglet')
9.1636 	EXP 	window1: mouseVisible = True
9.1637 	EXP 	window1: backgroundImage = ''
9.1637 	EXP 	window1: backgroundFit = 'none'
9.1679 	EXP 	window1: Attempting to measure frame rate of screen (0) ...
9.1679 	EXP 	window1: recordFrameIntervals = False
9.3295 	EXP 	window1: recordFrameIntervals = True
9.5129 	EXP 	Screen (0) actual frame rate measured at 60.11Hz
9.5130 	EXP 	window1: recordFrameIntervals = False
9.5131 	EXP 	window1: mouseVisible = True
12.2825 	EXP 	bart: status = STARTED
12.2827 	EXP 	window1: mouseVisible = True
12.2866 	EXP 	Created balloon = ShapeStim(__class__=<class 'psychopy.visual.shape.ShapeStim'>, anchor=('center', 'bottom'), autoDraw=False, autoLog=True, closeShape=True, color=method-wrapper(...), colorSpace='rgb', contrast=None, depth=-1.0, draggable=False, fillColor=array([-1., -1.,  1.]), fillColorSpace='rgb', fillRGB=array([-1., -1.,  1.]), interpolate=True, lineColor=array([0., 0., 0.]), lineColorSpace='rgb', lineRGB=array([0., 0., 0.]), lineWidth=1.0, name='balloon', opacity=1.0, ori=0.0, pos=array([ 0. , -0.9]), size=array([1., 1.]), units='norm', vertices=ndarray(...), win=Window(...), windingRule=None)
12.2871 	EXP 	window1: mouseVisible = True
12.3631 	EXP 	Created pump = TextStim(__class__=<class 'psychopy.visual.text.TextStim'>, alignHoriz=method-wrapper(...), alignText='center', alignVert=method-wrapper(...), anchorHoriz='center', anchorVert='center', antialias=True, autoDraw=False, autoLog=True, bold=False, color=array([1., 1., 1.]), colorSpace='rgb', contrast=1.0, depth=-2.0, draggable=False, flipHoriz=False, flipVert=False, font='Open Sans', fontFiles=[], height=0.05, italic=False, languageStyle='LTR', name='pump', opacity=1.0, ori=0.0, pos=array([ 0.7, -0.9]), rgb=UNKNOWN, text='press "L" to PUMP', units='norm', win=Window(...), wrapWidth=1)
12.3633 	EXP 	window1: mouseVisible = True
12.3721 	EXP 	Created bank = TextStim(__class__=<class 'psychopy.visual.text.TextStim'>, alignHoriz=method-wrapper(...), alignText='center', alignVert=method-wrapper(...), anchorHoriz='center', anchorVert='center', antialias=True, autoDraw=False, autoLog=True, bold=False, color=array([1., 1., 1.]), colorSpace='rgb', contrast=1.0, depth=-3.0, draggable=False, flipHoriz=False, flipVert=False, font='Open Sans', fontFiles=[], height=0.05, italic=False, languageStyle='LTR', name='bank', opacity=1.0, ori=0.0, pos=array([-0.7, -0.9]), rgb=UNKNOWN, text='press "A" to BANK', units='norm', win=Window(...), wrapWidth=1)
12.3722 	EXP 	window1: mouseVisible = True
12.3735 	EXP 	Created debug = TextStim(__class__=<class 'psychopy.visual.text.TextStim'>, alignHoriz=method-wrapper(...), alignText='center', alignVert=method-wrapper(...), anchorHoriz='center', anchorVert='center', antialias=True, autoDraw=False, autoLog=True, bold=False, color=array([1., 1., 1.]), colorSpace='rgb', contrast=1.0, depth=-4.0, draggable=False, flipHoriz=False, flipVert=False, font='Open Sans', fontFiles=[], height=0.05, italic=False, languageStyle='LTR', name='debug', opacity=1.0, ori=0.0, pos=array([0., 0.]), rgb=UNKNOWN, text='', units='norm', win=Window(...), wrapWidth=1)
0.0037 	EXP 	Created sequence: sequential, trialTypes=1, nReps=10, seed=None
0.0039 	EXP 	New trial (rep=0, index=0): None
0.0163 	EXP 	balloon: autoDraw = True
0.0163 	EXP 	pump: autoDraw = True
0.0163 	EXP 	bank: autoDraw = True
0.0163 	EXP 	debug: autoDraw = True
1.3879 	DATA 	Keypress: a
1.6697 	DATA 	Keypress: a
1.8360 	DATA 	Keypress: a
2.0030 	DATA 	Keypress: a
2.1561 	DATA 	Keypress: a
2.9186 	DATA 	Keypress: l
5.6372 	DATA 	Keypress: l
6.3490 	DATA 	Keypress: l
6.5686 	DATA 	Keypress: l
6.7656 	DATA 	Keypress: l
6.9488 	DATA 	Keypress: l
8.9969 	DATA 	Keypress: a
8.9985 	EXP 	New trial (rep=1, index=0): None
9.0604 	EXP 	balloon: autoDraw = False
9.0604 	EXP 	pump: autoDraw = False
9.0604 	EXP 	bank: autoDraw = False
9.0604 	EXP 	debug: autoDraw = False
9.0604 	EXP 	balloon: autoDraw = True
9.0604 	EXP 	pump: autoDraw = True
9.0604 	EXP 	bank: autoDraw = True
9.0604 	EXP 	debug: autoDraw = True
9.8297 	DATA 	Keypress: l
10.1803 	DATA 	Keypress: l
10.1830 	EXP 	New trial (rep=2, index=0): None
10.1978 	EXP 	balloon: autoDraw = False
10.1978 	EXP 	pump: autoDraw = False
10.1978 	EXP 	bank: autoDraw = False
10.1978 	EXP 	debug: autoDraw = False
10.1978 	EXP 	balloon: autoDraw = True
10.1978 	EXP 	pump: autoDraw = True
10.1978 	EXP 	bank: autoDraw = True
10.1978 	EXP 	debug: autoDraw = True
10.3791 	DATA 	Keypress: l
11.4293 	DATA 	Keypress: l
11.5950 	DATA 	Keypress: l
11.7614 	DATA 	Keypress: l
11.9281 	DATA 	Keypress: l
12.0947 	DATA 	Keypress: l
12.2776 	DATA 	Keypress: l
12.6812 	DATA 	Keypress: l
12.6953 	EXP 	New trial (rep=3, index=0): None
12.7097 	EXP 	balloon: autoDraw = False
12.7097 	EXP 	pump: autoDraw = False
12.7097 	EXP 	bank: autoDraw = False
12.7097 	EXP 	debug: autoDraw = False
12.7097 	EXP 	balloon: autoDraw = True
12.7097 	EXP 	pump: autoDraw = True
12.7097 	EXP 	bank: autoDraw = True
12.7097 	EXP 	debug: autoDraw = True
13.7767 	DATA 	Keypress: escape
13.8269 	EXP 	bart: status = STOPPED
13.8418 	EXP 	balloon: autoDraw = False
13.8418 	EXP 	pump: autoDraw = False
13.8418 	EXP 	bank: autoDraw = False
13.8418 	EXP 	debug: autoDraw = False
13.8419 	EXP 	bart: status = STOPPED
14.4859 	EXP 	window1: mouseVisible = True
