8.1361 	WARNING 	User requested fullscreen with size [1280  720], but screen is actually [1920, 1080]. Using actual size
9.8104 	EXP 	Created window1 = Window(allowGUI=True, allowStencil=False, autoLog=True, backendConf=UNKNOWN, backgroundFit=<method-wrapper '__getattribute__' of attributeSetter object at 0x000001F4ED272C10>, backgroundImage=<method-wrapper '__getattribute__' of attributeSetter object at 0x000001F4ED272BB0>, bitsMode=UNKNOWN, blendMode='avg', bpc=(8, 8, 8), color=array([0, 0, 0]), colorSpace='rgb', depthBits=8, fullscr=<method-wrapper '__getattribute__' of attributeSetter object at 0x000001F4ED2729D0>, gamma=None, gammaErrorPolicy='raise', lms=UNKNOWN, monitor=<psychopy.monitors.calibTools.Monitor object at 0x000001F4ED5A7A30>, multiSample=False, name='window1', numSamples=2, pos=(0, 0), screen=0, size=array([1920, 1080]), stencilBits=0, stereo=False, title='PsychoPy', units='norm', useFBO=True, useRetina=False, viewOri=0.0, viewPos=None, viewScale=None, waitBlanking=True, winType='pyglet')
9.8106 	EXP 	window1: mouseVisible = True
9.8106 	EXP 	window1: backgroundImage = ''
9.8106 	EXP 	window1: backgroundFit = 'none'
9.8126 	EXP 	window1: Attempting to measure frame rate of screen (0) ...
9.8126 	EXP 	window1: recordFrameIntervals = False
9.9768 	EXP 	window1: recordFrameIntervals = True
10.1599 	EXP 	Screen (0) actual frame rate measured at 60.13Hz
10.1600 	EXP 	window1: recordFrameIntervals = False
10.1600 	EXP 	window1: mouseVisible = True
13.0144 	EXP 	bart: status = STARTED
13.0147 	EXP 	window1: mouseVisible = True
13.0191 	EXP 	Created balloon = ShapeStim(__class__=<class 'psychopy.visual.shape.ShapeStim'>, anchor=('center', 'bottom'), autoDraw=False, autoLog=True, closeShape=True, color=method-wrapper(...), colorSpace='rgb', contrast=None, depth=-1.0, draggable=False, fillColor=array([-1., -1.,  1.]), fillColorSpace='rgb', fillRGB=array([-1., -1.,  1.]), interpolate=True, lineColor=array([0., 0., 0.]), lineColorSpace='rgb', lineRGB=array([0., 0., 0.]), lineWidth=1.0, name='balloon', opacity=1.0, ori=0.0, pos=array([ 0. , -0.9]), size=array([1., 1.]), units='norm', vertices=ndarray(...), win=Window(...), windingRule=None)
13.0194 	EXP 	window1: mouseVisible = True
13.0945 	EXP 	Created pump = TextStim(__class__=<class 'psychopy.visual.text.TextStim'>, alignHoriz=method-wrapper(...), alignText='center', alignVert=method-wrapper(...), anchorHoriz='center', anchorVert='center', antialias=True, autoDraw=False, autoLog=True, bold=False, color=array([1., 1., 1.]), colorSpace='rgb', contrast=1.0, depth=-2.0, draggable=False, flipHoriz=False, flipVert=False, font='Open Sans', fontFiles=[], height=0.05, italic=False, languageStyle='LTR', name='pump', opacity=1.0, ori=0.0, pos=array([ 0.7, -0.9]), rgb=UNKNOWN, text='press "L" to PUMP', units='norm', win=Window(...), wrapWidth=1)
13.0947 	EXP 	window1: mouseVisible = True
13.1032 	EXP 	Created bank = TextStim(__class__=<class 'psychopy.visual.text.TextStim'>, alignHoriz=method-wrapper(...), alignText='center', alignVert=method-wrapper(...), anchorHoriz='center', anchorVert='center', antialias=True, autoDraw=False, autoLog=True, bold=False, color=array([1., 1., 1.]), colorSpace='rgb', contrast=1.0, depth=-3.0, draggable=False, flipHoriz=False, flipVert=False, font='Open Sans', fontFiles=[], height=0.05, italic=False, languageStyle='LTR', name='bank', opacity=1.0, ori=0.0, pos=array([-0.7, -0.9]), rgb=UNKNOWN, text='press "A" to BANK', units='norm', win=Window(...), wrapWidth=1)
13.1033 	EXP 	window1: mouseVisible = True
13.1046 	EXP 	Created debug = TextStim(__class__=<class 'psychopy.visual.text.TextStim'>, alignHoriz=method-wrapper(...), alignText='center', alignVert=method-wrapper(...), anchorHoriz='center', anchorVert='center', antialias=True, autoDraw=False, autoLog=True, bold=False, color=array([1., 1., 1.]), colorSpace='rgb', contrast=1.0, depth=-4.0, draggable=False, flipHoriz=False, flipVert=False, font='Open Sans', fontFiles=[], height=0.05, italic=False, languageStyle='LTR', name='debug', opacity=1.0, ori=0.0, pos=array([0., 0.]), rgb=UNKNOWN, text='', units='norm', win=Window(...), wrapWidth=1)
13.1047 	EXP 	window1: mouseVisible = True
13.1098 	EXP 	Created earnings = TextStim(__class__=<class 'psychopy.visual.text.TextStim'>, alignHoriz=method-wrapper(...), alignText='center', alignVert=method-wrapper(...), anchorHoriz='center', anchorVert='center', antialias=True, autoDraw=False, autoLog=True, bold=False, color=array([1., 1., 1.]), colorSpace='rgb', contrast=1.0, depth=0.0, draggable=False, flipHoriz=False, flipVert=False, font='Open Sans', fontFiles=[], height=0.05, italic=False, languageStyle='LTR', name='earnings', opacity=1.0, ori=0.0, pos=array([0., 0.]), rgb=UNKNOWN, text='0', units='norm', win=Window(...), wrapWidth=1)
0.0034 	EXP 	Created sequence: sequential, trialTypes=1, nReps=5, seed=None
0.0036 	EXP 	New trial (rep=0, index=0): None
0.0622 	EXP 	balloon: autoDraw = True
0.0622 	EXP 	pump: autoDraw = True
0.0622 	EXP 	bank: autoDraw = True
0.0622 	EXP 	debug: autoDraw = True
2.9477 	DATA 	Keypress: l
3.3638 	DATA 	Keypress: l
3.3654 	EXP 	New trial (rep=1, index=0): None
3.4459 	EXP 	balloon: autoDraw = False
3.4459 	EXP 	pump: autoDraw = False
3.4459 	EXP 	bank: autoDraw = False
3.4459 	EXP 	debug: autoDraw = False
3.4459 	EXP 	balloon: autoDraw = True
3.4459 	EXP 	pump: autoDraw = True
3.4459 	EXP 	bank: autoDraw = True
3.4459 	EXP 	debug: autoDraw = True
3.5139 	DATA 	Keypress: l
3.6513 	DATA 	Keypress: l
3.9471 	DATA 	Keypress: l
3.9485 	EXP 	New trial (rep=2, index=0): None
3.9738 	EXP 	balloon: autoDraw = False
3.9738 	EXP 	pump: autoDraw = False
3.9738 	EXP 	bank: autoDraw = False
3.9738 	EXP 	debug: autoDraw = False
3.9738 	EXP 	balloon: autoDraw = True
3.9738 	EXP 	pump: autoDraw = True
3.9738 	EXP 	bank: autoDraw = True
3.9738 	EXP 	debug: autoDraw = True
4.0970 	DATA 	Keypress: l
4.2475 	DATA 	Keypress: l
4.4303 	DATA 	Keypress: l
4.5972 	DATA 	Keypress: l
5.5123 	DATA 	Keypress: a
5.5135 	EXP 	New trial (rep=3, index=0): None
5.5387 	EXP 	balloon: autoDraw = False
5.5387 	EXP 	pump: autoDraw = False
5.5387 	EXP 	bank: autoDraw = False
5.5387 	EXP 	debug: autoDraw = False
5.5387 	EXP 	balloon: autoDraw = True
5.5387 	EXP 	pump: autoDraw = True
5.5387 	EXP 	bank: autoDraw = True
5.5387 	EXP 	debug: autoDraw = True
6.6790 	DATA 	Keypress: a
6.8277 	DATA 	Keypress: a
6.9941 	DATA 	Keypress: a
7.6770 	DATA 	Keypress: l
8.0817 	DATA 	Keypress: a
8.0944 	EXP 	New trial (rep=4, index=0): None
8.1202 	EXP 	balloon: autoDraw = False
8.1202 	EXP 	pump: autoDraw = False
8.1202 	EXP 	bank: autoDraw = False
8.1202 	EXP 	debug: autoDraw = False
8.1202 	EXP 	balloon: autoDraw = True
8.1202 	EXP 	pump: autoDraw = True
8.1202 	EXP 	bank: autoDraw = True
8.1202 	EXP 	debug: autoDraw = True
8.4961 	DATA 	Keypress: l
8.6430 	DATA 	Keypress: a
8.6571 	EXP 	balloon: autoDraw = False
8.6571 	EXP 	pump: autoDraw = False
8.6571 	EXP 	bank: autoDraw = False
8.6571 	EXP 	debug: autoDraw = False
8.6571 	EXP 	earnings: autoDraw = True
10.9236 	DATA 	Keypress: escape
11.0059 	EXP 	bart: status = STOPPED
11.0216 	EXP 	earnings: autoDraw = False
11.0217 	EXP 	bart: status = STOPPED
11.5288 	EXP 	window1: mouseVisible = True
