7.5891 	WARNING 	User requested fullscreen with size [1280  720], but screen is actually [1920, 1080]. Using actual size
9.1316 	EXP 	Created window1 = Window(allowGUI=True, allowStencil=False, autoLog=True, backendConf=UNKNOWN, backgroundFit=<method-wrapper '__getattribute__' of attributeSetter object at 0x0000017BC2281D00>, backgroundImage=<method-wrapper '__getattribute__' of attributeSetter object at 0x0000017BC22819A0>, bitsMode=UNKNOWN, blendMode='avg', bpc=(8, 8, 8), color=array([0, 0, 0]), colorSpace='rgb', depthBits=8, fullscr=<method-wrapper '__getattribute__' of attributeSetter object at 0x0000017BC2281B20>, gamma=None, gammaErrorPolicy='raise', lms=UNKNOWN, monitor=<psychopy.monitors.calibTools.Monitor object at 0x0000017BC25B1850>, multiSample=False, name='window1', numSamples=2, pos=(0, 0), screen=0, size=array([1920, 1080]), stencilBits=0, stereo=False, title='PsychoPy', units='deg', useFBO=True, useRetina=False, viewOri=0.0, viewPos=None, viewScale=None, waitBlanking=True, winType='pyglet')
9.1317 	EXP 	window1: mouseVisible = True
9.1318 	EXP 	window1: backgroundImage = ''
9.1318 	EXP 	window1: backgroundFit = 'none'
9.1339 	EXP 	window1: Attempting to measure frame rate of screen (0) ...
9.1339 	EXP 	window1: recordFrameIntervals = False
9.2984 	EXP 	window1: recordFrameIntervals = True
9.4823 	EXP 	Screen (0) actual frame rate measured at 59.86Hz
9.4824 	EXP 	window1: recordFrameIntervals = False
9.4824 	EXP 	window1: mouseVisible = True
12.1326 	EXP 	bart: status = STARTED
12.1328 	EXP 	window1: mouseVisible = True
12.1364 	EXP 	Created balloon = ShapeStim(__class__=<class 'psychopy.visual.shape.ShapeStim'>, anchor=('center', 'center'), autoDraw=False, autoLog=True, closeShape=True, color=method-wrapper(...), colorSpace='rgb', contrast=None, depth=0.0, draggable=False, fillColor=array([-1., -1.,  1.]), fillColorSpace='rgb', fillRGB=array([-1., -1.,  1.]), interpolate=True, lineColor=array([0., 0., 0.]), lineColorSpace='rgb', lineRGB=array([0., 0., 0.]), lineWidth=1.0, name='balloon', opacity=1.0, ori=0.0, pos=array([0., 0.]), size=array([1., 1.]), units='deg', vertices=ndarray(...), win=Window(...), windingRule=None)
12.1366 	EXP 	window1: mouseVisible = True
12.3960 	EXP 	Created pump = TextStim(__class__=<class 'psychopy.visual.text.TextStim'>, alignHoriz=method-wrapper(...), alignText='center', alignVert=method-wrapper(...), anchorHoriz='center', anchorVert='center', antialias=True, autoDraw=False, autoLog=True, bold=False, color=array([1., 1., 1.]), colorSpace='rgb', contrast=1.0, depth=-1.0, draggable=False, flipHoriz=False, flipVert=False, font='Open Sans', fontFiles=[], height=1.0, italic=False, languageStyle='LTR', name='pump', opacity=1.0, ori=0.0, pos=array([ 0., -1.]), rgb=UNKNOWN, text='pump', units='norm', win=Window(...), wrapWidth=1)
12.3961 	EXP 	window1: mouseVisible = True
12.4047 	EXP 	Created bank = TextStim(__class__=<class 'psychopy.visual.text.TextStim'>, alignHoriz=method-wrapper(...), alignText='center', alignVert=method-wrapper(...), anchorHoriz='center', anchorVert='center', antialias=True, autoDraw=False, autoLog=True, bold=False, color=array([1., 1., 1.]), colorSpace='rgb', contrast=1.0, depth=-2.0, draggable=False, flipHoriz=False, flipVert=False, font='Open Sans', fontFiles=[], height=0.020000000000000004, italic=False, languageStyle='LTR', name='bank', opacity=1.0, ori=0.0, pos=array([-0.1, -1. ]), rgb=UNKNOWN, text='bank', units='deg', win=Window(...), wrapWidth=15.0)
12.4048 	EXP 	window1: mouseVisible = True
0.0103 	EXP 	balloon: autoDraw = True
0.0103 	EXP 	pump: autoDraw = True
0.0103 	EXP 	bank: autoDraw = True
3.2749 	DATA 	Mouse: Left button down, pos=(273,1010)
3.3417 	DATA 	Mouse:  Left button up, pos=(273,1010)
4.1267 	DATA 	Mouse: Left button down, pos=(1722,812)
4.2602 	DATA 	Mouse:  Left button up, pos=(1722,812)
4.8449 	DATA 	Mouse: Left button down, pos=(1735,985)
4.9454 	DATA 	Mouse:  Left button up, pos=(1735,985)
5.3128 	DATA 	Mouse: Left button down, pos=(931,809)
5.3996 	DATA 	Mouse:  Left button up, pos=(931,809)
6.0643 	DATA 	Mouse: Left button down, pos=(963,546)
6.1813 	DATA 	Mouse:  Left button up, pos=(963,546)
6.5188 	DATA 	Mouse: Left button down, pos=(474,608)
6.6321 	DATA 	Mouse:  Left button up, pos=(474,608)
6.9328 	DATA 	Mouse: Left button down, pos=(1080,228)
6.9483 	EXP 	balloon: autoDraw = False
6.9483 	EXP 	pump: autoDraw = False
6.9483 	EXP 	bank: autoDraw = False
6.9484 	EXP 	bart: status = STOPPED
7.0833 	EXP 	window1: mouseVisible = True
