8.1460 	WARNING 	User requested fullscreen with size [1280  720], but screen is actually [1920, 1080]. Using actual size
9.7741 	EXP 	Created window1 = Window(allowGUI=True, allowStencil=False, autoLog=True, backendConf=UNKNOWN, backgroundFit=<method-wrapper '__getattribute__' of attributeSetter object at 0x000001EC0AF34CD0>, backgroundImage=<method-wrapper '__getattribute__' of attributeSetter object at 0x000001EC0AF34C70>, bitsMode=UNKNOWN, blendMode='avg', bpc=(8, 8, 8), color=array([0, 0, 0]), colorSpace='rgb', depthBits=8, fullscr=<method-wrapper '__getattribute__' of attributeSetter object at 0x000001EC0AF34AF0>, gamma=None, gammaErrorPolicy='raise', lms=UNKNOWN, monitor=<psychopy.monitors.calibTools.Monitor object at 0x000001EC0B1056D0>, multiSample=False, name='window1', numSamples=2, pos=(0, 0), screen=0, size=array([1920, 1080]), stencilBits=0, stereo=False, title='PsychoPy', units='norm', useFBO=True, useRetina=False, viewOri=0.0, viewPos=None, viewScale=None, waitBlanking=True, winType='pyglet')
9.7743 	EXP 	window1: mouseVisible = True
9.7743 	EXP 	window1: backgroundImage = ''
9.7743 	EXP 	window1: backgroundFit = 'none'
9.7777 	EXP 	window1: Attempting to measure frame rate of screen (0) ...
9.7778 	EXP 	window1: recordFrameIntervals = False
9.9409 	EXP 	window1: recordFrameIntervals = True
10.1250 	EXP 	Screen (0) actual frame rate measured at 59.91Hz
10.1251 	EXP 	window1: recordFrameIntervals = False
10.1252 	EXP 	window1: mouseVisible = True
12.8840 	EXP 	bart: status = STARTED
12.8842 	EXP 	window1: mouseVisible = True
12.8881 	EXP 	Created balloon = ShapeStim(__class__=<class 'psychopy.visual.shape.ShapeStim'>, anchor=('center', 'bottom'), autoDraw=False, autoLog=True, closeShape=True, color=method-wrapper(...), colorSpace='rgb', contrast=None, depth=-1.0, draggable=False, fillColor=array([-1., -1.,  1.]), fillColorSpace='rgb', fillRGB=array([-1., -1.,  1.]), interpolate=True, lineColor=array([0., 0., 0.]), lineColorSpace='rgb', lineRGB=array([0., 0., 0.]), lineWidth=1.0, name='balloon', opacity=1.0, ori=0.0, pos=array([ 0. , -0.9]), size=array([1., 1.]), units='norm', vertices=ndarray(...), win=Window(...), windingRule=None)
12.8884 	EXP 	window1: mouseVisible = True
12.9550 	EXP 	Created pump = TextStim(__class__=<class 'psychopy.visual.text.TextStim'>, alignHoriz=method-wrapper(...), alignText='center', alignVert=method-wrapper(...), anchorHoriz='center', anchorVert='center', antialias=True, autoDraw=False, autoLog=True, bold=False, color=array([1., 1., 1.]), colorSpace='rgb', contrast=1.0, depth=-2.0, draggable=False, flipHoriz=False, flipVert=False, font='Open Sans', fontFiles=[], height=0.1, italic=False, languageStyle='LTR', name='pump', opacity=1.0, ori=0.0, pos=array([ 0.9, -0.9]), rgb=UNKNOWN, text='PUMP', units='norm', win=Window(...), wrapWidth=1)
12.9552 	EXP 	window1: mouseVisible = True
12.9628 	EXP 	Created bank = TextStim(__class__=<class 'psychopy.visual.text.TextStim'>, alignHoriz=method-wrapper(...), alignText='center', alignVert=method-wrapper(...), anchorHoriz='center', anchorVert='center', antialias=True, autoDraw=False, autoLog=True, bold=False, color=array([1., 1., 1.]), colorSpace='rgb', contrast=1.0, depth=-3.0, draggable=False, flipHoriz=False, flipVert=False, font='Open Sans', fontFiles=[], height=0.1, italic=False, languageStyle='LTR', name='bank', opacity=1.0, ori=0.0, pos=array([-0.9, -0.9]), rgb=UNKNOWN, text='BANK', units='norm', win=Window(...), wrapWidth=1)
0.0037 	EXP 	Created sequence: sequential, trialTypes=1, nReps=5, seed=None
0.0040 	EXP 	New trial (rep=0, index=0): None
0.0107 	EXP 	balloon: autoDraw = True
0.0107 	EXP 	pump: autoDraw = True
0.0107 	EXP 	bank: autoDraw = True
0.9220 	DATA 	Keypress: l
7.3848 	DATA 	Keypress: l
7.9563 	DATA 	Keypress: l
8.3542 	DATA 	Keypress: l
8.5546 	DATA 	Keypress: l
8.7717 	DATA 	Keypress: l
9.0250 	DATA 	Keypress: l
9.3568 	DATA 	Keypress: l
9.6915 	DATA 	Keypress: a
9.6928 	EXP 	New trial (rep=1, index=0): None
9.7051 	EXP 	balloon: autoDraw = False
9.7051 	EXP 	pump: autoDraw = False
9.7051 	EXP 	bank: autoDraw = False
9.7051 	EXP 	balloon: autoDraw = True
9.7051 	EXP 	pump: autoDraw = True
9.7051 	EXP 	bank: autoDraw = True
10.4744 	DATA 	Keypress: escape
10.5719 	EXP 	bart: status = STOPPED
10.5747 	EXP 	balloon: autoDraw = False
10.5747 	EXP 	pump: autoDraw = False
10.5747 	EXP 	bank: autoDraw = False
10.5748 	EXP 	bart: status = STOPPED
10.9307 	EXP 	window1: mouseVisible = True
