7.2329 	WARNING 	User requested fullscreen with size [1024  768], but screen is actually [1920, 1080]. Using actual size
8.7972 	EXP 	Created window1 = Window(allowGUI=True, allowStencil=False, autoLog=True, backendConf=UNKNOWN, backgroundFit=<method-wrapper '__getattribute__' of attributeSetter object at 0x0000025548DB2C70>, backgroundImage=<method-wrapper '__getattribute__' of attributeSetter object at 0x0000025548DB2C10>, bitsMode=UNKNOWN, blendMode='avg', bpc=(8, 8, 8), color=array([0, 0, 0]), colorSpace='rgb', depthBits=8, fullscr=<method-wrapper '__getattribute__' of attributeSetter object at 0x0000025548DB2A60>, gamma=None, gammaErrorPolicy='raise', lms=UNKNOWN, monitor=<psychopy.monitors.calibTools.Monitor object at 0x0000025548F864F0>, multiSample=False, name='window1', numSamples=2, pos=(0, 0), screen=0, size=array([1920, 1080]), stencilBits=0, stereo=False, title='PsychoPy', units='height', useFBO=True, useRetina=False, viewOri=0.0, viewPos=None, viewScale=None, waitBlanking=True, winType='pyglet')
8.7974 	EXP 	window1: mouseVisible = True
8.7975 	EXP 	window1: backgroundImage = ''
8.7975 	EXP 	window1: backgroundFit = 'none'
8.8055 	EXP 	window1: Attempting to measure frame rate of screen (0) ...
8.8056 	EXP 	window1: recordFrameIntervals = False
8.9633 	EXP 	window1: recordFrameIntervals = True
9.1470 	EXP 	Screen (0) actual frame rate measured at 59.89Hz
9.1470 	EXP 	window1: recordFrameIntervals = False
9.1472 	EXP 	window1: mouseVisible = False
11.8106 	EXP 	bart: status = STARTED
11.8111 	EXP 	window1: mouseVisible = True
11.8155 	EXP 	Created polygon = ShapeStim(__class__=<class 'psychopy.visual.shape.ShapeStim'>, anchor=('center', 'center'), autoDraw=False, autoLog=True, closeShape=True, color=method-wrapper(...), colorSpace='rgb', contrast=None, depth=0.0, draggable=False, fillColor=array([-1., -1.,  1.]), fillColorSpace='rgb', fillRGB=array([-1., -1.,  1.]), interpolate=True, lineColor=array([1., 1., 1.]), lineColorSpace='rgb', lineRGB=array([1, 1, 1]), lineWidth=1.0, name='polygon', opacity=1.0, ori=0.0, pos=array([0., 0.]), size=array([0.5, 0.5]), units='height', vertices=ndarray(...), win=Window(...), windingRule=None)
0.0080 	EXP 	polygon: autoDraw = True
3.5467 	DATA 	Mouse: Left button down, pos=(478,442)
3.6296 	DATA 	Mouse:  Left button up, pos=(478,442)
4.0153 	DATA 	Keypress: escape
4.0798 	EXP 	bart: status = STOPPED
4.0952 	EXP 	polygon: autoDraw = False
4.0953 	EXP 	bart: status = STOPPED
4.2385 	EXP 	window1: mouseVisible = True
