7.9949 	WARNING 	User requested fullscreen with size [1280  720], but screen is actually [1920, 1080]. Using actual size
10.0905 	EXP 	Created window1 = Window(allowGUI=True, allowStencil=False, autoLog=True, backendConf=UNKNOWN, backgroundFit=<method-wrapper '__getattribute__' of attributeSetter object at 0x000001A96EC56CD0>, backgroundImage=<method-wrapper '__getattribute__' of attributeSetter object at 0x000001A96EC56C70>, bitsMode=UNKNOWN, blendMode='avg', bpc=(8, 8, 8), color=array([0, 0, 0]), colorSpace='rgb', depthBits=8, fullscr=<method-wrapper '__getattribute__' of attributeSetter object at 0x000001A96EC56AF0>, gamma=None, gammaErrorPolicy='raise', lms=UNKNOWN, monitor=<psychopy.monitors.calibTools.Monitor object at 0x000001A96EDE9730>, multiSample=False, name='window1', numSamples=2, pos=(0, 0), screen=0, size=array([1920, 1080]), stencilBits=0, stereo=False, title='PsychoPy', units='norm', useFBO=True, useRetina=False, viewOri=0.0, viewPos=None, viewScale=None, waitBlanking=True, winType='pyglet')
10.0906 	EXP 	window1: mouseVisible = True
10.0906 	EXP 	window1: backgroundImage = ''
10.0906 	EXP 	window1: backgroundFit = 'none'
10.0926 	EXP 	window1: Attempting to measure frame rate of screen (0) ...
10.0926 	EXP 	window1: recordFrameIntervals = False
10.2565 	EXP 	window1: recordFrameIntervals = True
10.4399 	EXP 	Screen (0) actual frame rate measured at 60.04Hz
10.4399 	EXP 	window1: recordFrameIntervals = False
10.4400 	EXP 	window1: mouseVisible = True
13.5220 	EXP 	bart: status = STARTED
13.5223 	EXP 	window1: mouseVisible = True
13.5274 	EXP 	Created balloon = ShapeStim(__class__=<class 'psychopy.visual.shape.ShapeStim'>, anchor=('center', 'bottom'), autoDraw=False, autoLog=True, closeShape=True, color=method-wrapper(...), colorSpace='rgb', contrast=None, depth=-1.0, draggable=False, fillColor=array([-1., -1.,  1.]), fillColorSpace='rgb', fillRGB=array([-1., -1.,  1.]), interpolate=True, lineColor=array([0., 0., 0.]), lineColorSpace='rgb', lineRGB=array([0., 0., 0.]), lineWidth=1.0, name='balloon', opacity=1.0, ori=0.0, pos=array([ 0. , -0.9]), size=array([1., 1.]), units='norm', vertices=ndarray(...), win=Window(...), windingRule=None)
13.5277 	EXP 	window1: mouseVisible = True
13.6094 	EXP 	Created pump = TextStim(__class__=<class 'psychopy.visual.text.TextStim'>, alignHoriz=method-wrapper(...), alignText='center', alignVert=method-wrapper(...), anchorHoriz='center', anchorVert='center', antialias=True, autoDraw=False, autoLog=True, bold=False, color=array([1., 1., 1.]), colorSpace='rgb', contrast=1.0, depth=-2.0, draggable=False, flipHoriz=False, flipVert=False, font='Open Sans', fontFiles=[], height=0.05, italic=False, languageStyle='LTR', name='pump', opacity=1.0, ori=0.0, pos=array([ 0.7, -0.9]), rgb=UNKNOWN, text='press "L" to PUMP', units='norm', win=Window(...), wrapWidth=1)
13.6096 	EXP 	window1: mouseVisible = True
13.6205 	EXP 	Created bank = TextStim(__class__=<class 'psychopy.visual.text.TextStim'>, alignHoriz=method-wrapper(...), alignText='center', alignVert=method-wrapper(...), anchorHoriz='center', anchorVert='center', antialias=True, autoDraw=False, autoLog=True, bold=False, color=array([1., 1., 1.]), colorSpace='rgb', contrast=1.0, depth=-3.0, draggable=False, flipHoriz=False, flipVert=False, font='Open Sans', fontFiles=[], height=0.05, italic=False, languageStyle='LTR', name='bank', opacity=1.0, ori=0.0, pos=array([-0.7, -0.9]), rgb=UNKNOWN, text='press "A" to BANK', units='norm', win=Window(...), wrapWidth=1)
13.6207 	EXP 	window1: mouseVisible = True
13.6224 	EXP 	Created debug = TextStim(__class__=<class 'psychopy.visual.text.TextStim'>, alignHoriz=method-wrapper(...), alignText='center', alignVert=method-wrapper(...), anchorHoriz='center', anchorVert='center', antialias=True, autoDraw=False, autoLog=True, bold=False, color=array([1., 1., 1.]), colorSpace='rgb', contrast=1.0, depth=-4.0, draggable=False, flipHoriz=False, flipVert=False, font='Open Sans', fontFiles=[], height=0.05, italic=False, languageStyle='LTR', name='debug', opacity=1.0, ori=0.0, pos=array([0., 0.]), rgb=UNKNOWN, text='', units='norm', win=Window(...), wrapWidth=1)
13.6226 	EXP 	window1: mouseVisible = True
13.6275 	EXP 	Created earnings = TextStim(__class__=<class 'psychopy.visual.text.TextStim'>, alignHoriz=method-wrapper(...), alignText='center', alignVert=method-wrapper(...), anchorHoriz='center', anchorVert='center', antialias=True, autoDraw=False, autoLog=True, bold=False, color=array([1., 1., 1.]), colorSpace='rgb', contrast=1.0, depth=0.0, draggable=False, flipHoriz=False, flipVert=False, font='Open Sans', fontFiles=[], height=0.05, italic=False, languageStyle='LTR', name='earnings', opacity=1.0, ori=0.0, pos=array([0., 0.]), rgb=UNKNOWN, text='0', units='norm', win=Window(...), wrapWidth=1)
0.0033 	EXP 	Created sequence: sequential, trialTypes=1, nReps=5, seed=None
0.0035 	EXP 	New trial (rep=0, index=0): None
0.0677 	EXP 	balloon: autoDraw = True
0.0677 	EXP 	pump: autoDraw = True
0.0677 	EXP 	bank: autoDraw = True
0.0677 	EXP 	debug: autoDraw = True
7.9756 	DATA 	Keypress: l
9.3213 	DATA 	Keypress: a
9.3230 	EXP 	New trial (rep=1, index=0): None
9.3359 	EXP 	balloon: autoDraw = False
9.3359 	EXP 	pump: autoDraw = False
9.3359 	EXP 	bank: autoDraw = False
9.3359 	EXP 	debug: autoDraw = False
9.3359 	EXP 	balloon: autoDraw = True
9.3359 	EXP 	pump: autoDraw = True
9.3359 	EXP 	bank: autoDraw = True
9.3359 	EXP 	debug: autoDraw = True
11.4683 	DATA 	Keypress: l
11.8217 	DATA 	Keypress: a
11.8353 	EXP 	New trial (rep=2, index=0): None
11.8500 	EXP 	balloon: autoDraw = False
11.8500 	EXP 	pump: autoDraw = False
11.8500 	EXP 	bank: autoDraw = False
11.8500 	EXP 	debug: autoDraw = False
11.8500 	EXP 	balloon: autoDraw = True
11.8500 	EXP 	pump: autoDraw = True
11.8500 	EXP 	bank: autoDraw = True
11.8500 	EXP 	debug: autoDraw = True
12.4840 	DATA 	Keypress: l
12.8005 	DATA 	Keypress: a
12.8018 	EXP 	New trial (rep=3, index=0): None
12.8157 	EXP 	balloon: autoDraw = False
12.8157 	EXP 	pump: autoDraw = False
12.8157 	EXP 	bank: autoDraw = False
12.8157 	EXP 	debug: autoDraw = False
12.8157 	EXP 	balloon: autoDraw = True
12.8157 	EXP 	pump: autoDraw = True
12.8157 	EXP 	bank: autoDraw = True
12.8157 	EXP 	debug: autoDraw = True
13.4867 	DATA 	Keypress: l
13.7357 	DATA 	Keypress: a
13.7512 	EXP 	New trial (rep=4, index=0): None
13.7651 	EXP 	balloon: autoDraw = False
13.7651 	EXP 	pump: autoDraw = False
13.7651 	EXP 	bank: autoDraw = False
13.7651 	EXP 	debug: autoDraw = False
13.7651 	EXP 	balloon: autoDraw = True
13.7651 	EXP 	pump: autoDraw = True
13.7651 	EXP 	bank: autoDraw = True
13.7651 	EXP 	debug: autoDraw = True
15.2814 	DATA 	Keypress: l
15.4812 	DATA 	Keypress: l
15.6647 	DATA 	Keypress: l
15.9308 	DATA 	Keypress: l
16.7636 	DATA 	Keypress: l
17.2299 	DATA 	Keypress: a
17.4892 	EXP 	window1: mouseVisible = True
