9.1122 	WARNING 	User requested fullscreen with size [1280  720], but screen is actually [1920, 1080]. Using actual size
10.7881 	EXP 	Created window1 = Window(allowGUI=True, allowStencil=False, autoLog=True, backendConf=UNKNOWN, backgroundFit=<method-wrapper '__getattribute__' of attributeSetter object at 0x00000225A14A2BB0>, backgroundImage=<method-wrapper '__getattribute__' of attributeSetter object at 0x00000225A14A2B50>, bitsMode=UNKNOWN, blendMode='avg', bpc=(8, 8, 8), color=array([0, 0, 0]), colorSpace='rgb', depthBits=8, fullscr=<method-wrapper '__getattribute__' of attributeSetter object at 0x00000225A14A2970>, gamma=None, gammaErrorPolicy='raise', lms=UNKNOWN, monitor=<psychopy.monitors.calibTools.Monitor object at 0x00000225A17D79D0>, multiSample=False, name='window1', numSamples=2, pos=(0, 0), screen=0, size=array([1920, 1080]), stencilBits=0, stereo=False, title='PsychoPy', units='norm', useFBO=True, useRetina=False, viewOri=0.0, viewPos=None, viewScale=None, waitBlanking=True, winType='pyglet')
10.7882 	EXP 	window1: mouseVisible = True
10.7882 	EXP 	window1: backgroundImage = ''
10.7883 	EXP 	window1: backgroundFit = 'none'
10.7918 	EXP 	window1: Attempting to measure frame rate of screen (0) ...
10.7918 	EXP 	window1: recordFrameIntervals = False
10.9543 	EXP 	window1: recordFrameIntervals = True
11.1375 	EXP 	Screen (0) actual frame rate measured at 60.07Hz
11.1376 	EXP 	window1: recordFrameIntervals = False
11.1377 	EXP 	window1: mouseVisible = True
14.0125 	EXP 	bart: status = STARTED
14.0128 	EXP 	window1: mouseVisible = True
14.0166 	EXP 	Created balloon = ShapeStim(__class__=<class 'psychopy.visual.shape.ShapeStim'>, anchor=('center', 'bottom'), autoDraw=False, autoLog=True, closeShape=True, color=method-wrapper(...), colorSpace='rgb', contrast=None, depth=-1.0, draggable=False, fillColor=array([-1., -1.,  1.]), fillColorSpace='rgb', fillRGB=array([-1., -1.,  1.]), interpolate=True, lineColor=array([0., 0., 0.]), lineColorSpace='rgb', lineRGB=array([0., 0., 0.]), lineWidth=1.0, name='balloon', opacity=1.0, ori=0.0, pos=array([ 0. , -0.9]), size=array([1., 1.]), units='norm', vertices=ndarray(...), win=Window(...), windingRule=None)
14.0170 	EXP 	window1: mouseVisible = True
14.0979 	EXP 	Created pump = TextStim(__class__=<class 'psychopy.visual.text.TextStim'>, alignHoriz=method-wrapper(...), alignText='center', alignVert=method-wrapper(...), anchorHoriz='center', anchorVert='center', antialias=True, autoDraw=False, autoLog=True, bold=False, color=array([1., 1., 1.]), colorSpace='rgb', contrast=1.0, depth=-2.0, draggable=False, flipHoriz=False, flipVert=False, font='Open Sans', fontFiles=[], height=0.05, italic=False, languageStyle='LTR', name='pump', opacity=1.0, ori=0.0, pos=array([ 0.7, -0.9]), rgb=UNKNOWN, text='press "L" to PUMP', units='norm', win=Window(...), wrapWidth=1)
14.0981 	EXP 	window1: mouseVisible = True
14.1071 	EXP 	Created bank = TextStim(__class__=<class 'psychopy.visual.text.TextStim'>, alignHoriz=method-wrapper(...), alignText='center', alignVert=method-wrapper(...), anchorHoriz='center', anchorVert='center', antialias=True, autoDraw=False, autoLog=True, bold=False, color=array([1., 1., 1.]), colorSpace='rgb', contrast=1.0, depth=-3.0, draggable=False, flipHoriz=False, flipVert=False, font='Open Sans', fontFiles=[], height=0.05, italic=False, languageStyle='LTR', name='bank', opacity=1.0, ori=0.0, pos=array([-0.7, -0.9]), rgb=UNKNOWN, text='press "A" to BANK', units='norm', win=Window(...), wrapWidth=1)
14.1072 	EXP 	window1: mouseVisible = True
14.1090 	EXP 	Created debug = TextStim(__class__=<class 'psychopy.visual.text.TextStim'>, alignHoriz=method-wrapper(...), alignText='center', alignVert=method-wrapper(...), anchorHoriz='center', anchorVert='center', antialias=True, autoDraw=False, autoLog=True, bold=False, color=array([1., 1., 1.]), colorSpace='rgb', contrast=1.0, depth=-4.0, draggable=False, flipHoriz=False, flipVert=False, font='Open Sans', fontFiles=[], height=0.05, italic=False, languageStyle='LTR', name='debug', opacity=1.0, ori=0.0, pos=array([0., 0.]), rgb=UNKNOWN, text='', units='norm', win=Window(...), wrapWidth=1)
14.2270 	EXP 	window1: mouseVisible = True
