7.4616 	WARNING 	User requested fullscreen with size [1280  720], but screen is actually [1920, 1080]. Using actual size
9.0121 	EXP 	Created window1 = Window(allowGUI=True, allowStencil=False, autoLog=True, backendConf=UNKNOWN, backgroundFit=<method-wrapper '__getattribute__' of attributeSetter object at 0x0000016DE1E61E20>, backgroundImage=<method-wrapper '__getattribute__' of attributeSetter object at 0x0000016DE1E61DC0>, bitsMode=UNKNOWN, blendMode='avg', bpc=(8, 8, 8), color=array([0, 0, 0]), colorSpace='rgb', depthBits=8, fullscr=<method-wrapper '__getattribute__' of attributeSetter object at 0x0000016DE1E61BE0>, gamma=None, gammaErrorPolicy='raise', lms=UNKNOWN, monitor=<psychopy.monitors.calibTools.Monitor object at 0x0000016DE219BBE0>, multiSample=False, name='window1', numSamples=2, pos=(0, 0), screen=0, size=array([1920, 1080]), stencilBits=0, stereo=False, title='PsychoPy', units='norm', useFBO=True, useRetina=False, viewOri=0.0, viewPos=None, viewScale=None, waitBlanking=True, winType='pyglet')
9.0122 	EXP 	window1: mouseVisible = True
9.0122 	EXP 	window1: backgroundImage = ''
9.0123 	EXP 	window1: backgroundFit = 'none'
9.0147 	EXP 	window1: Attempting to measure frame rate of screen (0) ...
9.0147 	EXP 	window1: recordFrameIntervals = False
9.1784 	EXP 	window1: recordFrameIntervals = True
9.3615 	EXP 	Screen (0) actual frame rate measured at 60.06Hz
9.3616 	EXP 	window1: recordFrameIntervals = False
9.3617 	EXP 	window1: mouseVisible = True
12.0098 	EXP 	bart: status = STARTED
12.0100 	EXP 	window1: mouseVisible = True
12.0144 	EXP 	Created balloon = ShapeStim(__class__=<class 'psychopy.visual.shape.ShapeStim'>, anchor=('center', 'bottom'), autoDraw=False, autoLog=True, closeShape=True, color=method-wrapper(...), colorSpace='rgb', contrast=None, depth=-1.0, draggable=False, fillColor=array([-1., -1.,  1.]), fillColorSpace='rgb', fillRGB=array([-1., -1.,  1.]), interpolate=True, lineColor=array([0., 0., 0.]), lineColorSpace='rgb', lineRGB=array([0., 0., 0.]), lineWidth=1.0, name='balloon', opacity=1.0, ori=0.0, pos=array([ 0. , -0.8]), size=array([1., 1.]), units='norm', vertices=ndarray(...), win=Window(...), windingRule=None)
12.0147 	EXP 	window1: mouseVisible = True
12.0863 	EXP 	Created bank = TextStim(__class__=<class 'psychopy.visual.text.TextStim'>, alignHoriz=method-wrapper(...), alignText='center', alignVert=method-wrapper(...), anchorHoriz='center', anchorVert='center', antialias=True, autoDraw=False, autoLog=True, bold=False, color=array([1., 1., 1.]), colorSpace='rgb', contrast=1.0, depth=-2.0, draggable=False, flipHoriz=False, flipVert=False, font='Open Sans', fontFiles=[], height=0.05, italic=False, languageStyle='LTR', name='bank', opacity=1.0, ori=0.0, pos=array([-0.7, -0.9]), rgb=UNKNOWN, text='press "A" to BANK', units='norm', win=Window(...), wrapWidth=1)
12.0864 	EXP 	window1: mouseVisible = True
12.0954 	EXP 	Created pump = TextStim(__class__=<class 'psychopy.visual.text.TextStim'>, alignHoriz=method-wrapper(...), alignText='center', alignVert=method-wrapper(...), anchorHoriz='center', anchorVert='center', antialias=True, autoDraw=False, autoLog=True, bold=False, color=array([1., 1., 1.]), colorSpace='rgb', contrast=1.0, depth=-3.0, draggable=False, flipHoriz=False, flipVert=False, font='Open Sans', fontFiles=[], height=0.05, italic=False, languageStyle='LTR', name='pump', opacity=1.0, ori=0.0, pos=array([ 0. , -0.9]), rgb=UNKNOWN, text='press "L" to PUMP', units='norm', win=Window(...), wrapWidth=1)
12.0955 	EXP 	window1: mouseVisible = True
12.0968 	EXP 	Created earning = TextStim(__class__=<class 'psychopy.visual.text.TextStim'>, alignHoriz=method-wrapper(...), alignText='center', alignVert=method-wrapper(...), anchorHoriz='center', anchorVert='center', antialias=True, autoDraw=False, autoLog=True, bold=False, color=array([1., 1., 1.]), colorSpace='rgb', contrast=1.0, depth=-4.0, draggable=False, flipHoriz=False, flipVert=False, font='Open Sans', fontFiles=[], height=0.05, italic=False, languageStyle='LTR', name='earning', opacity=1.0, ori=0.0, pos=array([ 0.7, -0.8]), rgb=UNKNOWN, text='', units='norm', win=Window(...), wrapWidth=1)
12.0969 	EXP 	window1: mouseVisible = True
12.0981 	EXP 	Created earningpreviousBalloon = TextStim(__class__=<class 'psychopy.visual.text.TextStim'>, alignHoriz=method-wrapper(...), alignText='center', alignVert=method-wrapper(...), anchorHoriz='center', anchorVert='center', antialias=True, autoDraw=False, autoLog=True, bold=False, color=array([1., 1., 1.]), colorSpace='rgb', contrast=1.0, depth=-5.0, draggable=False, flipHoriz=False, flipVert=False, font='Open Sans', fontFiles=[], height=0.05, italic=False, languageStyle='LTR', name='earningpreviousBalloon', opacity=1.0, ori=0.0, pos=array([ 0.7, -0.9]), rgb=UNKNOWN, text='', units='norm', win=Window(...), wrapWidth=1)
12.0982 	EXP 	window1: mouseVisible = True
12.1094 	EXP 	Created text = TextStim(__class__=<class 'psychopy.visual.text.TextStim'>, alignHoriz=method-wrapper(...), alignText='center', alignVert=method-wrapper(...), anchorHoriz='center', anchorVert='center', antialias=True, autoDraw=False, autoLog=True, bold=False, color=array([-1., -1.,  1.]), colorSpace='rgb', contrast=1.0, depth=0.0, draggable=False, flipHoriz=False, flipVert=False, font='Open Sans', fontFiles=[], height=0.2, italic=False, languageStyle='LTR', name='text', opacity=1.0, ori=0.0, pos=array([0., 0.]), rgb=UNKNOWN, text='BOOM!!', units='norm', win=Window(...), wrapWidth=1)
12.2230 	EXP 	Sound soundEffect set volume 1.000
12.2233 	EXP 	window1: mouseVisible = True
12.2251 	EXP 	Created feedbackFinal = TextStim(__class__=<class 'psychopy.visual.text.TextStim'>, alignHoriz=method-wrapper(...), alignText='center', alignVert=method-wrapper(...), anchorHoriz='center', anchorVert='center', antialias=True, autoDraw=False, autoLog=True, bold=False, color=array([1., 1., 1.]), colorSpace='rgb', contrast=1.0, depth=0.0, draggable=False, flipHoriz=False, flipVert=False, font='Open Sans', fontFiles=[], height=0.05, italic=False, languageStyle='LTR', name='feedbackFinal', opacity=1.0, ori=0.0, pos=array([0., 0.]), rgb=UNKNOWN, text='', units='norm', win=Window(...), wrapWidth=1)
0.0036 	EXP 	Created sequence: sequential, trialTypes=1, nReps=32, seed=None
0.0040 	EXP 	New trial (rep=0, index=0): None
0.0286 	EXP 	balloon: autoDraw = True
0.0286 	EXP 	bank: autoDraw = True
0.0286 	EXP 	pump: autoDraw = True
0.0286 	EXP 	earning: autoDraw = True
0.0286 	EXP 	earningpreviousBalloon: autoDraw = True
0.7726 	DATA 	Keypress: l
1.0378 	DATA 	Keypress: l
1.2505 	DATA 	Keypress: l
1.4390 	DATA 	Keypress: l
1.6503 	DATA 	Keypress: l
1.8337 	DATA 	Keypress: l
1.9878 	DATA 	Keypress: l
2.3831 	DATA 	Keypress: l
2.6877 	DATA 	Keypress: l
2.9827 	DATA 	Keypress: l
3.3325 	DATA 	Keypress: l
3.6863 	DATA 	Keypress: l
3.7017 	EXP 	Sound soundEffect started
3.7143 	EXP 	balloon: autoDraw = False
3.7143 	EXP 	bank: autoDraw = False
3.7143 	EXP 	pump: autoDraw = False
3.7143 	EXP 	earning: autoDraw = False
3.7143 	EXP 	earningpreviousBalloon: autoDraw = False
3.7143 	EXP 	text: autoDraw = True
4.0154 	DATA 	Keypress: l
4.2975 	EXP 	Sound soundEffect reached end of file
4.2976 	EXP 	Sound soundEffect reached end of file
4.6976 	EXP 	New trial (rep=1, index=0): None
4.7134 	EXP 	text: autoDraw = False
4.7134 	EXP 	text: autoDraw = False
4.7134 	EXP 	balloon: autoDraw = True
4.7134 	EXP 	bank: autoDraw = True
4.7134 	EXP 	pump: autoDraw = True
4.7134 	EXP 	earning: autoDraw = True
4.7134 	EXP 	earningpreviousBalloon: autoDraw = True
5.1398 	DATA 	Keypress: l
5.3473 	DATA 	Keypress: l
5.5148 	DATA 	Keypress: l
5.6841 	DATA 	Keypress: l
5.8529 	DATA 	Keypress: l
6.0303 	DATA 	Keypress: l
6.4353 	DATA 	Keypress: l
6.8792 	DATA 	Keypress: l
7.3624 	DATA 	Keypress: l
7.8119 	DATA 	Keypress: l
8.3158 	DATA 	Keypress: l
8.9506 	DATA 	Keypress: l
9.5663 	DATA 	Keypress: l
10.1271 	DATA 	Keypress: l
10.6932 	DATA 	Keypress: l
11.3960 	DATA 	Keypress: l
12.0790 	DATA 	Keypress: l
12.6415 	DATA 	Keypress: l
13.3910 	DATA 	Keypress: l
13.3961 	EXP 	Sound soundEffect started
13.4062 	EXP 	balloon: autoDraw = False
13.4062 	EXP 	bank: autoDraw = False
13.4062 	EXP 	pump: autoDraw = False
13.4062 	EXP 	earning: autoDraw = False
13.4062 	EXP 	earningpreviousBalloon: autoDraw = False
13.4062 	EXP 	text: autoDraw = True
13.9890 	EXP 	Sound soundEffect reached end of file
13.9891 	EXP 	Sound soundEffect reached end of file
14.3895 	EXP 	New trial (rep=2, index=0): None
14.4055 	EXP 	text: autoDraw = False
14.4055 	EXP 	text: autoDraw = False
14.4055 	EXP 	balloon: autoDraw = True
14.4055 	EXP 	bank: autoDraw = True
14.4055 	EXP 	pump: autoDraw = True
14.4055 	EXP 	earning: autoDraw = True
14.4055 	EXP 	earningpreviousBalloon: autoDraw = True
16.7879 	DATA 	Keypress: escape
16.9723 	EXP 	bart: status = STOPPED
16.9864 	EXP 	balloon: autoDraw = False
16.9864 	EXP 	bank: autoDraw = False
16.9864 	EXP 	pump: autoDraw = False
16.9864 	EXP 	earning: autoDraw = False
16.9864 	EXP 	earningpreviousBalloon: autoDraw = False
16.9865 	EXP 	bart: status = STOPPED
17.5439 	EXP 	window1: mouseVisible = True
