6.9709 	WARNING 	User requested fullscreen with size [1280  720], but screen is actually [1920, 1080]. Using actual size
8.5474 	EXP 	Created window1 = Window(allowGUI=True, allowStencil=False, autoLog=True, backendConf=UNKNOWN, backgroundFit=<method-wrapper '__getattribute__' of attributeSetter object at 0x000001CFF336D250>, backgroundImage=<method-wrapper '__getattribute__' of attributeSetter object at 0x000001CFF336D1F0>, bitsMode=UNKNOWN, blendMode='avg', bpc=(8, 8, 8), color=array([0, 0, 0]), colorSpace='rgb', depthBits=8, fullscr=<method-wrapper '__getattribute__' of attributeSetter object at 0x000001CFF336D040>, gamma=None, gammaErrorPolicy='raise', lms=UNKNOWN, monitor=<psychopy.monitors.calibTools.Monitor object at 0x000001CFF367A070>, multiSample=False, name='window1', numSamples=2, pos=(0, 0), screen=0, size=array([1920, 1080]), stencilBits=0, stereo=False, title='PsychoPy', units='norm', useFBO=True, useRetina=False, viewOri=0.0, viewPos=None, viewScale=None, waitBlanking=True, winType='pyglet')
8.5475 	EXP 	window1: mouseVisible = True
8.5475 	EXP 	window1: backgroundImage = ''
8.5475 	EXP 	window1: backgroundFit = 'none'
8.5505 	EXP 	window1: Attempting to measure frame rate of screen (0) ...
8.5506 	EXP 	window1: recordFrameIntervals = False
8.7133 	EXP 	window1: recordFrameIntervals = True
8.8972 	EXP 	Screen (0) actual frame rate measured at 59.93Hz
8.8973 	EXP 	window1: recordFrameIntervals = False
8.8975 	EXP 	window1: mouseVisible = True
11.6734 	EXP 	bart: status = STARTED
11.6736 	EXP 	window1: mouseVisible = True
11.6782 	EXP 	Created balloon = ShapeStim(__class__=<class 'psychopy.visual.shape.ShapeStim'>, anchor=('center', 'bottom'), autoDraw=False, autoLog=True, closeShape=True, color=method-wrapper(...), colorSpace='rgb', contrast=None, depth=-1.0, draggable=False, fillColor=array([-1., -1.,  1.]), fillColorSpace='rgb', fillRGB=array([-1., -1.,  1.]), interpolate=True, lineColor=array([0., 0., 0.]), lineColorSpace='rgb', lineRGB=array([0., 0., 0.]), lineWidth=1.0, name='balloon', opacity=1.0, ori=0.0, pos=array([ 0. , -0.8]), size=array([1., 1.]), units='norm', vertices=ndarray(...), win=Window(...), windingRule=None)
11.6785 	EXP 	window1: mouseVisible = True
11.7518 	EXP 	Created bank = TextStim(__class__=<class 'psychopy.visual.text.TextStim'>, alignHoriz=method-wrapper(...), alignText='center', alignVert=method-wrapper(...), anchorHoriz='center', anchorVert='center', antialias=True, autoDraw=False, autoLog=True, bold=False, color=array([1., 1., 1.]), colorSpace='rgb', contrast=1.0, depth=-2.0, draggable=False, flipHoriz=False, flipVert=False, font='Open Sans', fontFiles=[], height=0.05, italic=False, languageStyle='LTR', name='bank', opacity=1.0, ori=0.0, pos=array([-0.7, -0.9]), rgb=UNKNOWN, text='press "A" to BANK', units='norm', win=Window(...), wrapWidth=1)
11.7519 	EXP 	window1: mouseVisible = True
11.7604 	EXP 	Created pump = TextStim(__class__=<class 'psychopy.visual.text.TextStim'>, alignHoriz=method-wrapper(...), alignText='center', alignVert=method-wrapper(...), anchorHoriz='center', anchorVert='center', antialias=True, autoDraw=False, autoLog=True, bold=False, color=array([1., 1., 1.]), colorSpace='rgb', contrast=1.0, depth=-3.0, draggable=False, flipHoriz=False, flipVert=False, font='Open Sans', fontFiles=[], height=0.05, italic=False, languageStyle='LTR', name='pump', opacity=1.0, ori=0.0, pos=array([ 0. , -0.9]), rgb=UNKNOWN, text='press "L" to PUMP', units='norm', win=Window(...), wrapWidth=1)
11.7606 	EXP 	window1: mouseVisible = True
11.7619 	EXP 	Created earning = TextStim(__class__=<class 'psychopy.visual.text.TextStim'>, alignHoriz=method-wrapper(...), alignText='center', alignVert=method-wrapper(...), anchorHoriz='center', anchorVert='center', antialias=True, autoDraw=False, autoLog=True, bold=False, color=array([1., 1., 1.]), colorSpace='rgb', contrast=1.0, depth=-4.0, draggable=False, flipHoriz=False, flipVert=False, font='Open Sans', fontFiles=[], height=0.05, italic=False, languageStyle='LTR', name='earning', opacity=1.0, ori=0.0, pos=array([ 0.7, -0.8]), rgb=UNKNOWN, text='', units='norm', win=Window(...), wrapWidth=1)
11.7621 	EXP 	window1: mouseVisible = True
11.7634 	EXP 	Created earningpreviousBalloon = TextStim(__class__=<class 'psychopy.visual.text.TextStim'>, alignHoriz=method-wrapper(...), alignText='center', alignVert=method-wrapper(...), anchorHoriz='center', anchorVert='center', antialias=True, autoDraw=False, autoLog=True, bold=False, color=array([1., 1., 1.]), colorSpace='rgb', contrast=1.0, depth=-5.0, draggable=False, flipHoriz=False, flipVert=False, font='Open Sans', fontFiles=[], height=0.05, italic=False, languageStyle='LTR', name='earningpreviousBalloon', opacity=1.0, ori=0.0, pos=array([ 0.7, -0.9]), rgb=UNKNOWN, text='', units='norm', win=Window(...), wrapWidth=1)
11.7635 	EXP 	window1: mouseVisible = True
11.7647 	EXP 	Created debugText = TextStim(__class__=<class 'psychopy.visual.text.TextStim'>, alignHoriz=method-wrapper(...), alignText='center', alignVert=method-wrapper(...), anchorHoriz='center', anchorVert='center', antialias=True, autoDraw=False, autoLog=True, bold=False, color=array([1., 1., 1.]), colorSpace='rgb', contrast=1.0, depth=-6.0, draggable=False, flipHoriz=False, flipVert=False, font='Open Sans', fontFiles=[], height=0.05, italic=False, languageStyle='LTR', name='debugText', opacity=1.0, ori=0.0, pos=array([0. , 0.9]), rgb=UNKNOWN, text='', units='norm', win=Window(...), wrapWidth=1)
11.7649 	EXP 	window1: mouseVisible = True
11.7665 	EXP 	Created feedbackFinal = TextStim(__class__=<class 'psychopy.visual.text.TextStim'>, alignHoriz=method-wrapper(...), alignText='center', alignVert=method-wrapper(...), anchorHoriz='center', anchorVert='center', antialias=True, autoDraw=False, autoLog=True, bold=False, color=array([1., 1., 1.]), colorSpace='rgb', contrast=1.0, depth=0.0, draggable=False, flipHoriz=False, flipVert=False, font='Open Sans', fontFiles=[], height=0.05, italic=False, languageStyle='LTR', name='feedbackFinal', opacity=1.0, ori=0.0, pos=array([0., 0.]), rgb=UNKNOWN, text='', units='norm', win=Window(...), wrapWidth=1)
0.0036 	EXP 	Created sequence: sequential, trialTypes=1, nReps=5, seed=None
0.0038 	EXP 	New trial (rep=0, index=0): None
0.0386 	EXP 	balloon: autoDraw = True
0.0386 	EXP 	bank: autoDraw = True
0.0386 	EXP 	pump: autoDraw = True
0.0386 	EXP 	earning: autoDraw = True
0.0386 	EXP 	earningpreviousBalloon: autoDraw = True
0.0386 	EXP 	debugText: autoDraw = True
1.0170 	DATA 	Keypress: l
1.3774 	DATA 	Keypress: l
1.7780 	DATA 	Keypress: l
2.5941 	DATA 	Keypress: l
2.5963 	EXP 	New trial (rep=1, index=0): None
2.6146 	EXP 	balloon: autoDraw = False
2.6146 	EXP 	bank: autoDraw = False
2.6146 	EXP 	pump: autoDraw = False
2.6146 	EXP 	earning: autoDraw = False
2.6146 	EXP 	earningpreviousBalloon: autoDraw = False
2.6146 	EXP 	debugText: autoDraw = False
2.6146 	EXP 	balloon: autoDraw = True
2.6146 	EXP 	bank: autoDraw = True
2.6146 	EXP 	pump: autoDraw = True
2.6146 	EXP 	earning: autoDraw = True
2.6146 	EXP 	earningpreviousBalloon: autoDraw = True
2.6146 	EXP 	debugText: autoDraw = True
3.0262 	DATA 	Keypress: l
3.2926 	DATA 	Keypress: l
3.5302 	DATA 	Keypress: l
3.7804 	DATA 	Keypress: l
5.0749 	DATA 	Keypress: l
5.0763 	EXP 	New trial (rep=2, index=0): None
5.0899 	EXP 	balloon: autoDraw = False
5.0899 	EXP 	bank: autoDraw = False
5.0899 	EXP 	pump: autoDraw = False
5.0899 	EXP 	earning: autoDraw = False
5.0899 	EXP 	earningpreviousBalloon: autoDraw = False
5.0899 	EXP 	debugText: autoDraw = False
5.0899 	EXP 	balloon: autoDraw = True
5.0899 	EXP 	bank: autoDraw = True
5.0899 	EXP 	pump: autoDraw = True
5.0899 	EXP 	earning: autoDraw = True
5.0899 	EXP 	earningpreviousBalloon: autoDraw = True
5.0899 	EXP 	debugText: autoDraw = True
5.3781 	DATA 	Keypress: l
5.6138 	DATA 	Keypress: l
5.8410 	DATA 	Keypress: l
5.8429 	EXP 	New trial (rep=3, index=0): None
5.8594 	EXP 	balloon: autoDraw = False
5.8594 	EXP 	bank: autoDraw = False
5.8594 	EXP 	pump: autoDraw = False
5.8594 	EXP 	earning: autoDraw = False
5.8594 	EXP 	earningpreviousBalloon: autoDraw = False
5.8594 	EXP 	debugText: autoDraw = False
5.8594 	EXP 	balloon: autoDraw = True
5.8594 	EXP 	bank: autoDraw = True
5.8594 	EXP 	pump: autoDraw = True
5.8594 	EXP 	earning: autoDraw = True
5.8594 	EXP 	earningpreviousBalloon: autoDraw = True
5.8594 	EXP 	debugText: autoDraw = True
6.6231 	DATA 	Keypress: l
6.8568 	DATA 	Keypress: l
7.1063 	DATA 	Keypress: l
7.3836 	DATA 	Keypress: l
7.7061 	DATA 	Keypress: l
21.7114 	DATA 	Keypress: l
21.7127 	EXP 	New trial (rep=4, index=0): None
21.7264 	EXP 	balloon: autoDraw = False
21.7264 	EXP 	bank: autoDraw = False
21.7264 	EXP 	pump: autoDraw = False
21.7264 	EXP 	earning: autoDraw = False
21.7264 	EXP 	earningpreviousBalloon: autoDraw = False
21.7264 	EXP 	debugText: autoDraw = False
21.7264 	EXP 	balloon: autoDraw = True
21.7264 	EXP 	bank: autoDraw = True
21.7264 	EXP 	pump: autoDraw = True
21.7264 	EXP 	earning: autoDraw = True
21.7264 	EXP 	earningpreviousBalloon: autoDraw = True
21.7264 	EXP 	debugText: autoDraw = True
24.5249 	DATA 	Keypress: k
25.1413 	DATA 	Keypress: l
25.6908 	DATA 	Keypress: l
25.7063 	EXP 	balloon: autoDraw = False
25.7063 	EXP 	bank: autoDraw = False
25.7063 	EXP 	pump: autoDraw = False
25.7063 	EXP 	earning: autoDraw = False
25.7063 	EXP 	earningpreviousBalloon: autoDraw = False
25.7063 	EXP 	debugText: autoDraw = False
25.7063 	EXP 	feedbackFinal: height = 0.05
25.7063 	EXP 	feedbackFinal: height = 0.05
25.7063 	EXP 	feedbackFinal: height = 0.05
25.7063 	EXP 	feedbackFinal: text = 'Total earned: 0.0'
25.7063 	EXP 	feedbackFinal: autoDraw = True
26.4404 	DATA 	Keypress: space
26.4557 	EXP 	feedbackFinal: autoDraw = False
26.4557 	EXP 	bart: status = STOPPED
27.0234 	EXP 	window1: mouseVisible = True
