7.9570 	WARNING 	User requested fullscreen with size [1280  720], but screen is actually [1920, 1080]. Using actual size
9.5634 	EXP 	Created window1 = Window(allowGUI=True, allowStencil=False, autoLog=True, backendConf=UNKNOWN, backgroundFit=<method-wrapper '__getattribute__' of attributeSetter object at 0x00000173ADFA1CD0>, backgroundImage=<method-wrapper '__getattribute__' of attributeSetter object at 0x00000173ADFA1970>, bitsMode=UNKNOWN, blendMode='avg', bpc=(8, 8, 8), color=array([0, 0, 0]), colorSpace='rgb', depthBits=8, fullscr=<method-wrapper '__getattribute__' of attributeSetter object at 0x00000173ADFA1AF0>, gamma=None, gammaErrorPolicy='raise', lms=UNKNOWN, monitor=<psychopy.monitors.calibTools.Monitor object at 0x00000173AE2B1820>, multiSample=False, name='window1', numSamples=2, pos=(0, 0), screen=0, size=array([1920, 1080]), stencilBits=0, stereo=False, title='PsychoPy', units='deg', useFBO=True, useRetina=False, viewOri=0.0, viewPos=None, viewScale=None, waitBlanking=True, winType='pyglet')
9.5636 	EXP 	window1: mouseVisible = True
9.5637 	EXP 	window1: backgroundImage = ''
9.5637 	EXP 	window1: backgroundFit = 'none'
9.5702 	EXP 	window1: Attempting to measure frame rate of screen (0) ...
9.5703 	EXP 	window1: recordFrameIntervals = False
9.7293 	EXP 	window1: recordFrameIntervals = True
9.9132 	EXP 	Screen (0) actual frame rate measured at 59.84Hz
9.9132 	EXP 	window1: recordFrameIntervals = False
9.9133 	EXP 	window1: mouseVisible = True
12.5676 	EXP 	bart: status = STARTED
12.5678 	EXP 	window1: mouseVisible = True
12.5717 	EXP 	Created balloon = ShapeStim(__class__=<class 'psychopy.visual.shape.ShapeStim'>, anchor=('center', 'center'), autoDraw=False, autoLog=True, closeShape=True, color=method-wrapper(...), colorSpace='rgb', contrast=None, depth=0.0, draggable=False, fillColor=array([-1., -1.,  1.]), fillColorSpace='rgb', fillRGB=array([-1., -1.,  1.]), interpolate=True, lineColor=array([0., 0., 0.]), lineColorSpace='rgb', lineRGB=array([0., 0., 0.]), lineWidth=1.0, name='balloon', opacity=1.0, ori=0.0, pos=array([0., 0.]), size=array([1., 1.]), units='deg', vertices=ndarray(...), win=Window(...), windingRule=None)
12.5720 	EXP 	window1: mouseVisible = True
12.6398 	EXP 	Created pump = TextStim(__class__=<class 'psychopy.visual.text.TextStim'>, alignHoriz=method-wrapper(...), alignText='center', alignVert=method-wrapper(...), anchorHoriz='center', anchorVert='center', antialias=True, autoDraw=False, autoLog=True, bold=False, color=array([1., 1., 1.]), colorSpace='rgb', contrast=1.0, depth=-1.0, draggable=False, flipHoriz=False, flipVert=False, font='Open Sans', fontFiles=[], height=0.1, italic=False, languageStyle='LTR', name='pump', opacity=1.0, ori=0.0, pos=array([ 0.8, -0.5]), rgb=UNKNOWN, text='PUMP', units='norm', win=Window(...), wrapWidth=1)
12.6399 	EXP 	window1: mouseVisible = True
12.6496 	EXP 	Created bank = TextStim(__class__=<class 'psychopy.visual.text.TextStim'>, alignHoriz=method-wrapper(...), alignText='center', alignVert=method-wrapper(...), anchorHoriz='center', anchorVert='center', antialias=True, autoDraw=False, autoLog=True, bold=False, color=array([1., 1., 1.]), colorSpace='rgb', contrast=1.0, depth=-2.0, draggable=False, flipHoriz=False, flipVert=False, font='Open Sans', fontFiles=[], height=1.0000000000000004, italic=False, languageStyle='LTR', name='bank', opacity=1.0, ori=0.0, pos=array([-0.5, -2. ]), rgb=UNKNOWN, text='BANK', units='deg', win=Window(...), wrapWidth=15.0)
12.6497 	EXP 	window1: mouseVisible = True
0.0099 	EXP 	balloon: autoDraw = True
0.0099 	EXP 	pump: autoDraw = True
0.0099 	EXP 	bank: autoDraw = True
7.8695 	DATA 	Mouse: Left button down, pos=(1727,261)
7.8859 	EXP 	balloon: autoDraw = False
7.8859 	EXP 	pump: autoDraw = False
7.8859 	EXP 	bank: autoDraw = False
7.8860 	EXP 	bart: status = STOPPED
8.0272 	EXP 	window1: mouseVisible = True
