8.4606 	WARNING 	User requested fullscreen with size [1280  720], but screen is actually [1920, 1080]. Using actual size
10.0191 	EXP 	Created window1 = Window(allowGUI=True, allowStencil=False, autoLog=True, backendConf=UNKNOWN, backgroundFit=<method-wrapper '__getattribute__' of attributeSetter object at 0x00000134421A1CD0>, backgroundImage=<method-wrapper '__getattribute__' of attributeSetter object at 0x00000134421A1C70>, bitsMode=UNKNOWN, blendMode='avg', bpc=(8, 8, 8), color=array([0, 0, 0]), colorSpace='rgb', depthBits=8, fullscr=<method-wrapper '__getattribute__' of attributeSetter object at 0x00000134421A1AF0>, gamma=None, gammaErrorPolicy='raise', lms=UNKNOWN, monitor=<psychopy.monitors.calibTools.Monitor object at 0x00000134424C3820>, multiSample=False, name='window1', numSamples=2, pos=(0, 0), screen=0, size=array([1920, 1080]), stencilBits=0, stereo=False, title='PsychoPy', units='deg', useFBO=True, useRetina=False, viewOri=0.0, viewPos=None, viewScale=None, waitBlanking=True, winType='pyglet')
10.0194 	EXP 	window1: mouseVisible = True
10.0194 	EXP 	window1: backgroundImage = ''
10.0195 	EXP 	window1: backgroundFit = 'none'
10.0241 	EXP 	window1: Attempting to measure frame rate of screen (0) ...
10.0242 	EXP 	window1: recordFrameIntervals = False
10.1849 	EXP 	window1: recordFrameIntervals = True
10.3690 	EXP 	Screen (0) actual frame rate measured at 59.84Hz
10.3691 	EXP 	window1: recordFrameIntervals = False
10.3693 	EXP 	window1: mouseVisible = True
13.1595 	EXP 	bart: status = STARTED
13.1597 	EXP 	window1: mouseVisible = True
13.1632 	EXP 	Created polygon = ShapeStim(__class__=<class 'psychopy.visual.shape.ShapeStim'>, anchor=('center', 'center'), autoDraw=False, autoLog=True, closeShape=True, color=method-wrapper(...), colorSpace='rgb', contrast=None, depth=0.0, draggable=False, fillColor=array([-1., -1.,  1.]), fillColorSpace='rgb', fillRGB=array([-1., -1.,  1.]), interpolate=True, lineColor=array([0., 0., 0.]), lineColorSpace='rgb', lineRGB=array([0., 0., 0.]), lineWidth=1.0, name='polygon', opacity=1.0, ori=0.0, pos=array([0., 0.]), size=array([1., 1.]), units='deg', vertices=ndarray(...), win=Window(...), windingRule=None)
13.1634 	EXP 	window1: mouseVisible = True
13.2353 	EXP 	Created pump = TextStim(__class__=<class 'psychopy.visual.text.TextStim'>, alignHoriz=method-wrapper(...), alignText='center', alignVert=method-wrapper(...), anchorHoriz='center', anchorVert='center', antialias=True, autoDraw=False, autoLog=True, bold=False, color=array([1., 1., 1.]), colorSpace='rgb', contrast=1.0, depth=-1.0, draggable=False, flipHoriz=False, flipVert=False, font='Open Sans', fontFiles=[], height=2.000000000000001, italic=False, languageStyle='LTR', name='pump', opacity=1.0, ori=0.0, pos=array([0., 0.]), rgb=UNKNOWN, text='pump', units='deg', win=Window(...), wrapWidth=15.0)
13.2354 	EXP 	window1: mouseVisible = True
0.0082 	EXP 	polygon: autoDraw = True
0.0082 	EXP 	pump: autoDraw = True
1.0079 	EXP 	pump: autoDraw = False
2.8467 	DATA 	Mouse: Left button down, pos=(995,535)
2.9302 	DATA 	Mouse:  Left button up, pos=(995,535)
3.3308 	DATA 	Mouse: Left button down, pos=(954,443)
3.4317 	DATA 	Mouse:  Left button up, pos=(954,443)
3.5481 	DATA 	Mouse: Left button down, pos=(913,435)
3.5988 	DATA 	Mouse:  Left button up, pos=(912,435)
3.6820 	DATA 	Mouse: Left button down, pos=(893,436)
3.7155 	DATA 	Mouse:  Left button up, pos=(881,437)
3.8322 	DATA 	Mouse: Left button down, pos=(515,437)
3.8822 	DATA 	Mouse:  Left button up, pos=(444,415)
3.9656 	DATA 	Mouse: Left button down, pos=(215,346)
4.0328 	DATA 	Mouse:  Left button up, pos=(200,338)
4.2334 	DATA 	Mouse: Left button down, pos=(122,197)
4.3499 	DATA 	Mouse:  Left button up, pos=(136,155)
4.4000 	DATA 	Mouse: Left button down, pos=(136,155)
4.5006 	DATA 	Mouse:  Left button up, pos=(160,153)
4.5674 	DATA 	Mouse: Left button down, pos=(277,154)
4.6507 	DATA 	Mouse:  Left button up, pos=(490,153)
4.7341 	DATA 	Mouse: Left button down, pos=(703,207)
4.8174 	DATA 	Mouse:  Left button up, pos=(804,243)
5.0015 	DATA 	Mouse: Left button down, pos=(1214,424)
5.0847 	DATA 	Mouse:  Left button up, pos=(1251,459)
5.3185 	DATA 	Mouse: Left button down, pos=(1684,929)
5.3854 	DATA 	Mouse:  Left button up, pos=(1684,932)
5.5527 	DATA 	Mouse: Left button down, pos=(1511,1049)
5.6192 	DATA 	Mouse:  Left button up, pos=(1348,1001)
5.8201 	DATA 	Mouse: Left button down, pos=(380,930)
5.9206 	DATA 	Mouse:  Left button up, pos=(376,917)
6.0368 	DATA 	Mouse: Left button down, pos=(385,624)
6.1206 	DATA 	Mouse:  Left button up, pos=(402,594)
6.2540 	DATA 	Mouse: Left button down, pos=(499,462)
6.3542 	DATA 	Mouse:  Left button up, pos=(530,433)
6.4888 	DATA 	Keypress: escape
6.5537 	EXP 	bart: status = STOPPED
6.5698 	EXP 	polygon: autoDraw = False
6.5699 	EXP 	bart: status = STOPPED
6.7907 	EXP 	window1: mouseVisible = True
