7.1750 	WARNING 	User requested fullscreen with size [1280  720], but screen is actually [1920, 1080]. Using actual size
8.7166 	EXP 	Created window1 = Window(allowGUI=True, allowStencil=False, autoLog=True, backendConf=UNKNOWN, backgroundFit=<method-wrapper '__getattribute__' of attributeSetter object at 0x0000020FEC2E1CD0>, backgroundImage=<method-wrapper '__getattribute__' of attributeSetter object at 0x0000020FEC2E1C70>, bitsMode=UNKNOWN, blendMode='avg', bpc=(8, 8, 8), color=array([0, 0, 0]), colorSpace='rgb', depthBits=8, fullscr=<method-wrapper '__getattribute__' of attributeSetter object at 0x0000020FEC2E1AF0>, gamma=None, gammaErrorPolicy='raise', lms=UNKNOWN, monitor=<psychopy.monitors.calibTools.Monitor object at 0x0000020FEC5C36A0>, multiSample=False, name='window1', numSamples=2, pos=(0, 0), screen=0, size=array([1920, 1080]), stencilBits=0, stereo=False, title='PsychoPy', units='deg', useFBO=True, useRetina=False, viewOri=0.0, viewPos=None, viewScale=None, waitBlanking=True, winType='pyglet')
8.7167 	EXP 	window1: mouseVisible = True
8.7168 	EXP 	window1: backgroundImage = ''
8.7168 	EXP 	window1: backgroundFit = 'none'
8.7188 	EXP 	window1: Attempting to measure frame rate of screen (0) ...
8.7188 	EXP 	window1: recordFrameIntervals = False
8.8834 	EXP 	window1: recordFrameIntervals = True
9.0672 	EXP 	Screen (0) actual frame rate measured at 59.91Hz
9.0672 	EXP 	window1: recordFrameIntervals = False
9.0672 	EXP 	window1: mouseVisible = True
11.7117 	EXP 	bart: status = STARTED
11.7120 	EXP 	window1: mouseVisible = True
11.7157 	EXP 	Created polygon = ShapeStim(__class__=<class 'psychopy.visual.shape.ShapeStim'>, anchor=('center', 'center'), autoDraw=False, autoLog=True, closeShape=True, color=method-wrapper(...), colorSpace='rgb', contrast=None, depth=0.0, draggable=False, fillColor=array([-1., -1.,  1.]), fillColorSpace='rgb', fillRGB=array([-1., -1.,  1.]), interpolate=True, lineColor=array([0., 0., 0.]), lineColorSpace='rgb', lineRGB=array([0., 0., 0.]), lineWidth=1.0, name='polygon', opacity=1.0, ori=0.0, pos=array([0., 0.]), size=array([1., 1.]), units='deg', vertices=ndarray(...), win=Window(...), windingRule=None)
11.7160 	EXP 	window1: mouseVisible = True
12.5462 	EXP 	Created pump = TextStim(__class__=<class 'psychopy.visual.text.TextStim'>, alignHoriz=method-wrapper(...), alignText='center', alignVert=method-wrapper(...), anchorHoriz='center', anchorVert='center', antialias=True, autoDraw=False, autoLog=True, bold=False, color=array([1., 1., 1.]), colorSpace='rgb', contrast=1.0, depth=-1.0, draggable=False, flipHoriz=False, flipVert=False, font='Open Sans', fontFiles=[], height=2.0, italic=False, languageStyle='LTR', name='pump', opacity=1.0, ori=0.0, pos=array([ 0., -1.]), rgb=UNKNOWN, text='pump', units='norm', win=Window(...), wrapWidth=1)
12.5463 	EXP 	window1: mouseVisible = True
0.0088 	EXP 	polygon: autoDraw = True
0.0088 	EXP 	pump: autoDraw = True
1.8004 	DATA 	Mouse: Left button down, pos=(806,103)
1.8152 	EXP 	polygon: autoDraw = False
1.8152 	EXP 	pump: autoDraw = False
1.8153 	EXP 	bart: status = STOPPED
1.9102 	DATA 	Mouse:  Left button up, pos=(806,103)
2.0747 	EXP 	window1: mouseVisible = True
