7.6448 	WARNING 	User requested fullscreen with size [1280  720], but screen is actually [1920, 1080]. Using actual size
9.2021 	EXP 	Created window1 = Window(allowGUI=True, allowStencil=False, autoLog=True, backendConf=UNKNOWN, backgroundFit=<method-wrapper '__getattribute__' of attributeSetter object at 0x0000017D08184B80>, backgroundImage=<method-wrapper '__getattribute__' of attributeSetter object at 0x0000017D08184B20>, bitsMode=UNKNOWN, blendMode='avg', bpc=(8, 8, 8), color=array([0, 0, 0]), colorSpace='rgb', depthBits=8, fullscr=<method-wrapper '__getattribute__' of attributeSetter object at 0x0000017D08184940>, gamma=None, gammaErrorPolicy='raise', lms=UNKNOWN, monitor=<psychopy.monitors.calibTools.Monitor object at 0x0000017D084F58B0>, multiSample=False, name='window1', numSamples=2, pos=(0, 0), screen=0, size=array([1920, 1080]), stencilBits=0, stereo=False, title='PsychoPy', units='norm', useFBO=True, useRetina=False, viewOri=0.0, viewPos=None, viewScale=None, waitBlanking=True, winType='pyglet')
9.2022 	EXP 	window1: mouseVisible = True
9.2022 	EXP 	window1: backgroundImage = ''
9.2022 	EXP 	window1: backgroundFit = 'none'
9.2043 	EXP 	window1: Attempting to measure frame rate of screen (0) ...
9.2044 	EXP 	window1: recordFrameIntervals = False
9.3685 	EXP 	window1: recordFrameIntervals = True
9.5519 	EXP 	Screen (0) actual frame rate measured at 60.12Hz
9.5520 	EXP 	window1: recordFrameIntervals = False
9.5521 	EXP 	window1: mouseVisible = True
12.3154 	EXP 	bart: status = STARTED
12.3156 	EXP 	window1: mouseVisible = True
12.3192 	EXP 	Created balloon = ShapeStim(__class__=<class 'psychopy.visual.shape.ShapeStim'>, anchor=('center', 'bottom'), autoDraw=False, autoLog=True, closeShape=True, color=method-wrapper(...), colorSpace='rgb', contrast=None, depth=-1.0, draggable=False, fillColor=array([-1., -1.,  1.]), fillColorSpace='rgb', fillRGB=array([-1., -1.,  1.]), interpolate=True, lineColor=array([0., 0., 0.]), lineColorSpace='rgb', lineRGB=array([0., 0., 0.]), lineWidth=1.0, name='balloon', opacity=1.0, ori=0.0, pos=array([ 0. , -0.9]), size=array([1., 1.]), units='norm', vertices=ndarray(...), win=Window(...), windingRule=None)
12.3195 	EXP 	window1: mouseVisible = True
12.3922 	EXP 	Created pump = TextStim(__class__=<class 'psychopy.visual.text.TextStim'>, alignHoriz=method-wrapper(...), alignText='center', alignVert=method-wrapper(...), anchorHoriz='center', anchorVert='center', antialias=True, autoDraw=False, autoLog=True, bold=False, color=array([1., 1., 1.]), colorSpace='rgb', contrast=1.0, depth=-2.0, draggable=False, flipHoriz=False, flipVert=False, font='Open Sans', fontFiles=[], height=0.05, italic=False, languageStyle='LTR', name='pump', opacity=1.0, ori=0.0, pos=array([ 0.9, -0.9]), rgb=UNKNOWN, text='press "L" to PUMP', units='norm', win=Window(...), wrapWidth=1)
12.3923 	EXP 	window1: mouseVisible = True
12.4009 	EXP 	Created bank = TextStim(__class__=<class 'psychopy.visual.text.TextStim'>, alignHoriz=method-wrapper(...), alignText='center', alignVert=method-wrapper(...), anchorHoriz='center', anchorVert='center', antialias=True, autoDraw=False, autoLog=True, bold=False, color=array([1., 1., 1.]), colorSpace='rgb', contrast=1.0, depth=-3.0, draggable=False, flipHoriz=False, flipVert=False, font='Open Sans', fontFiles=[], height=0.05, italic=False, languageStyle='LTR', name='bank', opacity=1.0, ori=0.0, pos=array([-0.9, -0.9]), rgb=UNKNOWN, text='press "A" to BANK', units='norm', win=Window(...), wrapWidth=1)
12.4011 	EXP 	window1: mouseVisible = True
12.4023 	EXP 	Created debug = TextStim(__class__=<class 'psychopy.visual.text.TextStim'>, alignHoriz=method-wrapper(...), alignText='center', alignVert=method-wrapper(...), anchorHoriz='center', anchorVert='center', antialias=True, autoDraw=False, autoLog=True, bold=False, color=array([1., 1., 1.]), colorSpace='rgb', contrast=1.0, depth=-4.0, draggable=False, flipHoriz=False, flipVert=False, font='Open Sans', fontFiles=[], height=0.05, italic=False, languageStyle='LTR', name='debug', opacity=1.0, ori=0.0, pos=array([0., 0.]), rgb=UNKNOWN, text='', units='norm', win=Window(...), wrapWidth=1)
0.0035 	EXP 	Created sequence: sequential, trialTypes=1, nReps=10, seed=None
0.0037 	EXP 	New trial (rep=0, index=0): None
0.0179 	EXP 	debug: height = 0.05
0.0179 	EXP 	debug: height = 0.05
0.0179 	EXP 	debug: height = 0.05
0.0179 	EXP 	debug: text = '0.0 3'
0.0179 	EXP 	balloon: autoDraw = True
0.0179 	EXP 	pump: autoDraw = True
0.0179 	EXP 	bank: autoDraw = True
0.0179 	EXP 	debug: autoDraw = True
5.0813 	DATA 	Keypress: l
5.8932 	DATA 	Keypress: l
6.7285 	DATA 	Keypress: l
7.6246 	DATA 	Keypress: l
7.6261 	EXP 	New trial (rep=1, index=0): None
7.6405 	EXP 	balloon: autoDraw = False
7.6405 	EXP 	pump: autoDraw = False
7.6405 	EXP 	bank: autoDraw = False
7.6405 	EXP 	debug: autoDraw = False
7.6405 	EXP 	debug: height = 0.05
7.6405 	EXP 	debug: height = 0.05
7.6405 	EXP 	debug: height = 0.05
7.6405 	EXP 	debug: text = '0.0 1'
7.6405 	EXP 	balloon: autoDraw = True
7.6405 	EXP 	pump: autoDraw = True
7.6405 	EXP 	bank: autoDraw = True
7.6405 	EXP 	debug: autoDraw = True
10.9221 	DATA 	Keypress: l
11.8576 	DATA 	Keypress: l
11.8725 	EXP 	New trial (rep=2, index=0): None
11.8870 	EXP 	balloon: autoDraw = False
11.8870 	EXP 	pump: autoDraw = False
11.8870 	EXP 	bank: autoDraw = False
11.8870 	EXP 	debug: autoDraw = False
11.8870 	EXP 	debug: height = 0.05
11.8870 	EXP 	debug: height = 0.05
11.8870 	EXP 	debug: height = 0.05
11.8870 	EXP 	debug: text = '0.0 8'
11.8870 	EXP 	balloon: autoDraw = True
11.8870 	EXP 	pump: autoDraw = True
11.8870 	EXP 	bank: autoDraw = True
11.8870 	EXP 	debug: autoDraw = True
13.6395 	DATA 	Keypress: l
14.0528 	DATA 	Keypress: l
14.3858 	DATA 	Keypress: l
14.7024 	DATA 	Keypress: l
15.0522 	DATA 	Keypress: l
15.4017 	DATA 	Keypress: l
15.7546 	DATA 	Keypress: l
16.3048 	DATA 	Keypress: l
17.1709 	DATA 	Keypress: l
17.1848 	EXP 	New trial (rep=3, index=0): None
17.1993 	EXP 	balloon: autoDraw = False
17.1993 	EXP 	pump: autoDraw = False
17.1993 	EXP 	bank: autoDraw = False
17.1993 	EXP 	debug: autoDraw = False
17.1993 	EXP 	debug: height = 0.05
17.1993 	EXP 	debug: height = 0.05
17.1993 	EXP 	debug: height = 0.05
17.1993 	EXP 	debug: text = '0.0 5'
17.1993 	EXP 	balloon: autoDraw = True
17.1993 	EXP 	pump: autoDraw = True
17.1993 	EXP 	bank: autoDraw = True
17.1993 	EXP 	debug: autoDraw = True
19.8151 	DATA 	Keypress: l
20.1147 	DATA 	Keypress: l
20.3811 	DATA 	Keypress: l
20.6502 	DATA 	Keypress: l
20.9836 	DATA 	Keypress: l
22.6162 	DATA 	Keypress: l
22.6301 	EXP 	New trial (rep=4, index=0): None
22.6449 	EXP 	balloon: autoDraw = False
22.6449 	EXP 	pump: autoDraw = False
22.6449 	EXP 	bank: autoDraw = False
22.6449 	EXP 	debug: autoDraw = False
22.6449 	EXP 	debug: text = '0.0 5'
22.6449 	EXP 	balloon: autoDraw = True
22.6449 	EXP 	pump: autoDraw = True
22.6449 	EXP 	bank: autoDraw = True
22.6449 	EXP 	debug: autoDraw = True
23.8651 	DATA 	Keypress: l
24.1446 	DATA 	Keypress: l
24.3446 	DATA 	Keypress: l
24.5609 	DATA 	Keypress: l
24.8108 	DATA 	Keypress: l
25.4103 	DATA 	Keypress: l
25.4115 	EXP 	New trial (rep=5, index=0): None
25.4258 	EXP 	balloon: autoDraw = False
25.4258 	EXP 	pump: autoDraw = False
25.4258 	EXP 	bank: autoDraw = False
25.4258 	EXP 	debug: autoDraw = False
25.4258 	EXP 	debug: height = 0.05
25.4258 	EXP 	debug: height = 0.05
25.4258 	EXP 	debug: height = 0.05
25.4258 	EXP 	debug: text = '0.0 1'
25.4258 	EXP 	balloon: autoDraw = True
25.4258 	EXP 	pump: autoDraw = True
25.4258 	EXP 	bank: autoDraw = True
25.4258 	EXP 	debug: autoDraw = True
26.7457 	DATA 	Keypress: l
29.6736 	DATA 	Keypress: a
29.6758 	EXP 	New trial (rep=6, index=0): None
29.6888 	EXP 	balloon: autoDraw = False
29.6888 	EXP 	pump: autoDraw = False
29.6888 	EXP 	bank: autoDraw = False
29.6888 	EXP 	debug: autoDraw = False
29.6888 	EXP 	debug: text = '0.0 1'
29.6888 	EXP 	balloon: autoDraw = True
29.6888 	EXP 	pump: autoDraw = True
29.6888 	EXP 	bank: autoDraw = True
29.6888 	EXP 	debug: autoDraw = True
30.8558 	DATA 	Keypress: l
31.3221 	DATA 	Keypress: a
31.3242 	EXP 	New trial (rep=7, index=0): None
31.3375 	EXP 	balloon: autoDraw = False
31.3375 	EXP 	pump: autoDraw = False
31.3375 	EXP 	bank: autoDraw = False
31.3375 	EXP 	debug: autoDraw = False
31.3375 	EXP 	debug: height = 0.05
31.3375 	EXP 	debug: height = 0.05
31.3375 	EXP 	debug: height = 0.05
31.3375 	EXP 	debug: text = '0.0 7'
31.3375 	EXP 	balloon: autoDraw = True
31.3375 	EXP 	pump: autoDraw = True
31.3375 	EXP 	bank: autoDraw = True
31.3375 	EXP 	debug: autoDraw = True
31.9879 	DATA 	Keypress: l
32.2047 	DATA 	Keypress: l
32.3875 	DATA 	Keypress: l
32.6042 	DATA 	Keypress: l
32.8206 	DATA 	Keypress: l
33.0575 	DATA 	Keypress: l
33.3205 	DATA 	Keypress: l
34.5361 	DATA 	Keypress: l
34.5377 	EXP 	New trial (rep=8, index=0): None
34.5515 	EXP 	balloon: autoDraw = False
34.5515 	EXP 	pump: autoDraw = False
34.5515 	EXP 	bank: autoDraw = False
34.5515 	EXP 	debug: autoDraw = False
34.5515 	EXP 	debug: height = 0.05
34.5515 	EXP 	debug: height = 0.05
34.5515 	EXP 	debug: height = 0.05
34.5515 	EXP 	debug: text = '0.0 1'
34.5515 	EXP 	balloon: autoDraw = True
34.5515 	EXP 	pump: autoDraw = True
34.5515 	EXP 	bank: autoDraw = True
34.5515 	EXP 	debug: autoDraw = True
35.8515 	DATA 	Keypress: escape
35.9356 	EXP 	bart: status = STOPPED
35.9506 	EXP 	balloon: autoDraw = False
35.9506 	EXP 	pump: autoDraw = False
35.9506 	EXP 	bank: autoDraw = False
35.9506 	EXP 	debug: autoDraw = False
35.9507 	EXP 	bart: status = STOPPED
36.4162 	EXP 	window1: mouseVisible = True
