7.1043 	WARNING 	User requested fullscreen with size [1280  720], but screen is actually [1920, 1080]. Using actual size
8.6455 	EXP 	Created window1 = Window(allowGUI=True, allowStencil=False, autoLog=True, backendConf=UNKNOWN, backgroundFit=<method-wrapper '__getattribute__' of attributeSetter object at 0x00000207506EEBB0>, backgroundImage=<method-wrapper '__getattribute__' of attributeSetter object at 0x00000207506EEB50>, bitsMode=UNKNOWN, blendMode='avg', bpc=(8, 8, 8), color=array([0, 0, 0]), colorSpace='rgb', depthBits=8, fullscr=<method-wrapper '__getattribute__' of attributeSetter object at 0x00000207506EE970>, gamma=None, gammaErrorPolicy='raise', lms=UNKNOWN, monitor=<psychopy.monitors.calibTools.Monitor object at 0x00000207508C3970>, multiSample=False, name='window1', numSamples=2, pos=(0, 0), screen=0, size=array([1920, 1080]), stencilBits=0, stereo=False, title='PsychoPy', units='deg', useFBO=True, useRetina=False, viewOri=0.0, viewPos=None, viewScale=None, waitBlanking=True, winType='pyglet')
8.6456 	EXP 	window1: mouseVisible = True
8.6457 	EXP 	window1: backgroundImage = ''
8.6457 	EXP 	window1: backgroundFit = 'none'
8.6517 	EXP 	window1: Attempting to measure frame rate of screen (0) ...
8.6518 	EXP 	window1: recordFrameIntervals = False
8.8115 	EXP 	window1: recordFrameIntervals = True
8.9954 	EXP 	Screen (0) actual frame rate measured at 59.87Hz
8.9955 	EXP 	window1: recordFrameIntervals = False
8.9955 	EXP 	window1: mouseVisible = True
11.6547 	EXP 	bart: status = STARTED
11.6549 	EXP 	window1: mouseVisible = True
11.6588 	EXP 	Created balloon = ShapeStim(__class__=<class 'psychopy.visual.shape.ShapeStim'>, anchor=('center', 'center'), autoDraw=False, autoLog=True, closeShape=True, color=method-wrapper(...), colorSpace='rgb', contrast=None, depth=0.0, draggable=False, fillColor=array([-1., -1.,  1.]), fillColorSpace='rgb', fillRGB=array([-1., -1.,  1.]), interpolate=True, lineColor=array([0., 0., 0.]), lineColorSpace='rgb', lineRGB=array([0., 0., 0.]), lineWidth=1.0, name='balloon', opacity=1.0, ori=0.0, pos=array([0., 0.]), size=array([1., 1.]), units='deg', vertices=ndarray(...), win=Window(...), windingRule=None)
11.6590 	EXP 	window1: mouseVisible = True
11.7245 	EXP 	Created pump = TextStim(__class__=<class 'psychopy.visual.text.TextStim'>, alignHoriz=method-wrapper(...), alignText='center', alignVert=method-wrapper(...), anchorHoriz='center', anchorVert='center', antialias=True, autoDraw=False, autoLog=True, bold=False, color=array([1., 1., 1.]), colorSpace='rgb', contrast=1.0, depth=-1.0, draggable=False, flipHoriz=False, flipVert=False, font='Open Sans', fontFiles=[], height=0.1, italic=False, languageStyle='LTR', name='pump', opacity=1.0, ori=0.0, pos=array([ 0.9, -0.9]), rgb=UNKNOWN, text='PUMP', units='norm', win=Window(...), wrapWidth=1)
11.7246 	EXP 	window1: mouseVisible = True
11.7350 	EXP 	Created bank = TextStim(__class__=<class 'psychopy.visual.text.TextStim'>, alignHoriz=method-wrapper(...), alignText='center', alignVert=method-wrapper(...), anchorHoriz='center', anchorVert='center', antialias=True, autoDraw=False, autoLog=True, bold=False, color=array([1., 1., 1.]), colorSpace='rgb', contrast=1.0, depth=-2.0, draggable=False, flipHoriz=False, flipVert=False, font='Open Sans', fontFiles=[], height=0.1, italic=False, languageStyle='LTR', name='bank', opacity=1.0, ori=0.0, pos=array([-0.9, -0.9]), rgb=UNKNOWN, text='BANK', units='norm', win=Window(...), wrapWidth=1)
11.7351 	EXP 	window1: mouseVisible = True
0.0089 	EXP 	balloon: autoDraw = True
0.0089 	EXP 	pump: autoDraw = True
0.0089 	EXP 	bank: autoDraw = True
8.2174 	DATA 	Mouse: Left button down, pos=(1831,59)
8.2334 	EXP 	balloon: autoDraw = False
8.2334 	EXP 	pump: autoDraw = False
8.2334 	EXP 	bank: autoDraw = False
8.2335 	EXP 	bart: status = STOPPED
8.3608 	EXP 	window1: mouseVisible = True
