8.7817 	WARNING 	User requested fullscreen with size [1280  720], but screen is actually [1920, 1080]. Using actual size
10.3620 	EXP 	Created window1 = Window(allowGUI=True, allowStencil=False, autoLog=True, backendConf=UNKNOWN, backgroundFit=<method-wrapper '__getattribute__' of attributeSetter object at 0x000001C05F995C70>, backgroundImage=<method-wrapper '__getattribute__' of attributeSetter object at 0x000001C05F995C10>, bitsMode=UNKNOWN, blendMode='avg', bpc=(8, 8, 8), color=array([0, 0, 0]), colorSpace='rgb', depthBits=8, fullscr=<method-wrapper '__getattribute__' of attributeSetter object at 0x000001C05F995A60>, gamma=None, gammaErrorPolicy='raise', lms=UNKNOWN, monitor=<psychopy.monitors.calibTools.Monitor object at 0x000001C05FB634F0>, multiSample=False, name='window1', numSamples=2, pos=(0, 0), screen=0, size=array([1920, 1080]), stencilBits=0, stereo=False, title='PsychoPy', units='norm', useFBO=True, useRetina=False, viewOri=0.0, viewPos=None, viewScale=None, waitBlanking=True, winType='pyglet')
10.3621 	EXP 	window1: mouseVisible = True
10.3622 	EXP 	window1: backgroundImage = ''
10.3622 	EXP 	window1: backgroundFit = 'none'
10.3650 	EXP 	window1: Attempting to measure frame rate of screen (0) ...
10.3650 	EXP 	window1: recordFrameIntervals = False
10.5287 	EXP 	window1: recordFrameIntervals = True
10.7131 	EXP 	Screen (0) actual frame rate measured at 59.85Hz
10.7132 	EXP 	window1: recordFrameIntervals = False
10.7134 	EXP 	window1: mouseVisible = True
13.3809 	EXP 	bart: status = STARTED
13.3811 	EXP 	window1: mouseVisible = True
13.3851 	EXP 	Created balloon = ShapeStim(__class__=<class 'psychopy.visual.shape.ShapeStim'>, anchor=('center', 'bottom'), autoDraw=False, autoLog=True, closeShape=True, color=method-wrapper(...), colorSpace='rgb', contrast=None, depth=-1.0, draggable=False, fillColor=array([-1., -1.,  1.]), fillColorSpace='rgb', fillRGB=array([-1., -1.,  1.]), interpolate=True, lineColor=array([0., 0., 0.]), lineColorSpace='rgb', lineRGB=array([0., 0., 0.]), lineWidth=1.0, name='balloon', opacity=1.0, ori=0.0, pos=array([ 0. , -0.9]), size=array([0.1, 0.2]), units='norm', vertices=ndarray(...), win=Window(...), windingRule=None)
13.3853 	EXP 	window1: mouseVisible = True
13.4496 	EXP 	Created pump = TextStim(__class__=<class 'psychopy.visual.text.TextStim'>, alignHoriz=method-wrapper(...), alignText='center', alignVert=method-wrapper(...), anchorHoriz='center', anchorVert='center', antialias=True, autoDraw=False, autoLog=True, bold=False, color=array([1., 1., 1.]), colorSpace='rgb', contrast=1.0, depth=-2.0, draggable=False, flipHoriz=False, flipVert=False, font='Open Sans', fontFiles=[], height=0.1, italic=False, languageStyle='LTR', name='pump', opacity=1.0, ori=0.0, pos=array([ 0.9, -0.9]), rgb=UNKNOWN, text='PUMP', units='norm', win=Window(...), wrapWidth=1)
13.4498 	EXP 	window1: mouseVisible = True
13.4573 	EXP 	Created bank = TextStim(__class__=<class 'psychopy.visual.text.TextStim'>, alignHoriz=method-wrapper(...), alignText='center', alignVert=method-wrapper(...), anchorHoriz='center', anchorVert='center', antialias=True, autoDraw=False, autoLog=True, bold=False, color=array([1., 1., 1.]), colorSpace='rgb', contrast=1.0, depth=-3.0, draggable=False, flipHoriz=False, flipVert=False, font='Open Sans', fontFiles=[], height=0.1, italic=False, languageStyle='LTR', name='bank', opacity=1.0, ori=0.0, pos=array([-0.9, -0.9]), rgb=UNKNOWN, text='BANK', units='norm', win=Window(...), wrapWidth=1)
0.0036 	EXP 	Created sequence: sequential, trialTypes=1, nReps=5, seed=None
0.0038 	EXP 	New trial (rep=0, index=0): None
0.0110 	EXP 	balloon: autoDraw = True
0.0110 	EXP 	pump: autoDraw = True
0.0110 	EXP 	bank: autoDraw = True
2.9712 	DATA 	Keypress: a
3.5882 	DATA 	Keypress: a
4.0557 	DATA 	Keypress: a
4.2061 	DATA 	Keypress: l
4.3729 	DATA 	Keypress: l
4.5406 	DATA 	Keypress: l
4.7251 	DATA 	Keypress: a
7.6470 	DATA 	Mouse: Left button down, pos=(1826,45)
7.7141 	DATA 	Mouse:  Left button up, pos=(1826,45)
8.8495 	DATA 	Mouse: Left button down, pos=(1389,238)
8.9166 	DATA 	Mouse:  Left button up, pos=(1389,238)
9.0167 	DATA 	Mouse: Left button down, pos=(1389,238)
9.0503 	DATA 	Mouse:  Left button up, pos=(1389,238)
9.1667 	DATA 	Keypress: escape
9.2314 	EXP 	bart: status = STOPPED
9.2471 	EXP 	balloon: autoDraw = False
9.2471 	EXP 	pump: autoDraw = False
9.2471 	EXP 	bank: autoDraw = False
9.2471 	EXP 	bart: status = STOPPED
9.7467 	EXP 	window1: mouseVisible = True
