7.3133 	WARNING 	User requested fullscreen with size [1280  720], but screen is actually [1920, 1080]. Using actual size
8.8893 	EXP 	Created window1 = Window(allowGUI=True, allowStencil=False, autoLog=True, backendConf=UNKNOWN, backgroundFit=<method-wrapper '__getattribute__' of attributeSetter object at 0x000001CBD54C2DC0>, backgroundImage=<method-wrapper '__getattribute__' of attributeSetter object at 0x000001CBD54C2D60>, bitsMode=UNKNOWN, blendMode='avg', bpc=(8, 8, 8), color=array([0, 0, 0]), colorSpace='rgb', depthBits=8, fullscr=<method-wrapper '__getattribute__' of attributeSetter object at 0x000001CBD54C2B80>, gamma=None, gammaErrorPolicy='raise', lms=UNKNOWN, monitor=<psychopy.monitors.calibTools.Monitor object at 0x000001CBD5619BE0>, multiSample=False, name='window1', numSamples=2, pos=(0, 0), screen=0, size=array([1920, 1080]), stencilBits=0, stereo=False, title='PsychoPy', units='norm', useFBO=True, useRetina=False, viewOri=0.0, viewPos=None, viewScale=None, waitBlanking=True, winType='pyglet')
8.8894 	EXP 	window1: mouseVisible = True
8.8894 	EXP 	window1: backgroundImage = ''
8.8894 	EXP 	window1: backgroundFit = 'none'
8.8911 	EXP 	window1: Attempting to measure frame rate of screen (0) ...
8.8911 	EXP 	window1: recordFrameIntervals = False
9.0558 	EXP 	window1: recordFrameIntervals = True
9.2391 	EXP 	Screen (0) actual frame rate measured at 60.09Hz
9.2392 	EXP 	window1: recordFrameIntervals = False
9.2393 	EXP 	window1: mouseVisible = True
12.0310 	EXP 	bart: status = STARTED
12.0314 	EXP 	window1: mouseVisible = True
12.0372 	EXP 	Created balloon = ShapeStim(__class__=<class 'psychopy.visual.shape.ShapeStim'>, anchor=('center', 'bottom'), autoDraw=False, autoLog=True, closeShape=True, color=method-wrapper(...), colorSpace='rgb', contrast=None, depth=-1.0, draggable=False, fillColor=array([-1., -1.,  1.]), fillColorSpace='rgb', fillRGB=array([-1., -1.,  1.]), interpolate=True, lineColor=array([0., 0., 0.]), lineColorSpace='rgb', lineRGB=array([0., 0., 0.]), lineWidth=1.0, name='balloon', opacity=1.0, ori=0.0, pos=array([ 0. , -0.8]), size=array([1., 1.]), units='norm', vertices=ndarray(...), win=Window(...), windingRule=None)
12.0375 	EXP 	window1: mouseVisible = True
12.1204 	EXP 	Created bank = TextStim(__class__=<class 'psychopy.visual.text.TextStim'>, alignHoriz=method-wrapper(...), alignText='center', alignVert=method-wrapper(...), anchorHoriz='center', anchorVert='center', antialias=True, autoDraw=False, autoLog=True, bold=False, color=array([1., 1., 1.]), colorSpace='rgb', contrast=1.0, depth=-2.0, draggable=False, flipHoriz=False, flipVert=False, font='Open Sans', fontFiles=[], height=0.05, italic=False, languageStyle='LTR', name='bank', opacity=1.0, ori=0.0, pos=array([-0.7, -0.9]), rgb=UNKNOWN, text='press "A" to BANK', units='norm', win=Window(...), wrapWidth=1)
12.1205 	EXP 	window1: mouseVisible = True
12.1294 	EXP 	Created pump = TextStim(__class__=<class 'psychopy.visual.text.TextStim'>, alignHoriz=method-wrapper(...), alignText='center', alignVert=method-wrapper(...), anchorHoriz='center', anchorVert='center', antialias=True, autoDraw=False, autoLog=True, bold=False, color=array([1., 1., 1.]), colorSpace='rgb', contrast=1.0, depth=-3.0, draggable=False, flipHoriz=False, flipVert=False, font='Open Sans', fontFiles=[], height=0.05, italic=False, languageStyle='LTR', name='pump', opacity=1.0, ori=0.0, pos=array([ 0. , -0.9]), rgb=UNKNOWN, text='press "L" to PUMP', units='norm', win=Window(...), wrapWidth=1)
12.1296 	EXP 	window1: mouseVisible = True
12.1311 	EXP 	Created earning = TextStim(__class__=<class 'psychopy.visual.text.TextStim'>, alignHoriz=method-wrapper(...), alignText='center', alignVert=method-wrapper(...), anchorHoriz='center', anchorVert='center', antialias=True, autoDraw=False, autoLog=True, bold=False, color=array([1., 1., 1.]), colorSpace='rgb', contrast=1.0, depth=-4.0, draggable=False, flipHoriz=False, flipVert=False, font='Open Sans', fontFiles=[], height=0.05, italic=False, languageStyle='LTR', name='earning', opacity=1.0, ori=0.0, pos=array([ 0.7, -0.8]), rgb=UNKNOWN, text='', units='norm', win=Window(...), wrapWidth=1)
12.1312 	EXP 	window1: mouseVisible = True
12.1329 	EXP 	Created earningpreviousBalloon = TextStim(__class__=<class 'psychopy.visual.text.TextStim'>, alignHoriz=method-wrapper(...), alignText='center', alignVert=method-wrapper(...), anchorHoriz='center', anchorVert='center', antialias=True, autoDraw=False, autoLog=True, bold=False, color=array([1., 1., 1.]), colorSpace='rgb', contrast=1.0, depth=-5.0, draggable=False, flipHoriz=False, flipVert=False, font='Open Sans', fontFiles=[], height=0.05, italic=False, languageStyle='LTR', name='earningpreviousBalloon', opacity=1.0, ori=0.0, pos=array([ 0.7, -0.9]), rgb=UNKNOWN, text='', units='norm', win=Window(...), wrapWidth=1)
12.1331 	EXP 	window1: mouseVisible = True
12.1429 	EXP 	Created text = TextStim(__class__=<class 'psychopy.visual.text.TextStim'>, alignHoriz=method-wrapper(...), alignText='center', alignVert=method-wrapper(...), anchorHoriz='center', anchorVert='center', antialias=True, autoDraw=False, autoLog=True, bold=False, color=array([-1., -1.,  1.]), colorSpace='rgb', contrast=1.0, depth=0.0, draggable=False, flipHoriz=False, flipVert=False, font='Open Sans', fontFiles=[], height=0.2, italic=False, languageStyle='LTR', name='text', opacity=1.0, ori=0.0, pos=array([0., 0.]), rgb=UNKNOWN, text='BOOM!!', units='norm', win=Window(...), wrapWidth=1)
12.5987 	EXP 	Sound soundEffect set volume 1.000
12.5989 	EXP 	window1: mouseVisible = True
12.6023 	EXP 	Created feedbackFinal = TextStim(__class__=<class 'psychopy.visual.text.TextStim'>, alignHoriz=method-wrapper(...), alignText='center', alignVert=method-wrapper(...), anchorHoriz='center', anchorVert='center', antialias=True, autoDraw=False, autoLog=True, bold=False, color=array([1., 1., 1.]), colorSpace='rgb', contrast=1.0, depth=0.0, draggable=False, flipHoriz=False, flipVert=False, font='Open Sans', fontFiles=[], height=0.05, italic=False, languageStyle='LTR', name='feedbackFinal', opacity=1.0, ori=0.0, pos=array([0., 0.]), rgb=UNKNOWN, text='', units='norm', win=Window(...), wrapWidth=1)
0.0035 	EXP 	Created sequence: sequential, trialTypes=1, nReps=32, seed=None
0.0040 	EXP 	New trial (rep=0, index=0): None
0.0285 	EXP 	balloon: autoDraw = True
0.0285 	EXP 	bank: autoDraw = True
0.0285 	EXP 	pump: autoDraw = True
0.0285 	EXP 	earning: autoDraw = True
0.0285 	EXP 	earningpreviousBalloon: autoDraw = True
1.4511 	DATA 	Keypress: l
1.7663 	DATA 	Keypress: l
1.9161 	DATA 	Keypress: l
2.1326 	DATA 	Keypress: l
2.4326 	DATA 	Keypress: l
2.7361 	DATA 	Keypress: l
3.0713 	DATA 	Keypress: l
3.4150 	DATA 	Keypress: l
3.7819 	DATA 	Keypress: l
4.1811 	DATA 	Keypress: l
4.6022 	DATA 	Keypress: l
4.8809 	DATA 	Keypress: l
5.1017 	DATA 	Keypress: l
5.4304 	DATA 	Keypress: l
5.6968 	DATA 	Keypress: l
5.9466 	DATA 	Keypress: l
6.3298 	DATA 	Keypress: l
6.7504 	DATA 	Keypress: l
7.3121 	DATA 	Keypress: a
7.3277 	EXP 	Sound soundEffect started
7.3280 	EXP 	Sound soundEffect stopped
7.3289 	EXP 	New trial (rep=1, index=0): None
7.3986 	EXP 	balloon: autoDraw = False
7.3986 	EXP 	bank: autoDraw = False
7.3986 	EXP 	pump: autoDraw = False
7.3986 	EXP 	earning: autoDraw = False
7.3986 	EXP 	earningpreviousBalloon: autoDraw = False
7.3986 	EXP 	text: autoDraw = True
7.3986 	EXP 	text: autoDraw = False
7.3986 	EXP 	text: autoDraw = False
7.3986 	EXP 	balloon: autoDraw = True
7.3986 	EXP 	bank: autoDraw = True
7.3986 	EXP 	pump: autoDraw = True
7.3986 	EXP 	earning: autoDraw = True
7.3986 	EXP 	earningpreviousBalloon: autoDraw = True
7.8112 	DATA 	Keypress: l
8.0610 	DATA 	Keypress: l
8.4146 	DATA 	Keypress: l
8.6988 	DATA 	Keypress: l
8.8974 	DATA 	Keypress: l
9.0439 	DATA 	Keypress: l
9.2641 	DATA 	Keypress: l
9.4766 	DATA 	Keypress: l
9.8098 	DATA 	Keypress: l
10.0972 	DATA 	Keypress: l
10.4631 	DATA 	Keypress: l
10.7424 	DATA 	Keypress: l
11.0423 	DATA 	Keypress: l
11.3755 	DATA 	Keypress: l
11.6752 	DATA 	Keypress: l
11.9748 	DATA 	Keypress: l
12.3285 	DATA 	Keypress: l
12.8242 	DATA 	Keypress: l
13.2574 	DATA 	Keypress: a
13.2731 	EXP 	Sound soundEffect started
13.2779 	EXP 	Sound soundEffect stopped
13.2787 	EXP 	New trial (rep=2, index=0): None
13.2928 	EXP 	balloon: autoDraw = False
13.2928 	EXP 	bank: autoDraw = False
13.2928 	EXP 	pump: autoDraw = False
13.2928 	EXP 	earning: autoDraw = False
13.2928 	EXP 	earningpreviousBalloon: autoDraw = False
13.2928 	EXP 	text: autoDraw = True
13.2928 	EXP 	text: autoDraw = False
13.2928 	EXP 	text: autoDraw = False
13.2928 	EXP 	balloon: autoDraw = True
13.2928 	EXP 	bank: autoDraw = True
13.2928 	EXP 	pump: autoDraw = True
13.2928 	EXP 	earning: autoDraw = True
13.2928 	EXP 	earningpreviousBalloon: autoDraw = True
13.7230 	DATA 	Keypress: l
13.8729 	DATA 	Keypress: l
14.0396 	DATA 	Keypress: l
14.2228 	DATA 	Keypress: l
14.4226 	DATA 	Keypress: l
14.6390 	DATA 	Keypress: l
14.8228 	DATA 	Keypress: l
14.9887 	DATA 	Keypress: l
15.1938 	DATA 	Keypress: l
15.3934 	DATA 	Keypress: l
15.5885 	DATA 	Keypress: l
15.7590 	DATA 	Keypress: l
15.9715 	DATA 	Keypress: l
16.1548 	DATA 	Keypress: l
16.3381 	DATA 	Keypress: l
16.5379 	DATA 	Keypress: l
16.7210 	DATA 	Keypress: l
16.9378 	DATA 	Keypress: l
17.1917 	DATA 	Keypress: l
17.4583 	DATA 	Keypress: l
17.8073 	DATA 	Keypress: l
18.1920 	DATA 	Keypress: l
18.5743 	DATA 	Keypress: a
18.6022 	EXP 	Sound soundEffect started
18.6083 	EXP 	Sound soundEffect stopped
18.6092 	EXP 	New trial (rep=3, index=0): None
18.6260 	EXP 	balloon: autoDraw = False
18.6260 	EXP 	bank: autoDraw = False
18.6260 	EXP 	pump: autoDraw = False
18.6260 	EXP 	earning: autoDraw = False
18.6260 	EXP 	earningpreviousBalloon: autoDraw = False
18.6260 	EXP 	text: autoDraw = True
18.6260 	EXP 	text: autoDraw = False
18.6260 	EXP 	text: autoDraw = False
18.6260 	EXP 	balloon: autoDraw = True
18.6260 	EXP 	bank: autoDraw = True
18.6260 	EXP 	pump: autoDraw = True
18.6260 	EXP 	earning: autoDraw = True
18.6260 	EXP 	earningpreviousBalloon: autoDraw = True
18.9023 	DATA 	Keypress: l
19.0520 	DATA 	Keypress: l
19.2353 	DATA 	Keypress: l
19.4185 	DATA 	Keypress: l
19.5849 	DATA 	Keypress: l
19.7515 	DATA 	Keypress: l
19.9350 	DATA 	Keypress: l
20.1052 	DATA 	Keypress: l
20.4344 	DATA 	Keypress: l
20.6179 	DATA 	Keypress: l
20.7841 	DATA 	Keypress: l
20.9544 	DATA 	Keypress: l
21.1220 	DATA 	Keypress: l
21.3044 	DATA 	Keypress: l
21.4839 	DATA 	Keypress: l
21.6672 	DATA 	Keypress: l
21.8668 	DATA 	Keypress: l
22.0669 	DATA 	Keypress: l
22.2669 	DATA 	Keypress: l
22.6994 	DATA 	Keypress: l
22.8828 	DATA 	Keypress: l
23.2491 	DATA 	Keypress: a
23.2647 	EXP 	Sound soundEffect started
23.2583 	EXP 	Sound soundEffect stopped
23.2591 	EXP 	New trial (rep=4, index=0): None
23.2787 	EXP 	balloon: autoDraw = False
23.2787 	EXP 	bank: autoDraw = False
23.2787 	EXP 	pump: autoDraw = False
23.2787 	EXP 	earning: autoDraw = False
23.2787 	EXP 	earningpreviousBalloon: autoDraw = False
23.2787 	EXP 	text: autoDraw = True
23.2787 	EXP 	text: autoDraw = False
23.2787 	EXP 	text: autoDraw = False
23.2787 	EXP 	balloon: autoDraw = True
23.2787 	EXP 	bank: autoDraw = True
23.2787 	EXP 	pump: autoDraw = True
23.2787 	EXP 	earning: autoDraw = True
23.2787 	EXP 	earningpreviousBalloon: autoDraw = True
23.6648 	DATA 	Keypress: l
23.8218 	DATA 	Keypress: l
23.9981 	DATA 	Keypress: l
24.1684 	DATA 	Keypress: l
24.1970 	EXP 	Sound soundEffect started
24.1968 	EXP 	balloon: autoDraw = False
24.1968 	EXP 	bank: autoDraw = False
24.1968 	EXP 	pump: autoDraw = False
24.1968 	EXP 	earning: autoDraw = False
24.1968 	EXP 	earningpreviousBalloon: autoDraw = False
24.1968 	EXP 	text: autoDraw = True
24.3484 	DATA 	Keypress: l
24.7767 	EXP 	Sound soundEffect reached end of file
24.7768 	EXP 	Sound soundEffect reached end of file
25.1804 	EXP 	New trial (rep=5, index=0): None
25.1961 	EXP 	text: autoDraw = False
25.1961 	EXP 	text: autoDraw = False
25.1961 	EXP 	balloon: autoDraw = True
25.1961 	EXP 	bank: autoDraw = True
25.1961 	EXP 	pump: autoDraw = True
25.1961 	EXP 	earning: autoDraw = True
25.1961 	EXP 	earningpreviousBalloon: autoDraw = True
25.3802 	DATA 	Keypress: l
25.5342 	DATA 	Keypress: l
25.7302 	DATA 	Keypress: l
25.8965 	DATA 	Keypress: l
26.0630 	DATA 	Keypress: l
26.2338 	DATA 	Keypress: l
26.2621 	EXP 	Sound soundEffect started
26.2619 	EXP 	balloon: autoDraw = False
26.2619 	EXP 	bank: autoDraw = False
26.2619 	EXP 	pump: autoDraw = False
26.2619 	EXP 	earning: autoDraw = False
26.2619 	EXP 	earningpreviousBalloon: autoDraw = False
26.2619 	EXP 	text: autoDraw = True
26.4134 	DATA 	Keypress: l
26.8404 	EXP 	Sound soundEffect reached end of file
26.8405 	EXP 	Sound soundEffect reached end of file
27.2451 	EXP 	New trial (rep=6, index=0): None
27.2610 	EXP 	text: autoDraw = False
27.2610 	EXP 	text: autoDraw = False
27.2610 	EXP 	balloon: autoDraw = True
27.2610 	EXP 	bank: autoDraw = True
27.2610 	EXP 	pump: autoDraw = True
27.2610 	EXP 	earning: autoDraw = True
27.2610 	EXP 	earningpreviousBalloon: autoDraw = True
27.5619 	DATA 	Keypress: l
27.5775 	EXP 	Sound soundEffect started
27.5772 	EXP 	balloon: autoDraw = False
27.5772 	EXP 	bank: autoDraw = False
27.5772 	EXP 	pump: autoDraw = False
27.5772 	EXP 	earning: autoDraw = False
27.5772 	EXP 	earningpreviousBalloon: autoDraw = False
27.5772 	EXP 	text: autoDraw = True
27.8293 	DATA 	Keypress: l
28.1465 	EXP 	Sound soundEffect reached end of file
28.1466 	EXP 	Sound soundEffect reached end of file
28.5610 	EXP 	New trial (rep=7, index=0): None
28.5766 	EXP 	text: autoDraw = False
28.5766 	EXP 	text: autoDraw = False
28.5766 	EXP 	balloon: autoDraw = True
28.5766 	EXP 	bank: autoDraw = True
28.5766 	EXP 	pump: autoDraw = True
28.5766 	EXP 	earning: autoDraw = True
28.5766 	EXP 	earningpreviousBalloon: autoDraw = True
28.9608 	DATA 	Keypress: l
29.2474 	DATA 	Keypress: l
29.4270 	DATA 	Keypress: l
29.5770 	DATA 	Keypress: l
29.7431 	DATA 	Keypress: l
29.9100 	DATA 	Keypress: l
30.0805 	DATA 	Keypress: l
30.2470 	DATA 	Keypress: l
30.4264 	DATA 	Keypress: l
30.5927 	DATA 	Keypress: l
30.7463 	DATA 	Keypress: l
30.9133 	DATA 	Keypress: l
31.0796 	DATA 	Keypress: l
31.2465 	DATA 	Keypress: l
31.4256 	DATA 	Keypress: l
31.5756 	DATA 	Keypress: l
31.7254 	DATA 	Keypress: l
31.8756 	DATA 	Keypress: a
31.8909 	EXP 	Sound soundEffect started
31.9078 	EXP 	Sound soundEffect stopped
31.9086 	EXP 	New trial (rep=8, index=0): None
31.9249 	EXP 	balloon: autoDraw = False
31.9249 	EXP 	bank: autoDraw = False
31.9249 	EXP 	pump: autoDraw = False
31.9249 	EXP 	earning: autoDraw = False
31.9249 	EXP 	earningpreviousBalloon: autoDraw = False
31.9249 	EXP 	text: autoDraw = True
31.9249 	EXP 	text: autoDraw = False
31.9249 	EXP 	text: autoDraw = False
31.9249 	EXP 	balloon: autoDraw = True
31.9249 	EXP 	bank: autoDraw = True
31.9249 	EXP 	pump: autoDraw = True
31.9249 	EXP 	earning: autoDraw = True
31.9249 	EXP 	earningpreviousBalloon: autoDraw = True
32.0629 	DATA 	Keypress: l
32.2246 	DATA 	Keypress: l
32.3287 	DATA 	Keypress: a
32.3568 	EXP 	Sound soundEffect started
32.3481 	EXP 	Sound soundEffect stopped
32.3488 	EXP 	New trial (rep=9, index=0): None
32.3627 	EXP 	balloon: autoDraw = False
32.3627 	EXP 	bank: autoDraw = False
32.3627 	EXP 	pump: autoDraw = False
32.3627 	EXP 	earning: autoDraw = False
32.3627 	EXP 	earningpreviousBalloon: autoDraw = False
32.3627 	EXP 	text: autoDraw = True
32.3627 	EXP 	text: autoDraw = False
32.3627 	EXP 	text: autoDraw = False
32.3627 	EXP 	balloon: autoDraw = True
32.3627 	EXP 	bank: autoDraw = True
32.3627 	EXP 	pump: autoDraw = True
32.3627 	EXP 	earning: autoDraw = True
32.3627 	EXP 	earningpreviousBalloon: autoDraw = True
32.4783 	DATA 	Keypress: l
32.6078 	DATA 	Keypress: a
32.6234 	EXP 	Sound soundEffect started
32.6183 	EXP 	Sound soundEffect stopped
32.6192 	EXP 	New trial (rep=10, index=0): None
32.6334 	EXP 	balloon: autoDraw = False
32.6334 	EXP 	bank: autoDraw = False
32.6334 	EXP 	pump: autoDraw = False
32.6334 	EXP 	earning: autoDraw = False
32.6334 	EXP 	earningpreviousBalloon: autoDraw = False
32.6334 	EXP 	text: autoDraw = True
32.6334 	EXP 	text: autoDraw = False
32.6334 	EXP 	text: autoDraw = False
32.6334 	EXP 	balloon: autoDraw = True
32.6334 	EXP 	bank: autoDraw = True
32.6334 	EXP 	pump: autoDraw = True
32.6334 	EXP 	earning: autoDraw = True
32.6334 	EXP 	earningpreviousBalloon: autoDraw = True
32.7077 	DATA 	Keypress: l
32.8407 	DATA 	Keypress: a
32.8564 	EXP 	Sound soundEffect started
32.8481 	EXP 	Sound soundEffect stopped
32.8489 	EXP 	New trial (rep=11, index=0): None
32.8596 	EXP 	balloon: autoDraw = False
32.8596 	EXP 	bank: autoDraw = False
32.8596 	EXP 	pump: autoDraw = False
32.8596 	EXP 	earning: autoDraw = False
32.8596 	EXP 	earningpreviousBalloon: autoDraw = False
32.8596 	EXP 	text: autoDraw = True
32.8596 	EXP 	text: autoDraw = False
32.8596 	EXP 	text: autoDraw = False
32.8596 	EXP 	balloon: autoDraw = True
32.8596 	EXP 	bank: autoDraw = True
32.8596 	EXP 	pump: autoDraw = True
32.8596 	EXP 	earning: autoDraw = True
32.8596 	EXP 	earningpreviousBalloon: autoDraw = True
32.9238 	DATA 	Keypress: l
33.0575 	DATA 	Keypress: a
33.0730 	EXP 	Sound soundEffect started
33.0882 	EXP 	Sound soundEffect stopped
33.0889 	EXP 	New trial (rep=12, index=0): None
33.0997 	EXP 	balloon: autoDraw = False
33.0997 	EXP 	bank: autoDraw = False
33.0997 	EXP 	pump: autoDraw = False
33.0997 	EXP 	earning: autoDraw = False
33.0997 	EXP 	earningpreviousBalloon: autoDraw = False
33.0997 	EXP 	text: autoDraw = True
33.0997 	EXP 	text: autoDraw = False
33.0997 	EXP 	text: autoDraw = False
33.0997 	EXP 	balloon: autoDraw = True
33.0997 	EXP 	bank: autoDraw = True
33.0997 	EXP 	pump: autoDraw = True
33.0997 	EXP 	earning: autoDraw = True
33.0997 	EXP 	earningpreviousBalloon: autoDraw = True
33.1405 	DATA 	Keypress: l
33.2738 	DATA 	Keypress: a
33.2893 	EXP 	Sound soundEffect started
33.2885 	EXP 	Sound soundEffect stopped
33.2893 	EXP 	New trial (rep=13, index=0): None
33.2999 	EXP 	balloon: autoDraw = False
33.2999 	EXP 	bank: autoDraw = False
33.2999 	EXP 	pump: autoDraw = False
33.2999 	EXP 	earning: autoDraw = False
33.2999 	EXP 	earningpreviousBalloon: autoDraw = False
33.2999 	EXP 	text: autoDraw = True
33.2999 	EXP 	text: autoDraw = False
33.2999 	EXP 	text: autoDraw = False
33.2999 	EXP 	balloon: autoDraw = True
33.2999 	EXP 	bank: autoDraw = True
33.2999 	EXP 	pump: autoDraw = True
33.2999 	EXP 	earning: autoDraw = True
33.2999 	EXP 	earningpreviousBalloon: autoDraw = True
33.3572 	DATA 	Keypress: l
33.4736 	DATA 	Keypress: a
33.4893 	EXP 	Sound soundEffect started
33.4784 	EXP 	Sound soundEffect stopped
33.4791 	EXP 	New trial (rep=14, index=0): None
33.4905 	EXP 	balloon: autoDraw = False
33.4905 	EXP 	bank: autoDraw = False
33.4905 	EXP 	pump: autoDraw = False
33.4905 	EXP 	earning: autoDraw = False
33.4905 	EXP 	earningpreviousBalloon: autoDraw = False
33.4905 	EXP 	text: autoDraw = True
33.4905 	EXP 	text: autoDraw = False
33.4905 	EXP 	text: autoDraw = False
33.4905 	EXP 	balloon: autoDraw = True
33.4905 	EXP 	bank: autoDraw = True
33.4905 	EXP 	pump: autoDraw = True
33.4905 	EXP 	earning: autoDraw = True
33.4905 	EXP 	earningpreviousBalloon: autoDraw = True
33.5623 	DATA 	Keypress: l
33.6901 	DATA 	Keypress: a
33.7058 	EXP 	Sound soundEffect started
33.7078 	EXP 	Sound soundEffect stopped
33.7086 	EXP 	New trial (rep=15, index=0): None
33.7198 	EXP 	balloon: autoDraw = False
33.7198 	EXP 	bank: autoDraw = False
33.7198 	EXP 	pump: autoDraw = False
33.7198 	EXP 	earning: autoDraw = False
33.7198 	EXP 	earningpreviousBalloon: autoDraw = False
33.7198 	EXP 	text: autoDraw = True
33.7198 	EXP 	text: autoDraw = False
33.7198 	EXP 	text: autoDraw = False
33.7198 	EXP 	balloon: autoDraw = True
33.7198 	EXP 	bank: autoDraw = True
33.7198 	EXP 	pump: autoDraw = True
33.7198 	EXP 	earning: autoDraw = True
33.7198 	EXP 	earningpreviousBalloon: autoDraw = True
33.7912 	DATA 	Keypress: l
33.9231 	DATA 	Keypress: a
33.9387 	EXP 	Sound soundEffect started
33.9483 	EXP 	Sound soundEffect stopped
33.9491 	EXP 	New trial (rep=16, index=0): None
33.9613 	EXP 	balloon: autoDraw = False
33.9613 	EXP 	bank: autoDraw = False
33.9613 	EXP 	pump: autoDraw = False
33.9613 	EXP 	earning: autoDraw = False
33.9613 	EXP 	earningpreviousBalloon: autoDraw = False
33.9613 	EXP 	text: autoDraw = True
33.9613 	EXP 	text: autoDraw = False
33.9613 	EXP 	text: autoDraw = False
33.9613 	EXP 	balloon: autoDraw = True
33.9613 	EXP 	bank: autoDraw = True
33.9613 	EXP 	pump: autoDraw = True
33.9613 	EXP 	earning: autoDraw = True
33.9613 	EXP 	earningpreviousBalloon: autoDraw = True
34.0066 	DATA 	Keypress: l
34.1605 	DATA 	Keypress: a
34.1887 	EXP 	Sound soundEffect started
34.1785 	EXP 	Sound soundEffect stopped
34.1793 	EXP 	New trial (rep=17, index=0): None
34.1904 	EXP 	balloon: autoDraw = False
34.1904 	EXP 	bank: autoDraw = False
34.1904 	EXP 	pump: autoDraw = False
34.1904 	EXP 	earning: autoDraw = False
34.1904 	EXP 	earningpreviousBalloon: autoDraw = False
34.1904 	EXP 	text: autoDraw = True
34.1904 	EXP 	text: autoDraw = False
34.1904 	EXP 	text: autoDraw = False
34.1904 	EXP 	balloon: autoDraw = True
34.1904 	EXP 	bank: autoDraw = True
34.1904 	EXP 	pump: autoDraw = True
34.1904 	EXP 	earning: autoDraw = True
34.1904 	EXP 	earningpreviousBalloon: autoDraw = True
34.2563 	DATA 	Keypress: l
34.4228 	DATA 	Keypress: a
34.4385 	EXP 	Sound soundEffect started
34.4378 	EXP 	Sound soundEffect stopped
34.4386 	EXP 	New trial (rep=18, index=0): None
34.4490 	EXP 	balloon: autoDraw = False
34.4490 	EXP 	bank: autoDraw = False
34.4490 	EXP 	pump: autoDraw = False
34.4490 	EXP 	earning: autoDraw = False
34.4490 	EXP 	earningpreviousBalloon: autoDraw = False
34.4490 	EXP 	text: autoDraw = True
34.4490 	EXP 	text: autoDraw = False
34.4490 	EXP 	text: autoDraw = False
34.4490 	EXP 	balloon: autoDraw = True
34.4490 	EXP 	bank: autoDraw = True
34.4490 	EXP 	pump: autoDraw = True
34.4490 	EXP 	earning: autoDraw = True
34.4490 	EXP 	earningpreviousBalloon: autoDraw = True
34.4893 	DATA 	Keypress: l
34.6561 	DATA 	Keypress: a
34.6717 	EXP 	Sound soundEffect started
34.6780 	EXP 	Sound soundEffect stopped
34.6788 	EXP 	New trial (rep=19, index=0): None
34.6897 	EXP 	balloon: autoDraw = False
34.6897 	EXP 	bank: autoDraw = False
34.6897 	EXP 	pump: autoDraw = False
34.6897 	EXP 	earning: autoDraw = False
34.6897 	EXP 	earningpreviousBalloon: autoDraw = False
34.6897 	EXP 	text: autoDraw = True
34.6897 	EXP 	text: autoDraw = False
34.6897 	EXP 	text: autoDraw = False
34.6897 	EXP 	balloon: autoDraw = True
34.6897 	EXP 	bank: autoDraw = True
34.6897 	EXP 	pump: autoDraw = True
34.6897 	EXP 	earning: autoDraw = True
34.6897 	EXP 	earningpreviousBalloon: autoDraw = True
34.7726 	DATA 	Keypress: l
34.9431 	DATA 	Keypress: a
34.9714 	EXP 	Sound soundEffect started
34.9684 	EXP 	Sound soundEffect stopped
34.9692 	EXP 	New trial (rep=20, index=0): None
34.9805 	EXP 	balloon: autoDraw = False
34.9805 	EXP 	bank: autoDraw = False
34.9805 	EXP 	pump: autoDraw = False
34.9805 	EXP 	earning: autoDraw = False
34.9805 	EXP 	earningpreviousBalloon: autoDraw = False
34.9805 	EXP 	text: autoDraw = True
34.9805 	EXP 	text: autoDraw = False
34.9805 	EXP 	text: autoDraw = False
34.9805 	EXP 	balloon: autoDraw = True
34.9805 	EXP 	bank: autoDraw = True
34.9805 	EXP 	pump: autoDraw = True
34.9805 	EXP 	earning: autoDraw = True
34.9805 	EXP 	earningpreviousBalloon: autoDraw = True
35.0261 	DATA 	Keypress: l
35.1723 	DATA 	Keypress: a
35.1879 	EXP 	Sound soundEffect started
35.1780 	EXP 	Sound soundEffect stopped
35.1788 	EXP 	New trial (rep=21, index=0): None
35.1902 	EXP 	balloon: autoDraw = False
35.1902 	EXP 	bank: autoDraw = False
35.1902 	EXP 	pump: autoDraw = False
35.1902 	EXP 	earning: autoDraw = False
35.1902 	EXP 	earningpreviousBalloon: autoDraw = False
35.1902 	EXP 	text: autoDraw = True
35.1902 	EXP 	text: autoDraw = False
35.1902 	EXP 	text: autoDraw = False
35.1902 	EXP 	balloon: autoDraw = True
35.1902 	EXP 	bank: autoDraw = True
35.1902 	EXP 	pump: autoDraw = True
35.1902 	EXP 	earning: autoDraw = True
35.1902 	EXP 	earningpreviousBalloon: autoDraw = True
35.2555 	DATA 	Keypress: l
35.4220 	DATA 	Keypress: a
35.4376 	EXP 	Sound soundEffect started
35.4385 	EXP 	Sound soundEffect stopped
35.4392 	EXP 	New trial (rep=22, index=0): None
35.4514 	EXP 	balloon: autoDraw = False
35.4514 	EXP 	bank: autoDraw = False
35.4514 	EXP 	pump: autoDraw = False
35.4514 	EXP 	earning: autoDraw = False
35.4514 	EXP 	earningpreviousBalloon: autoDraw = False
35.4514 	EXP 	text: autoDraw = True
35.4514 	EXP 	text: autoDraw = False
35.4514 	EXP 	text: autoDraw = False
35.4514 	EXP 	balloon: autoDraw = True
35.4514 	EXP 	bank: autoDraw = True
35.4514 	EXP 	pump: autoDraw = True
35.4514 	EXP 	earning: autoDraw = True
35.4514 	EXP 	earningpreviousBalloon: autoDraw = True
35.5220 	DATA 	Keypress: l
35.6552 	DATA 	Keypress: a
35.6706 	EXP 	Sound soundEffect started
35.6686 	EXP 	Sound soundEffect stopped
35.6693 	EXP 	New trial (rep=23, index=0): None
35.6797 	EXP 	balloon: autoDraw = False
35.6797 	EXP 	bank: autoDraw = False
35.6797 	EXP 	pump: autoDraw = False
35.6797 	EXP 	earning: autoDraw = False
35.6797 	EXP 	earningpreviousBalloon: autoDraw = False
35.6797 	EXP 	text: autoDraw = True
35.6797 	EXP 	text: autoDraw = False
35.6797 	EXP 	text: autoDraw = False
35.6797 	EXP 	balloon: autoDraw = True
35.6797 	EXP 	bank: autoDraw = True
35.6797 	EXP 	pump: autoDraw = True
35.6797 	EXP 	earning: autoDraw = True
35.6797 	EXP 	earningpreviousBalloon: autoDraw = True
35.7552 	DATA 	Keypress: l
35.8884 	DATA 	Keypress: a
35.9040 	EXP 	Sound soundEffect started
35.9078 	EXP 	Sound soundEffect stopped
35.9086 	EXP 	New trial (rep=24, index=0): None
35.9223 	EXP 	balloon: autoDraw = False
35.9223 	EXP 	bank: autoDraw = False
35.9223 	EXP 	pump: autoDraw = False
35.9223 	EXP 	earning: autoDraw = False
35.9223 	EXP 	earningpreviousBalloon: autoDraw = False
35.9223 	EXP 	text: autoDraw = True
35.9223 	EXP 	text: autoDraw = False
35.9223 	EXP 	text: autoDraw = False
35.9223 	EXP 	balloon: autoDraw = True
35.9223 	EXP 	bank: autoDraw = True
35.9223 	EXP 	pump: autoDraw = True
35.9223 	EXP 	earning: autoDraw = True
35.9223 	EXP 	earningpreviousBalloon: autoDraw = True
35.9716 	DATA 	Keypress: l
36.1216 	DATA 	Keypress: a
36.1371 	EXP 	Sound soundEffect started
36.1382 	EXP 	Sound soundEffect stopped
36.1390 	EXP 	New trial (rep=25, index=0): None
36.1502 	EXP 	balloon: autoDraw = False
36.1502 	EXP 	bank: autoDraw = False
36.1502 	EXP 	pump: autoDraw = False
36.1502 	EXP 	earning: autoDraw = False
36.1502 	EXP 	earningpreviousBalloon: autoDraw = False
36.1502 	EXP 	text: autoDraw = True
36.1502 	EXP 	text: autoDraw = False
36.1502 	EXP 	text: autoDraw = False
36.1502 	EXP 	balloon: autoDraw = True
36.1502 	EXP 	bank: autoDraw = True
36.1502 	EXP 	pump: autoDraw = True
36.1502 	EXP 	earning: autoDraw = True
36.1502 	EXP 	earningpreviousBalloon: autoDraw = True
36.2046 	DATA 	Keypress: l
36.3584 	DATA 	Keypress: a
36.3867 	EXP 	Sound soundEffect started
36.3783 	EXP 	Sound soundEffect stopped
36.3791 	EXP 	New trial (rep=26, index=0): None
36.3900 	EXP 	balloon: autoDraw = False
36.3900 	EXP 	bank: autoDraw = False
36.3900 	EXP 	pump: autoDraw = False
36.3900 	EXP 	earning: autoDraw = False
36.3900 	EXP 	earningpreviousBalloon: autoDraw = False
36.3900 	EXP 	text: autoDraw = True
36.3900 	EXP 	text: autoDraw = False
36.3900 	EXP 	text: autoDraw = False
36.3900 	EXP 	balloon: autoDraw = True
36.3900 	EXP 	bank: autoDraw = True
36.3900 	EXP 	pump: autoDraw = True
36.3900 	EXP 	earning: autoDraw = True
36.3900 	EXP 	earningpreviousBalloon: autoDraw = True
36.4753 	DATA 	Keypress: l
36.6043 	DATA 	Keypress: a
36.6200 	EXP 	Sound soundEffect started
36.6077 	EXP 	Sound soundEffect stopped
36.6084 	EXP 	New trial (rep=27, index=0): None
36.6200 	EXP 	balloon: autoDraw = False
36.6200 	EXP 	bank: autoDraw = False
36.6200 	EXP 	pump: autoDraw = False
36.6200 	EXP 	earning: autoDraw = False
36.6200 	EXP 	earningpreviousBalloon: autoDraw = False
36.6200 	EXP 	text: autoDraw = True
36.6200 	EXP 	text: autoDraw = False
36.6200 	EXP 	text: autoDraw = False
36.6200 	EXP 	balloon: autoDraw = True
36.6200 	EXP 	bank: autoDraw = True
36.6200 	EXP 	pump: autoDraw = True
36.6200 	EXP 	earning: autoDraw = True
36.6200 	EXP 	earningpreviousBalloon: autoDraw = True
36.6876 	DATA 	Keypress: l
36.8251 	DATA 	Keypress: a
36.8532 	EXP 	Sound soundEffect started
36.8478 	EXP 	Sound soundEffect stopped
36.8486 	EXP 	New trial (rep=28, index=0): None
36.8619 	EXP 	balloon: autoDraw = False
36.8619 	EXP 	bank: autoDraw = False
36.8619 	EXP 	pump: autoDraw = False
36.8619 	EXP 	earning: autoDraw = False
36.8619 	EXP 	earningpreviousBalloon: autoDraw = False
36.8619 	EXP 	text: autoDraw = True
36.8619 	EXP 	text: autoDraw = False
36.8619 	EXP 	text: autoDraw = False
36.8619 	EXP 	balloon: autoDraw = True
36.8619 	EXP 	bank: autoDraw = True
36.8619 	EXP 	pump: autoDraw = True
36.8619 	EXP 	earning: autoDraw = True
36.8619 	EXP 	earningpreviousBalloon: autoDraw = True
36.9207 	DATA 	Keypress: l
37.0580 	DATA 	Keypress: a
37.0864 	EXP 	Sound soundEffect started
37.0780 	EXP 	Sound soundEffect stopped
37.0792 	EXP 	New trial (rep=29, index=0): None
37.0947 	EXP 	balloon: autoDraw = False
37.0947 	EXP 	bank: autoDraw = False
37.0947 	EXP 	pump: autoDraw = False
37.0947 	EXP 	earning: autoDraw = False
37.0947 	EXP 	earningpreviousBalloon: autoDraw = False
37.0947 	EXP 	text: autoDraw = True
37.0947 	EXP 	text: autoDraw = False
37.0947 	EXP 	text: autoDraw = False
37.0947 	EXP 	balloon: autoDraw = True
37.0947 	EXP 	bank: autoDraw = True
37.0947 	EXP 	pump: autoDraw = True
37.0947 	EXP 	earning: autoDraw = True
37.0947 	EXP 	earningpreviousBalloon: autoDraw = True
37.1420 	DATA 	Keypress: l
37.2711 	DATA 	Keypress: a
37.2860 	EXP 	Sound soundEffect started
37.2881 	EXP 	Sound soundEffect stopped
37.2889 	EXP 	New trial (rep=30, index=0): None
37.3014 	EXP 	balloon: autoDraw = False
37.3014 	EXP 	bank: autoDraw = False
37.3014 	EXP 	pump: autoDraw = False
37.3014 	EXP 	earning: autoDraw = False
37.3014 	EXP 	earningpreviousBalloon: autoDraw = False
37.3014 	EXP 	text: autoDraw = True
37.3014 	EXP 	text: autoDraw = False
37.3014 	EXP 	text: autoDraw = False
37.3014 	EXP 	balloon: autoDraw = True
37.3014 	EXP 	bank: autoDraw = True
37.3014 	EXP 	pump: autoDraw = True
37.3014 	EXP 	earning: autoDraw = True
37.3014 	EXP 	earningpreviousBalloon: autoDraw = True
37.3754 	DATA 	Keypress: l
37.5201 	DATA 	Keypress: a
37.5359 	EXP 	Sound soundEffect started
37.5282 	EXP 	Sound soundEffect stopped
37.5289 	EXP 	New trial (rep=31, index=0): None
37.5398 	EXP 	balloon: autoDraw = False
37.5398 	EXP 	bank: autoDraw = False
37.5398 	EXP 	pump: autoDraw = False
37.5398 	EXP 	earning: autoDraw = False
37.5398 	EXP 	earningpreviousBalloon: autoDraw = False
37.5398 	EXP 	text: autoDraw = True
37.5398 	EXP 	text: autoDraw = False
37.5398 	EXP 	text: autoDraw = False
37.5398 	EXP 	balloon: autoDraw = True
37.5398 	EXP 	bank: autoDraw = True
37.5398 	EXP 	pump: autoDraw = True
37.5398 	EXP 	earning: autoDraw = True
37.5398 	EXP 	earningpreviousBalloon: autoDraw = True
37.6201 	DATA 	Keypress: l
37.7370 	DATA 	Keypress: a
37.7526 	EXP 	Sound soundEffect started
37.7581 	EXP 	Sound soundEffect stopped
37.7681 	EXP 	balloon: autoDraw = False
37.7681 	EXP 	bank: autoDraw = False
37.7681 	EXP 	pump: autoDraw = False
37.7681 	EXP 	earning: autoDraw = False
37.7681 	EXP 	earningpreviousBalloon: autoDraw = False
37.7681 	EXP 	text: autoDraw = True
37.7681 	EXP 	text: autoDraw = False
37.7681 	EXP 	text: autoDraw = False
37.7681 	EXP 	feedbackFinal: height = 0.05
37.7681 	EXP 	feedbackFinal: height = 0.05
37.7681 	EXP 	feedbackFinal: height = 0.05
37.7681 	EXP 	feedbackFinal: text = 'Total earned: 6.1'
37.7681 	EXP 	feedbackFinal: autoDraw = True
37.8378 	DATA 	Keypress: l
37.9877 	DATA 	Keypress: a
38.0712 	DATA 	Keypress: l
42.7815 	EXP 	feedbackFinal: autoDraw = False
42.7816 	EXP 	bart: status = STOPPED
43.3727 	EXP 	window1: mouseVisible = True
