7.2823 	WARNING 	User requested fullscreen with size [1280  720], but screen is actually [1920, 1080]. Using actual size
8.8774 	EXP 	Created window1 = Window(allowGUI=True, allowStencil=False, autoLog=True, backendConf=UNKNOWN, backgroundFit=<method-wrapper '__getattribute__' of attributeSetter object at 0x000001A354F85C70>, backgroundImage=<method-wrapper '__getattribute__' of attributeSetter object at 0x000001A354F85C10>, bitsMode=UNKNOWN, blendMode='avg', bpc=(8, 8, 8), color=array([0, 0, 0]), colorSpace='rgb', depthBits=8, fullscr=<method-wrapper '__getattribute__' of attributeSetter object at 0x000001A354F85A60>, gamma=None, gammaErrorPolicy='raise', lms=UNKNOWN, monitor=<psychopy.monitors.calibTools.Monitor object at 0x000001A3551544F0>, multiSample=False, name='window1', numSamples=2, pos=(0, 0), screen=0, size=array([1920, 1080]), stencilBits=0, stereo=False, title='PsychoPy', units='deg', useFBO=True, useRetina=False, viewOri=0.0, viewPos=None, viewScale=None, waitBlanking=True, winType='pyglet')
8.8776 	EXP 	window1: mouseVisible = True
8.8776 	EXP 	window1: backgroundImage = ''
8.8777 	EXP 	window1: backgroundFit = 'none'
8.8818 	EXP 	window1: Attempting to measure frame rate of screen (0) ...
8.8818 	EXP 	window1: recordFrameIntervals = False
9.0433 	EXP 	window1: recordFrameIntervals = True
9.2272 	EXP 	Screen (0) actual frame rate measured at 59.87Hz
9.2273 	EXP 	window1: recordFrameIntervals = False
9.2273 	EXP 	window1: mouseVisible = True
11.8760 	EXP 	bart: status = STARTED
11.8763 	EXP 	window1: mouseVisible = True
11.8798 	EXP 	Created balloon = ShapeStim(__class__=<class 'psychopy.visual.shape.ShapeStim'>, anchor=('center', 'bottom'), autoDraw=False, autoLog=True, closeShape=True, color=method-wrapper(...), colorSpace='rgb', contrast=None, depth=0.0, draggable=False, fillColor=array([-1., -1.,  1.]), fillColorSpace='rgb', fillRGB=array([-1., -1.,  1.]), interpolate=True, lineColor=array([0., 0., 0.]), lineColorSpace='rgb', lineRGB=array([0., 0., 0.]), lineWidth=1.0, name='balloon', opacity=1.0, ori=0.0, pos=array([ 0. , -0.9]), size=array([0.1, 0.1]), units='norm', vertices=ndarray(...), win=Window(...), windingRule=None)
11.8800 	EXP 	window1: mouseVisible = True
11.9457 	EXP 	Created pump = TextStim(__class__=<class 'psychopy.visual.text.TextStim'>, alignHoriz=method-wrapper(...), alignText='center', alignVert=method-wrapper(...), anchorHoriz='center', anchorVert='center', antialias=True, autoDraw=False, autoLog=True, bold=False, color=array([1., 1., 1.]), colorSpace='rgb', contrast=1.0, depth=-1.0, draggable=False, flipHoriz=False, flipVert=False, font='Open Sans', fontFiles=[], height=0.1, italic=False, languageStyle='LTR', name='pump', opacity=1.0, ori=0.0, pos=array([ 0.9, -0.9]), rgb=UNKNOWN, text='PUMP', units='norm', win=Window(...), wrapWidth=1)
11.9458 	EXP 	window1: mouseVisible = True
11.9529 	EXP 	Created bank = TextStim(__class__=<class 'psychopy.visual.text.TextStim'>, alignHoriz=method-wrapper(...), alignText='center', alignVert=method-wrapper(...), anchorHoriz='center', anchorVert='center', antialias=True, autoDraw=False, autoLog=True, bold=False, color=array([1., 1., 1.]), colorSpace='rgb', contrast=1.0, depth=-2.0, draggable=False, flipHoriz=False, flipVert=False, font='Open Sans', fontFiles=[], height=0.1, italic=False, languageStyle='LTR', name='bank', opacity=1.0, ori=0.0, pos=array([-0.9, -0.9]), rgb=UNKNOWN, text='BANK', units='norm', win=Window(...), wrapWidth=1)
11.9530 	EXP 	window1: mouseVisible = True
0.0093 	EXP 	balloon: autoDraw = True
0.0093 	EXP 	pump: autoDraw = True
0.0093 	EXP 	bank: autoDraw = True
9.1168 	DATA 	Mouse: Left button down, pos=(1505,390)
9.2006 	DATA 	Mouse:  Left button up, pos=(1505,390)
9.3842 	DATA 	Mouse: Left button down, pos=(1233,431)
9.4677 	DATA 	Mouse:  Left button up, pos=(1233,431)
9.7381 	DATA 	Mouse: Left button down, pos=(1044,122)
9.8018 	DATA 	Mouse:  Left button up, pos=(1044,119)
9.9518 	DATA 	Mouse: Left button down, pos=(969,82)
10.0526 	DATA 	Mouse:  Left button up, pos=(969,82)
10.3025 	DATA 	Mouse: Left button down, pos=(687,183)
10.3866 	DATA 	Mouse:  Left button up, pos=(687,184)
10.5056 	DATA 	Mouse: Left button down, pos=(681,194)
10.6032 	DATA 	Mouse:  Left button up, pos=(681,194)
11.4051 	DATA 	Mouse: Left button down, pos=(225,51)
11.4885 	DATA 	Mouse:  Left button up, pos=(225,51)
12.3904 	DATA 	Mouse: Left button down, pos=(1688,59)
12.4907 	DATA 	Mouse:  Left button up, pos=(1688,59)
13.0421 	DATA 	Mouse: Left button down, pos=(1806,59)
13.0580 	EXP 	balloon: autoDraw = False
13.0580 	EXP 	pump: autoDraw = False
13.0580 	EXP 	bank: autoDraw = False
13.0580 	EXP 	bart: status = STOPPED
13.1513 	DATA 	Mouse:  Left button up, pos=(1806,59)
13.2541 	EXP 	window1: mouseVisible = True
